#
# There is insufficient memory for the Java Runtime Environment to continue.
# Native memory allocation (mmap) failed to map 65011712 bytes for G1 virtual space
# Possible reasons:
#   The system is out of physical RAM or swap space
#   The process is running with CompressedOops enabled, and the Java Heap may be blocking the growth of the native heap
# Possible solutions:
#   Reduce memory load on the system
#   Increase physical memory or swap space
#   Check if swap backing store is full
#   Decrease Java heap size (-Xmx/-Xms)
#   Decrease number of Java threads
#   Decrease Java thread stack sizes (-Xss)
#   Set larger code cache with -XX:ReservedCodeCacheSize=
#   JVM is running with Unscaled Compressed Oops mode in which the Java heap is
#     placed in the first 4GB address space. The Java Heap base address is the
#     maximum limit for the native heap growth. Please use -XX:HeapBaseMinAddress
#     to set the Java Heap base and to place the Java Heap above 4GB virtual address.
# This output file may be truncated or incomplete.
#
#  Out of Memory Error (os_windows.cpp:3600), pid=18076, tid=7556
#
# JRE version:  (21.0.1+12) (build )
# Java VM: Java HotSpot(TM) 64-Bit Server VM (21.0.1+12-LTS-29, mixed mode, sharing, tiered, compressed oops, compressed class ptrs, g1 gc, windows-amd64)
# No core dump will be written. Minidumps are not enabled by default on client versions of Windows
#

---------------  S U M M A R Y ------------

Command Line: -Dnet.bytebuddy.agent.attacher.dump= net.bytebuddy.agent.Attacher com.sun.tools.attach.VirtualMachine 17848 C:\Users\USER\.m2\repository\net\bytebuddy\byte-buddy-agent\1.15.11\byte-buddy-agent-1.15.11.jar false 

Host: Intel(R) Core(TM) i3-1005G1 CPU @ 1.20GHz, 4 cores, 3G,  Windows 11 , 64 bit Build 26100 (10.0.26100.3037)
Time: Sat Feb  8 16:08:36 2025 Hora oficial do Brasil elapsed time: 0.148581 seconds (0d 0h 0m 0s)

---------------  T H R E A D  ---------------

Current thread (0x000001e6d39b2790):  JavaThread "Unknown thread" [_thread_in_vm, id=7556, stack(0x00000055b6200000,0x00000055b6300000) (1024K)]

Stack: [0x00000055b6200000,0x00000055b6300000]
Native frames: (J=compiled Java code, j=interpreted, Vv=VM code, C=native code)
V  [jvm.dll+0x6c9029]
V  [jvm.dll+0x854b81]
V  [jvm.dll+0x856e5e]
V  [jvm.dll+0x857543]
V  [jvm.dll+0x280c06]
V  [jvm.dll+0x6c5715]
V  [jvm.dll+0x6ba10a]
V  [jvm.dll+0x3557ea]
V  [jvm.dll+0x35d436]
V  [jvm.dll+0x3ae1be]
V  [jvm.dll+0x3ae468]
V  [jvm.dll+0x3291fc]
V  [jvm.dll+0x329d8b]
V  [jvm.dll+0x81d179]
V  [jvm.dll+0x3bb4f1]
V  [jvm.dll+0x805ae8]
V  [jvm.dll+0x44effe]
V  [jvm.dll+0x450901]
C  [jli.dll+0x52a3]
C  [ucrtbase.dll+0x37b0]
C  [KERNEL32.DLL+0x2e8d7]
C  [ntdll.dll+0xbbf2c]


---------------  P R O C E S S  ---------------

Threads class SMR info:
_java_thread_list=0x00007ff872189b88, length=0, elements={
}

Java Threads: ( => current thread )
Total: 0

Other Threads:
  0x000001e6d5c4c130 WorkerThread "GC Thread#0"                     [id=6236, stack(0x00000055b6300000,0x00000055b6400000) (1024K)]
  0x000001e6d5c63a20 ConcurrentGCThread "G1 Main Marker"            [id=6160, stack(0x00000055b6400000,0x00000055b6500000) (1024K)]
  0x000001e6d5c654d0 WorkerThread "G1 Conc#0"                       [id=3552, stack(0x00000055b6500000,0x00000055b6600000) (1024K)]

[error occurred during error reporting (printing all threads), id 0xc0000005, EXCEPTION_ACCESS_VIOLATION (0xc0000005) at pc=0x00007ff8718fc2c7]
VM state: not at safepoint (not fully initialized)

VM Mutex/Monitor currently owned by a thread:  ([mutex/lock_event])
[0x00007ff8721fa6f8] Heap_lock - owner thread: 0x000001e6d39b2790

Heap address: 0x00000000c3a00000, size: 966 MB, Compressed Oops mode: 32-bit

CDS archive(s) mapped at: [0x0000000000000000-0x0000000000000000-0x0000000000000000), size 0, SharedBaseAddress: 0x0000000800000000, ArchiveRelocationMode: 1.
Narrow klass base: 0x0000000000000000, Narrow klass shift: 0, Narrow klass range: 0x0

GC Precious Log:
 CardTable entry size: 512
 Card Set container configuration: InlinePtr #cards 5 size 8 Array Of Cards #cards 12 size 40 Howl #buckets 4 coarsen threshold 1843 Howl Bitmap #cards 512 size 80 coarsen threshold 460 Card regions per heap region 1 cards per card region 2048

Heap:
 garbage-first heap   total 0K, used 0K [0x00000000c3a00000, 0x0000000100000000)
  region size 1024K, 0 young (0K), 0 survivors (0K)

[error occurred during error reporting (printing heap information), id 0xc0000005, EXCEPTION_ACCESS_VIOLATION (0xc0000005) at pc=0x00007ff871ce1be9]
GC Heap History (0 events):
No events

Dll operation events (1 events):
Event: 0.039 Loaded shared library C:\Program Files\Java\jdk-21\bin\java.dll

Deoptimization events (0 events):
No events

Classes loaded (0 events):
No events

Classes unloaded (0 events):
No events

Classes redefined (0 events):
No events

Internal exceptions (0 events):
No events

ZGC Phase Switch (0 events):
No events

VM Operations (0 events):
No events

Events (0 events):
No events


Dynamic libraries:
0x00007ff714710000 - 0x00007ff714720000 	C:\Program Files\Java\jdk-21\bin\java.exe
0x00007ff8bade0000 - 0x00007ff8bb043000 	C:\WINDOWS\SYSTEM32\ntdll.dll
0x00007ff8ba140000 - 0x00007ff8ba207000 	C:\WINDOWS\System32\KERNEL32.DLL
0x00007ff8b8850000 - 0x00007ff8b8c17000 	C:\WINDOWS\System32\KERNELBASE.dll
0x00007ff8b8700000 - 0x00007ff8b884c000 	C:\WINDOWS\System32\ucrtbase.dll
0x00007ff8aabf0000 - 0x00007ff8aac0b000 	C:\Program Files\Java\jdk-21\bin\VCRUNTIME140.dll
0x00007ff8b2d30000 - 0x00007ff8b2d49000 	C:\Program Files\Java\jdk-21\bin\jli.dll
0x00007ff8b95b0000 - 0x00007ff8b9664000 	C:\WINDOWS\System32\ADVAPI32.dll
0x00007ff8b9840000 - 0x00007ff8b98e9000 	C:\WINDOWS\System32\msvcrt.dll
0x00007ff8b96c0000 - 0x00007ff8b9766000 	C:\WINDOWS\System32\sechost.dll
0x00007ff8b9e90000 - 0x00007ff8b9fa6000 	C:\WINDOWS\System32\RPCRT4.dll
0x00007ff8ba740000 - 0x00007ff8ba909000 	C:\WINDOWS\System32\USER32.dll
0x00007ff8a5160000 - 0x00007ff8a53f0000 	C:\WINDOWS\WinSxS\amd64_microsoft.windows.common-controls_6595b64144ccf1df_6.0.26100.3037_none_3e09262ce333c378\COMCTL32.dll
0x00007ff8b84f0000 - 0x00007ff8b8517000 	C:\WINDOWS\System32\win32u.dll
0x00007ff8ba110000 - 0x00007ff8ba13a000 	C:\WINDOWS\System32\GDI32.dll
0x00007ff8b85d0000 - 0x00007ff8b86fb000 	C:\WINDOWS\System32\gdi32full.dll
0x00007ff8b8520000 - 0x00007ff8b85c3000 	C:\WINDOWS\System32\msvcp_win.dll
0x00007ff8b0d90000 - 0x00007ff8b0d9b000 	C:\WINDOWS\SYSTEM32\VERSION.dll
0x00007ff8b9670000 - 0x00007ff8b969f000 	C:\WINDOWS\System32\IMM32.DLL
0x00007ff8aabe0000 - 0x00007ff8aabec000 	C:\Program Files\Java\jdk-21\bin\vcruntime140_1.dll
0x00007ff890ad0000 - 0x00007ff890b5e000 	C:\Program Files\Java\jdk-21\bin\msvcp140.dll
0x00007ff8715c0000 - 0x00007ff8722d5000 	C:\Program Files\Java\jdk-21\bin\server\jvm.dll
0x00007ff8b98f0000 - 0x00007ff8b9964000 	C:\WINDOWS\System32\WS2_32.dll
0x00007ff8b8010000 - 0x00007ff8b805e000 	C:\WINDOWS\SYSTEM32\POWRPROF.dll
0x00007ff89f0c0000 - 0x00007ff89f0f6000 	C:\WINDOWS\SYSTEM32\WINMM.dll
0x00007ff8b7ff0000 - 0x00007ff8b8004000 	C:\WINDOWS\SYSTEM32\UMPDC.dll
0x00007ff8b6f90000 - 0x00007ff8b6faa000 	C:\WINDOWS\SYSTEM32\kernel.appcore.dll
0x00007ff8aa980000 - 0x00007ff8aa98a000 	C:\Program Files\Java\jdk-21\bin\jimage.dll
0x00007ff8b5920000 - 0x00007ff8b5b61000 	C:\WINDOWS\SYSTEM32\DBGHELP.DLL
0x00007ff8ba990000 - 0x00007ff8bad0e000 	C:\WINDOWS\System32\combase.dll
0x00007ff8ba210000 - 0x00007ff8ba2e6000 	C:\WINDOWS\System32\OLEAUT32.dll
0x00007ff89efd0000 - 0x00007ff89f009000 	C:\WINDOWS\SYSTEM32\dbgcore.DLL
0x00007ff8b8450000 - 0x00007ff8b84e9000 	C:\WINDOWS\System32\bcryptPrimitives.dll
0x00007ff8a9020000 - 0x00007ff8a903f000 	C:\Program Files\Java\jdk-21\bin\java.dll

dbghelp: loaded successfully - version: 4.0.5 - missing functions: none
symbol engine: initialized successfully - sym options: 0x614 - pdb path: .;C:\Program Files\Java\jdk-21\bin;C:\WINDOWS\SYSTEM32;C:\WINDOWS\WinSxS\amd64_microsoft.windows.common-controls_6595b64144ccf1df_6.0.26100.3037_none_3e09262ce333c378;C:\Program Files\Java\jdk-21\bin\server

VM Arguments:
jvm_args: -Dnet.bytebuddy.agent.attacher.dump= 
java_command: net.bytebuddy.agent.Attacher com.sun.tools.attach.VirtualMachine 17848 C:\Users\USER\.m2\repository\net\bytebuddy\byte-buddy-agent\1.15.11\byte-buddy-agent-1.15.11.jar false 
java_class_path (initial): C:\Users\USER\.m2\repository\net\bytebuddy\byte-buddy-agent\1.15.11\byte-buddy-agent-1.15.11.jar
Launcher Type: SUN_STANDARD

[Global flags]
     intx CICompilerCount                          = 3                                         {product} {ergonomic}
     uint ConcGCThreads                            = 1                                         {product} {ergonomic}
     uint G1ConcRefinementThreads                  = 4                                         {product} {ergonomic}
   size_t G1HeapRegionSize                         = 1048576                                   {product} {ergonomic}
    uintx GCDrainStackTargetSize                   = 64                                        {product} {ergonomic}
   size_t InitialHeapSize                          = 65011712                                  {product} {ergonomic}
   size_t MarkStackSize                            = 4194304                                   {product} {ergonomic}
   size_t MaxHeapSize                              = 1012924416                                {product} {ergonomic}
   size_t MinHeapDeltaBytes                        = 1048576                                   {product} {ergonomic}
   size_t MinHeapSize                              = 8388608                                   {product} {ergonomic}
    uintx NonNMethodCodeHeapSize                   = 5832780                                {pd product} {ergonomic}
    uintx NonProfiledCodeHeapSize                  = 122912730                              {pd product} {ergonomic}
    uintx ProfiledCodeHeapSize                     = 122912730                              {pd product} {ergonomic}
    uintx ReservedCodeCacheSize                    = 251658240                              {pd product} {ergonomic}
     bool SegmentedCodeCache                       = true                                      {product} {ergonomic}
   size_t SoftMaxHeapSize                          = 1012924416                             {manageable} {ergonomic}
     bool UseCompressedOops                        = true                           {product lp64_product} {ergonomic}
     bool UseG1GC                                  = true                                      {product} {ergonomic}
     bool UseLargePagesIndividualAllocation        = false                                  {pd product} {ergonomic}

Logging:
Log output configuration:
 #0: stdout all=warning uptime,level,tags foldmultilines=false
 #1: stderr all=off uptime,level,tags foldmultilines=false

Environment Variables:
JAVA_HOME=C:\Program Files\Java\jdk-21
PATH=C:\Program Files\glzr.io\GlazeWM\/cli;C:\Program Files\Common Files\Oracle\Java\javapath;C:\WINDOWS\system32;C:\WINDOWS;C:\WINDOWS\System32\Wbem;C:\WINDOWS\System32\WindowsPowerShell\v1.0\;C:\WINDOWS\System32\OpenSSH\;C:\MinGW\bin;C:\Program Files\Java\jdk-17\bin;C:\Users\USER\AppData\Roaming\nvm;C:\Program Files\nodejs;C:\Program Files\dotnet\;C:\Program Files\MongoDB\mongosh-2.0.2-win32-x64\bin;C:\Users\USER\Downloads\apache-maven-3.8.8-bin.zip\apache-maven-3.8.8\bin;C:\Program Files\Docker\Docker\resources\bin;C:\Program Files\Git\cmd;C:\Program Files\komorebi\bin\;C:\Program Files\whkd\bin\;C:\Program Files\glzr.io\Zebar\;C:\Program Files\nodejs\;C:\Program Files\PowerShell\7\;c:\Users\USER\AppData\Local\Programs\cursor\resources\app\bin;C:\ProgramData\chocolatey\bin;C:\ProgramData\chocolatey\lib\maven\apache-maven-3.9.9\bin;;%SystemRoot%\system32;%SystemRoot%;%SystemRoot%\System32\Wbem;%SYSTEMROOT%\System32\WindowsPowerShell\v1.0\;%SYSTEMROOT%\System32\OpenSSH\;C:\Users\USER\AppData\Local\Programs\oh-my-posh\bin\;C:\Program Files\Java\jdk-21\bin;C:\Program Files\glzr.io\GlazeWM\/cli;C:\Program Files\Common Files\Oracle\Java\javapath;C:\WINDOWS\system32;C:\WINDOWS;C:\WINDOWS\System32\Wbem;C:\WINDOWS\System32\WindowsPowerShell\v1.0\;C:\WINDOWS\System32\OpenSSH\;C:\MinGW\bin;C:\Program Files\Java\jdk-17\bin;C:\Users\USER\AppData\Roaming\nvm;C:\Program Files\nodejs;C:\Program Files\dotnet\;C:\Program Files\MongoDB\mongosh-2.0.2-win32-x64\bin;C:\Users\USER\Downloads\apache-maven-3.8.8-bin.zip\apache-maven-3.8.8\bin;C:\Program Files\Docker\Docker\resources\bin;C:\Program Files\Git\cmd;C:\Program Files\komorebi\bin\;C:\Program Files\whkd\bin\;C:\Program Files\glzr.io\Zebar\;C:\Program Files\nodejs\;C:\Program Files\PowerShell\7\;c:\Users\USER\AppData\Local\Programs\cursor\resources\app\bin;C:\ProgramData\chocolatey\bin;C:\ProgramData\chocolatey\lib\maven\apache-maven-3.9.9\bin;;%SystemRoot%\system32;%SystemRoot%;%SystemRoot%\System32\Wbem;%SYSTEMROOT%\System32\WindowsPowerShell\v1.0\;%SYSTEMROOT%\System32\OpenSSH\;C:\Users\USER\hyper\resources\bin;C:\Users\USER\AppData\Local\Microsoft\WindowsApps;C:\Users\USER\AppData\Local\Programs\VS Code\bin
USERNAME=USER
OS=Windows_NT
PROCESSOR_IDENTIFIER=Intel64 Family 6 Model 126 Stepping 5, GenuineIntel
TMP=C:\Users\USER\AppData\Local\Temp
TEMP=C:\Users\USER\AppData\Local\Temp




Periodic native trim disabled

---------------  S Y S T E M  ---------------

OS:
 Windows 11 , 64 bit Build 26100 (10.0.26100.3037)
OS uptime: 1 days 21:03 hours
Hyper-V role detected

CPU: total 4 (initial active 4) (2 cores per cpu, 2 threads per core) family 6 model 126 stepping 5 microcode 0xc6, cx8, cmov, fxsr, ht, mmx, 3dnowpref, sse, sse2, sse3, ssse3, sse4.1, sse4.2, popcnt, lzcnt, tsc, tscinvbit, avx, avx2, aes, erms, clmul, bmi1, bmi2, adx, avx512f, avx512dq, avx512cd, avx512bw, avx512vl, sha, fma, vzeroupper, avx512_vpopcntdq, avx512_vpclmulqdq, avx512_vaes, avx512_vnni, clflush, clflushopt, avx512_vbmi2, avx512_vbmi, hv, rdtscp, rdpid, fsrm, gfni, avx512_bitalg, f16c, avx512_ifma
Processor Information for all 4 processors :
  Max Mhz: 1190, Current Mhz: 1190, Mhz Limit: 1190

Memory: 4k page, system-wide physical 3862M (277M free)
TotalPageFile size 15638M (AvailPageFile size 9M)
current process WorkingSet (physical memory assigned to process): 12M, peak: 12M
current process commit charge ("private bytes"): 51M, peak: 113M

vm_info: Java HotSpot(TM) 64-Bit Server VM (21.0.1+12-LTS-29) for windows-amd64 JRE (21.0.1+12-LTS-29), built on 2023-10-05T13:27:09Z by "mach5one" with MS VC++ 17.1 (VS2022)

END.
