#
# There is insufficient memory for the Java Runtime Environment to continue.
# Native memory allocation (mmap) failed to map 266338304 bytes for G1 virtual space
# Possible reasons:
#   The system is out of physical RAM or swap space
#   The process is running with CompressedOops enabled, and the Java Heap may be blocking the growth of the native heap
# Possible solutions:
#   Reduce memory load on the system
#   Increase physical memory or swap space
#   Check if swap backing store is full
#   Decrease Java heap size (-Xmx/-Xms)
#   Decrease number of Java threads
#   Decrease Java thread stack sizes (-Xss)
#   Set larger code cache with -XX:ReservedCodeCacheSize=
#   JVM is running with Unscaled Compressed Oops mode in which the Java heap is
#     placed in the first 4GB address space. The Java Heap base address is the
#     maximum limit for the native heap growth. Please use -XX:HeapBaseMinAddress
#     to set the Java Heap base and to place the Java Heap above 4GB virtual address.
# This output file may be truncated or incomplete.
#
#  Out of Memory Error (os_windows.cpp:3600), pid=4984, tid=7512
#
# JRE version: Java(TM) SE Runtime Environment (21.0.1+12) (build 21.0.1+12-LTS-29)
# Java VM: Java HotSpot(TM) 64-Bit Server VM (21.0.1+12-LTS-29, mixed mode, sharing, tiered, compressed oops, compressed class ptrs, g1 gc, windows-amd64)
# No core dump will be written. Minidumps are not enabled by default on client versions of Windows
#

---------------  S U M M A R Y ------------

Command Line: -ea -Didea.test.cyclic.buffer.size=1048576 -javaagent:C:\Program Files\JetBrains\IntelliJ IDEA Community Edition 2024.3.1.1\lib\idea_rt.jar=58407:C:\Program Files\JetBrains\IntelliJ IDEA Community Edition 2024.3.1.1\bin -javaagent:C:\Users\USER\AppData\Local\JetBrains\IdeaIC2024.3\captureAgent\debugger-agent.jar -Dkotlinx.coroutines.debug.enable.creation.stack.trace=false -Ddebugger.agent.enable.coroutines=true -Dkotlinx.coroutines.debug.enable.flows.stack.trace=true -Dkotlinx.coroutines.debug.enable.mutable.state.flows.stack.trace=true -Dfile.encoding=UTF-8 -Dsun.stdout.encoding=UTF-8 -Dsun.stderr.encoding=UTF-8 com.intellij.rt.junit.JUnitStarter -ideVersion5 -junit5 com.application.API_E_commerce.application.services.ProductServiceIntegrationTest$ProductCategory,shouldRemoveProductFromCategoryWhenProductAndCategoryExist

Host: Intel(R) Core(TM) i3-1005G1 CPU @ 1.20GHz, 4 cores, 3G,  Windows 11 , 64 bit Build 26100 (10.0.26100.3037)
Time: Sat Feb  8 16:16:24 2025 Hora oficial do Brasil elapsed time: 15.260829 seconds (0d 0h 0m 15s)

---------------  T H R E A D  ---------------

Current thread (0x0000019dff7066d0):  VMThread "VM Thread"          [id=7512, stack(0x0000006c30300000,0x0000006c30400000) (1024K)]

Stack: [0x0000006c30300000,0x0000006c30400000]
Native frames: (J=compiled Java code, j=interpreted, Vv=VM code, C=native code)
V  [jvm.dll+0x6c9029]
V  [jvm.dll+0x854b81]
V  [jvm.dll+0x856e5e]
V  [jvm.dll+0x857543]
V  [jvm.dll+0x280c06]
V  [jvm.dll+0x6c5715]
V  [jvm.dll+0x6ba10a]
V  [jvm.dll+0x3557ea]
V  [jvm.dll+0x35d436]
V  [jvm.dll+0x3ae1be]
V  [jvm.dll+0x3ae468]
V  [jvm.dll+0x3291fc]
V  [jvm.dll+0x329287]
V  [jvm.dll+0x36db3c]
V  [jvm.dll+0x36c33d]
V  [jvm.dll+0x328971]
V  [jvm.dll+0x36ba4a]
V  [jvm.dll+0x85d048]
V  [jvm.dll+0x85e144]
V  [jvm.dll+0x85e680]
V  [jvm.dll+0x85e923]
V  [jvm.dll+0x7fd728]
V  [jvm.dll+0x6c777d]
C  [ucrtbase.dll+0x37b0]
C  [KERNEL32.DLL+0x2e8d7]
C  [ntdll.dll+0xbbf2c]

VM_Operation (0x0000006c2fcf74e0): G1CollectForAllocation, mode: safepoint, requested by thread 0x0000019df39a5140


---------------  P R O C E S S  ---------------

Threads class SMR info:
_java_thread_list=0x0000019ddac8b7f0, length=13, elements={
0x0000019df39a5140, 0x0000019dff72a460, 0x0000019dff72b0c0, 0x0000019dff72dfc0,
0x0000019dff72edb0, 0x0000019dff72fb70, 0x0000019dff7335f0, 0x0000019dff73a3f0,
0x0000019dff736060, 0x0000019dff9613f0, 0x0000019dffb230f0, 0x0000019dffc78aa0,
0x0000019dd9aa08f0
}

Java Threads: ( => current thread )
  0x0000019df39a5140 JavaThread "main"                              [_thread_blocked, id=9276, stack(0x0000006c2fc00000,0x0000006c2fd00000) (1024K)]
  0x0000019dff72a460 JavaThread "Reference Handler"          daemon [_thread_blocked, id=16356, stack(0x0000006c30400000,0x0000006c30500000) (1024K)]
  0x0000019dff72b0c0 JavaThread "Finalizer"                  daemon [_thread_blocked, id=16848, stack(0x0000006c30500000,0x0000006c30600000) (1024K)]
  0x0000019dff72dfc0 JavaThread "Signal Dispatcher"          daemon [_thread_blocked, id=1104, stack(0x0000006c30600000,0x0000006c30700000) (1024K)]
  0x0000019dff72edb0 JavaThread "Attach Listener"            daemon [_thread_blocked, id=17460, stack(0x0000006c30700000,0x0000006c30800000) (1024K)]
  0x0000019dff72fb70 JavaThread "Service Thread"             daemon [_thread_blocked, id=2648, stack(0x0000006c30800000,0x0000006c30900000) (1024K)]
  0x0000019dff7335f0 JavaThread "Monitor Deflation Thread"   daemon [_thread_blocked, id=9840, stack(0x0000006c30900000,0x0000006c30a00000) (1024K)]
  0x0000019dff73a3f0 JavaThread "C2 CompilerThread0"         daemon [_thread_blocked, id=10476, stack(0x0000006c30a00000,0x0000006c30b00000) (1024K)]
  0x0000019dff736060 JavaThread "C1 CompilerThread0"         daemon [_thread_blocked, id=13792, stack(0x0000006c30b00000,0x0000006c30c00000) (1024K)]
  0x0000019dff9613f0 JavaThread "Common-Cleaner"             daemon [_thread_blocked, id=5652, stack(0x0000006c30c00000,0x0000006c30d00000) (1024K)]
  0x0000019dffb230f0 JavaThread "Monitor Ctrl-Break"         daemon [_thread_in_native, id=12704, stack(0x0000006c30d00000,0x0000006c30e00000) (1024K)]
  0x0000019dffc78aa0 JavaThread "Notification Thread"        daemon [_thread_blocked, id=16648, stack(0x0000006c30e00000,0x0000006c30f00000) (1024K)]
  0x0000019dd9aa08f0 JavaThread "HikariPool-1 housekeeper"   daemon [_thread_blocked, id=10292, stack(0x0000006c31200000,0x0000006c31300000) (1024K)]
Total: 13

Other Threads:
=>0x0000019dff7066d0 VMThread "VM Thread"                           [id=7512, stack(0x0000006c30300000,0x0000006c30400000) (1024K)]
  0x0000019dff6f0250 WatcherThread "VM Periodic Task Thread"        [id=8320, stack(0x0000006c30200000,0x0000006c30300000) (1024K)]
  0x0000019df53b7ed0 WorkerThread "GC Thread#0"                     [id=16264, stack(0x0000006c2fd00000,0x0000006c2fe00000) (1024K)]
  0x0000019dd65d6d80 WorkerThread "GC Thread#1"                     [id=996, stack(0x0000006c30f00000,0x0000006c31000000) (1024K)]
  0x0000019dd65c1950 WorkerThread "GC Thread#2"                     [id=14972, stack(0x0000006c31000000,0x0000006c31100000) (1024K)]
  0x0000019dd65c1cf0 WorkerThread "GC Thread#3"                     [id=17644, stack(0x0000006c31100000,0x0000006c31200000) (1024K)]
  0x0000019df53c06e0 ConcurrentGCThread "G1 Main Marker"            [id=16708, stack(0x0000006c2fe00000,0x0000006c2ff00000) (1024K)]
  0x0000019df53c2cc0 WorkerThread "G1 Conc#0"                       [id=13412, stack(0x0000006c2ff00000,0x0000006c30000000) (1024K)]
  0x0000019df541d030 ConcurrentGCThread "G1 Refine#0"               [id=13692, stack(0x0000006c30000000,0x0000006c30100000) (1024K)]
  0x0000019df541e960 ConcurrentGCThread "G1 Service"                [id=15960, stack(0x0000006c30100000,0x0000006c30200000) (1024K)]
Total: 10

Threads with active compile tasks:
Total: 0

VM state: at safepoint (normal execution)

VM Mutex/Monitor currently owned by a thread:  ([mutex/lock_event])
[0x00007ff8721fa5f8] Threads_lock - owner thread: 0x0000019dff7066d0
[0x00007ff8721fa6f8] Heap_lock - owner thread: 0x0000019df39a5140

Heap address: 0x00000000c3a00000, size: 966 MB, Compressed Oops mode: 32-bit

CDS archive(s) mapped at: [0x0000019d91000000-0x0000019d91c90000-0x0000019d91c90000), size 13172736, SharedBaseAddress: 0x0000019d91000000, ArchiveRelocationMode: 1.
Compressed class space mapped at: 0x0000019d92000000-0x0000019dd2000000, reserved size: 1073741824
Narrow klass base: 0x0000019d91000000, Narrow klass shift: 0, Narrow klass range: 0x100000000

GC Precious Log:
 CardTable entry size: 512
 Card Set container configuration: InlinePtr #cards 5 size 8 Array Of Cards #cards 12 size 40 Howl #buckets 4 coarsen threshold 1843 Howl Bitmap #cards 512 size 80 coarsen threshold 460 Card regions per heap region 1 cards per card region 2048
 CPUs: 4 total, 4 available
 Memory: 3862M
 Large Page Support: Disabled
 NUMA Support: Disabled
 Compressed Oops: Enabled (32-bit)
 Heap Region Size: 1M
 Heap Min Capacity: 8M
 Heap Initial Capacity: 62M
 Heap Max Capacity: 966M
 Pre-touch: Disabled
 Parallel Workers: 4
 Concurrent Workers: 1
 Concurrent Refinement Workers: 4
 Periodic GC: Disabled

Heap:
 garbage-first heap   total 209920K, used 103401K [0x00000000c3a00000, 0x0000000100000000)
  region size 1024K, 2 young (2048K), 2 survivors (2048K)
 Metaspace       used 70947K, committed 71616K, reserved 1114112K
  class space    used 9737K, committed 10048K, reserved 1048576K

Heap Regions: E=young(eden), S=young(survivor), O=old, HS=humongous(starts), HC=humongous(continues), CS=collection set, F=free, TAMS=top-at-mark-start, PB=parsable bottom
|   0|0x00000000c3a00000, 0x00000000c3b00000, 0x00000000c3b00000|100%|HS|  |TAMS 0x00000000c3b00000| PB 0x00000000c3a00000| Complete 
|   1|0x00000000c3b00000, 0x00000000c3c00000, 0x00000000c3c00000|100%|HS|  |TAMS 0x00000000c3c00000| PB 0x00000000c3b00000| Complete 
|   2|0x00000000c3c00000, 0x00000000c3d00000, 0x00000000c3d00000|100%| O|  |TAMS 0x00000000c3d00000| PB 0x00000000c3c00000| Untracked 
|   3|0x00000000c3d00000, 0x00000000c3e00000, 0x00000000c3e00000|100%| O|  |TAMS 0x00000000c3e00000| PB 0x00000000c3d00000| Untracked 
|   4|0x00000000c3e00000, 0x00000000c3f00000, 0x00000000c3f00000|100%| O|  |TAMS 0x00000000c3f00000| PB 0x00000000c3e00000| Untracked 
|   5|0x00000000c3f00000, 0x00000000c4000000, 0x00000000c4000000|100%| O|  |TAMS 0x00000000c4000000| PB 0x00000000c3f00000| Untracked 
|   6|0x00000000c4000000, 0x00000000c4100000, 0x00000000c4100000|100%| O|  |TAMS 0x00000000c4100000| PB 0x00000000c4000000| Untracked 
|   7|0x00000000c4100000, 0x00000000c4200000, 0x00000000c4200000|100%| O|  |TAMS 0x00000000c4200000| PB 0x00000000c4100000| Updating 
|   8|0x00000000c4200000, 0x00000000c4300000, 0x00000000c4300000|100%| O|  |TAMS 0x00000000c4300000| PB 0x00000000c4200000| Untracked 
|   9|0x00000000c4300000, 0x00000000c4400000, 0x00000000c4400000|100%| O|  |TAMS 0x00000000c4400000| PB 0x00000000c4300000| Untracked 
|  10|0x00000000c4400000, 0x00000000c4500000, 0x00000000c4500000|100%| O|  |TAMS 0x00000000c4500000| PB 0x00000000c4400000| Untracked 
|  11|0x00000000c4500000, 0x00000000c4600000, 0x00000000c4600000|100%| O|  |TAMS 0x00000000c4600000| PB 0x00000000c4500000| Untracked 
|  12|0x00000000c4600000, 0x00000000c4700000, 0x00000000c4700000|100%| O|  |TAMS 0x00000000c4700000| PB 0x00000000c4600000| Updating 
|  13|0x00000000c4700000, 0x00000000c4800000, 0x00000000c4800000|100%| O|  |TAMS 0x00000000c4800000| PB 0x00000000c4700000| Untracked 
|  14|0x00000000c4800000, 0x00000000c4900000, 0x00000000c4900000|100%| O|  |TAMS 0x00000000c4900000| PB 0x00000000c4800000| Untracked 
|  15|0x00000000c4900000, 0x00000000c4a00000, 0x00000000c4a00000|100%| O|  |TAMS 0x00000000c4a00000| PB 0x00000000c4900000| Untracked 
|  16|0x00000000c4a00000, 0x00000000c4b00000, 0x00000000c4b00000|100%| O|  |TAMS 0x00000000c4b00000| PB 0x00000000c4a00000| Untracked 
|  17|0x00000000c4b00000, 0x00000000c4c00000, 0x00000000c4c00000|100%| O|  |TAMS 0x00000000c4c00000| PB 0x00000000c4b00000| Untracked 
|  18|0x00000000c4c00000, 0x00000000c4d00000, 0x00000000c4d00000|100%| O|  |TAMS 0x00000000c4d00000| PB 0x00000000c4c00000| Updating 
|  19|0x00000000c4d00000, 0x00000000c4e00000, 0x00000000c4e00000|100%| O|  |TAMS 0x00000000c4e00000| PB 0x00000000c4d00000| Untracked 
|  20|0x00000000c4e00000, 0x00000000c4f00000, 0x00000000c4f00000|100%| O|  |TAMS 0x00000000c4f00000| PB 0x00000000c4e00000| Untracked 
|  21|0x00000000c4f00000, 0x00000000c5000000, 0x00000000c5000000|100%| O|  |TAMS 0x00000000c5000000| PB 0x00000000c4f00000| Updating 
|  22|0x00000000c5000000, 0x00000000c5100000, 0x00000000c5100000|100%| O|  |TAMS 0x00000000c5100000| PB 0x00000000c5000000| Untracked 
|  23|0x00000000c5100000, 0x00000000c5200000, 0x00000000c5200000|100%| O|  |TAMS 0x00000000c5200000| PB 0x00000000c5100000| Untracked 
|  24|0x00000000c5200000, 0x00000000c5300000, 0x00000000c5300000|100%| O|  |TAMS 0x00000000c5300000| PB 0x00000000c5200000| Untracked 
|  25|0x00000000c5300000, 0x00000000c5400000, 0x00000000c5400000|100%| O|  |TAMS 0x00000000c5400000| PB 0x00000000c5300000| Untracked 
|  26|0x00000000c5400000, 0x00000000c5500000, 0x00000000c5500000|100%| O|  |TAMS 0x00000000c5500000| PB 0x00000000c5400000| Untracked 
|  27|0x00000000c5500000, 0x00000000c5600000, 0x00000000c5600000|100%| O|  |TAMS 0x00000000c5600000| PB 0x00000000c5500000| Untracked 
|  28|0x00000000c5600000, 0x00000000c5700000, 0x00000000c5700000|100%| O|  |TAMS 0x00000000c5700000| PB 0x00000000c5600000| Untracked 
|  29|0x00000000c5700000, 0x00000000c5800000, 0x00000000c5800000|100%| O|  |TAMS 0x00000000c5800000| PB 0x00000000c5700000| Updating 
|  30|0x00000000c5800000, 0x00000000c5900000, 0x00000000c5900000|100%| O|  |TAMS 0x00000000c5900000| PB 0x00000000c5800000| Untracked 
|  31|0x00000000c5900000, 0x00000000c5a00000, 0x00000000c5a00000|100%| O|  |TAMS 0x00000000c5a00000| PB 0x00000000c5900000| Updating 
|  32|0x00000000c5a00000, 0x00000000c5b00000, 0x00000000c5b00000|100%| O|  |TAMS 0x00000000c5b00000| PB 0x00000000c5a00000| Untracked 
|  33|0x00000000c5b00000, 0x00000000c5c00000, 0x00000000c5c00000|100%| O|  |TAMS 0x00000000c5c00000| PB 0x00000000c5b00000| Untracked 
|  34|0x00000000c5c00000, 0x00000000c5d00000, 0x00000000c5d00000|100%| O|  |TAMS 0x00000000c5d00000| PB 0x00000000c5c00000| Untracked 
|  35|0x00000000c5d00000, 0x00000000c5e00000, 0x00000000c5e00000|100%| O|  |TAMS 0x00000000c5e00000| PB 0x00000000c5d00000| Updating 
|  36|0x00000000c5e00000, 0x00000000c5f00000, 0x00000000c5f00000|100%| O|  |TAMS 0x00000000c5f00000| PB 0x00000000c5e00000| Untracked 
|  37|0x00000000c5f00000, 0x00000000c6000000, 0x00000000c6000000|100%|HS|  |TAMS 0x00000000c6000000| PB 0x00000000c5f00000| Complete 
|  38|0x00000000c6000000, 0x00000000c6100000, 0x00000000c6100000|100%| O|  |TAMS 0x00000000c6100000| PB 0x00000000c6000000| Untracked 
|  39|0x00000000c6100000, 0x00000000c6200000, 0x00000000c6200000|100%| O|  |TAMS 0x00000000c6200000| PB 0x00000000c6100000| Untracked 
|  40|0x00000000c6200000, 0x00000000c6300000, 0x00000000c6300000|100%| O|  |TAMS 0x00000000c6300000| PB 0x00000000c6200000| Updating 
|  41|0x00000000c6300000, 0x00000000c6400000, 0x00000000c6400000|100%| O|  |TAMS 0x00000000c6400000| PB 0x00000000c6300000| Untracked 
|  42|0x00000000c6400000, 0x00000000c6500000, 0x00000000c6500000|100%| O|  |TAMS 0x00000000c6500000| PB 0x00000000c6400000| Untracked 
|  43|0x00000000c6500000, 0x00000000c6600000, 0x00000000c6600000|100%| O|  |TAMS 0x00000000c6600000| PB 0x00000000c6500000| Untracked 
|  44|0x00000000c6600000, 0x00000000c6700000, 0x00000000c6700000|100%| O|  |TAMS 0x00000000c6700000| PB 0x00000000c6600000| Untracked 
|  45|0x00000000c6700000, 0x00000000c6800000, 0x00000000c6800000|100%| O|  |TAMS 0x00000000c6800000| PB 0x00000000c6700000| Untracked 
|  46|0x00000000c6800000, 0x00000000c6900000, 0x00000000c6900000|100%| O|  |TAMS 0x00000000c6900000| PB 0x00000000c6800000| Updating 
|  47|0x00000000c6900000, 0x00000000c6a00000, 0x00000000c6a00000|100%| O|  |TAMS 0x00000000c6a00000| PB 0x00000000c6900000| Updating 
|  48|0x00000000c6a00000, 0x00000000c6b00000, 0x00000000c6b00000|100%| O|  |TAMS 0x00000000c6a00000| PB 0x00000000c6a00000| Untracked 
|  49|0x00000000c6b00000, 0x00000000c6c00000, 0x00000000c6c00000|100%| O|  |TAMS 0x00000000c6c00000| PB 0x00000000c6b00000| Untracked 
|  50|0x00000000c6c00000, 0x00000000c6d00000, 0x00000000c6d00000|100%| O|  |TAMS 0x00000000c6d00000| PB 0x00000000c6c00000| Updating 
|  51|0x00000000c6d00000, 0x00000000c6e00000, 0x00000000c6e00000|100%| O|  |TAMS 0x00000000c6e00000| PB 0x00000000c6d00000| Updating 
|  52|0x00000000c6e00000, 0x00000000c6f00000, 0x00000000c6f00000|100%| O|  |TAMS 0x00000000c6f00000| PB 0x00000000c6e00000| Untracked 
|  53|0x00000000c6f00000, 0x00000000c7000000, 0x00000000c7000000|100%| O|  |TAMS 0x00000000c7000000| PB 0x00000000c6f00000| Updating 
|  54|0x00000000c7000000, 0x00000000c7100000, 0x00000000c7100000|100%| O|  |TAMS 0x00000000c7100000| PB 0x00000000c7000000| Untracked 
|  55|0x00000000c7100000, 0x00000000c7200000, 0x00000000c7200000|100%| O|  |TAMS 0x00000000c7200000| PB 0x00000000c7100000| Untracked 
|  56|0x00000000c7200000, 0x00000000c7300000, 0x00000000c7300000|100%| O|  |TAMS 0x00000000c7300000| PB 0x00000000c7200000| Untracked 
|  57|0x00000000c7300000, 0x00000000c7400000, 0x00000000c7400000|100%| O|  |TAMS 0x00000000c7300000| PB 0x00000000c7300000| Untracked 
|  58|0x00000000c7400000, 0x00000000c7500000, 0x00000000c7500000|100%| O|  |TAMS 0x00000000c7400000| PB 0x00000000c7400000| Untracked 
|  59|0x00000000c7500000, 0x00000000c7600000, 0x00000000c7600000|100%| O|  |TAMS 0x00000000c7500000| PB 0x00000000c7500000| Untracked 
|  60|0x00000000c7600000, 0x00000000c7700000, 0x00000000c7700000|100%| O|  |TAMS 0x00000000c7700000| PB 0x00000000c7600000| Untracked 
|  61|0x00000000c7700000, 0x00000000c7800000, 0x00000000c7800000|100%| O|  |TAMS 0x00000000c7800000| PB 0x00000000c7700000| Untracked 
|  62|0x00000000c7800000, 0x00000000c7900000, 0x00000000c7900000|100%| O|  |TAMS 0x00000000c7900000| PB 0x00000000c7800000| Untracked 
|  63|0x00000000c7900000, 0x00000000c7a00000, 0x00000000c7a00000|100%| O|  |TAMS 0x00000000c7a00000| PB 0x00000000c7900000| Untracked 
|  64|0x00000000c7a00000, 0x00000000c7b00000, 0x00000000c7b00000|100%| O|  |TAMS 0x00000000c7b00000| PB 0x00000000c7a00000| Untracked 
|  65|0x00000000c7b00000, 0x00000000c7c00000, 0x00000000c7c00000|100%| O|  |TAMS 0x00000000c7c00000| PB 0x00000000c7b00000| Untracked 
|  66|0x00000000c7c00000, 0x00000000c7d00000, 0x00000000c7d00000|100%| O|  |TAMS 0x00000000c7d00000| PB 0x00000000c7c00000| Untracked 
|  67|0x00000000c7d00000, 0x00000000c7e00000, 0x00000000c7e00000|100%| O|  |TAMS 0x00000000c7e00000| PB 0x00000000c7d00000| Untracked 
|  68|0x00000000c7e00000, 0x00000000c7f00000, 0x00000000c7f00000|100%| O|  |TAMS 0x00000000c7f00000| PB 0x00000000c7e00000| Untracked 
|  69|0x00000000c7f00000, 0x00000000c8000000, 0x00000000c8000000|100%| O|  |TAMS 0x00000000c8000000| PB 0x00000000c7f00000| Untracked 
|  70|0x00000000c8000000, 0x00000000c8100000, 0x00000000c8100000|100%| O|  |TAMS 0x00000000c8100000| PB 0x00000000c8000000| Untracked 
|  71|0x00000000c8100000, 0x00000000c8200000, 0x00000000c8200000|100%| O|  |TAMS 0x00000000c8200000| PB 0x00000000c8100000| Untracked 
|  72|0x00000000c8200000, 0x00000000c8300000, 0x00000000c8300000|100%| O|  |TAMS 0x00000000c8300000| PB 0x00000000c8200000| Untracked 
|  73|0x00000000c8300000, 0x00000000c8400000, 0x00000000c8400000|100%| O|  |TAMS 0x00000000c8400000| PB 0x00000000c8300000| Untracked 
|  74|0x00000000c8400000, 0x00000000c8500000, 0x00000000c8500000|100%| O|  |TAMS 0x00000000c8500000| PB 0x00000000c8400000| Untracked 
|  75|0x00000000c8500000, 0x00000000c8600000, 0x00000000c8600000|100%| O|  |TAMS 0x00000000c8600000| PB 0x00000000c8500000| Updating 
|  76|0x00000000c8600000, 0x00000000c8700000, 0x00000000c8700000|100%| O|  |TAMS 0x00000000c8600000| PB 0x00000000c8600000| Untracked 
|  77|0x00000000c8700000, 0x00000000c8800000, 0x00000000c8800000|100%| O|  |TAMS 0x00000000c8700000| PB 0x00000000c8700000| Untracked 
|  78|0x00000000c8800000, 0x00000000c8900000, 0x00000000c8900000|100%| O|  |TAMS 0x00000000c8800000| PB 0x00000000c8800000| Untracked 
|  79|0x00000000c8900000, 0x00000000c8a00000, 0x00000000c8a00000|100%| O|  |TAMS 0x00000000c8900000| PB 0x00000000c8900000| Untracked 
|  80|0x00000000c8a00000, 0x00000000c8b00000, 0x00000000c8b00000|100%| O|  |TAMS 0x00000000c8a00000| PB 0x00000000c8a00000| Untracked 
|  81|0x00000000c8b00000, 0x00000000c8c00000, 0x00000000c8c00000|100%| O|  |TAMS 0x00000000c8b00000| PB 0x00000000c8b00000| Untracked 
|  82|0x00000000c8c00000, 0x00000000c8d00000, 0x00000000c8d00000|100%| O|  |TAMS 0x00000000c8c00000| PB 0x00000000c8c00000| Untracked 
|  83|0x00000000c8d00000, 0x00000000c8e00000, 0x00000000c8e00000|100%| O|  |TAMS 0x00000000c8d00000| PB 0x00000000c8d00000| Untracked 
|  84|0x00000000c8e00000, 0x00000000c8f00000, 0x00000000c8f00000|100%| O|  |TAMS 0x00000000c8e00000| PB 0x00000000c8e00000| Untracked 
|  85|0x00000000c8f00000, 0x00000000c9000000, 0x00000000c9000000|100%|HS|  |TAMS 0x00000000c8f00000| PB 0x00000000c8f00000| Complete 
|  86|0x00000000c9000000, 0x00000000c9100000, 0x00000000c9100000|100%|HC|  |TAMS 0x00000000c9000000| PB 0x00000000c9000000| Complete 
|  87|0x00000000c9100000, 0x00000000c9200000, 0x00000000c9200000|100%| O|  |TAMS 0x00000000c9100000| PB 0x00000000c9100000| Untracked 
|  88|0x00000000c9200000, 0x00000000c9300000, 0x00000000c9300000|100%| O|  |TAMS 0x00000000c9200000| PB 0x00000000c9200000| Untracked 
|  89|0x00000000c9300000, 0x00000000c9400000, 0x00000000c9400000|100%| O|  |TAMS 0x00000000c9300000| PB 0x00000000c9300000| Untracked 
|  90|0x00000000c9400000, 0x00000000c9500000, 0x00000000c9500000|100%| O|  |TAMS 0x00000000c9400000| PB 0x00000000c9400000| Untracked 
|  91|0x00000000c9500000, 0x00000000c9600000, 0x00000000c9600000|100%| O|  |TAMS 0x00000000c9500000| PB 0x00000000c9500000| Untracked 
|  92|0x00000000c9600000, 0x00000000c9700000, 0x00000000c9700000|100%| O|  |TAMS 0x00000000c9600000| PB 0x00000000c9600000| Updating 
|  93|0x00000000c9700000, 0x00000000c9800000, 0x00000000c9800000|100%| O|  |TAMS 0x00000000c9700000| PB 0x00000000c9700000| Untracked 
|  94|0x00000000c9800000, 0x00000000c9900000, 0x00000000c9900000|100%| O|  |TAMS 0x00000000c9800000| PB 0x00000000c9800000| Untracked 
|  95|0x00000000c9900000, 0x00000000c9a00000, 0x00000000c9a00000|100%| O|  |TAMS 0x00000000c9900000| PB 0x00000000c9900000| Untracked 
|  96|0x00000000c9a00000, 0x00000000c9b00000, 0x00000000c9b00000|100%| O|  |TAMS 0x00000000c9a00000| PB 0x00000000c9a00000| Untracked 
|  97|0x00000000c9b00000, 0x00000000c9c00000, 0x00000000c9c00000|100%| O|  |TAMS 0x00000000c9b00000| PB 0x00000000c9b00000| Untracked 
|  98|0x00000000c9c00000, 0x00000000c9d00000, 0x00000000c9d00000|100%| O|  |TAMS 0x00000000c9c00000| PB 0x00000000c9c00000| Untracked 
|  99|0x00000000c9d00000, 0x00000000c9d54028, 0x00000000c9e00000| 32%| O|  |TAMS 0x00000000c9d00000| PB 0x00000000c9d00000| Untracked 
| 100|0x00000000c9e00000, 0x00000000c9e00000, 0x00000000c9f00000|  0%| F|  |TAMS 0x00000000c9e00000| PB 0x00000000c9e00000| Untracked 
| 101|0x00000000c9f00000, 0x00000000c9f00000, 0x00000000ca000000|  0%| F|  |TAMS 0x00000000c9f00000| PB 0x00000000c9f00000| Untracked 
| 102|0x00000000ca000000, 0x00000000ca000000, 0x00000000ca100000|  0%| F|  |TAMS 0x00000000ca000000| PB 0x00000000ca000000| Untracked 
| 103|0x00000000ca100000, 0x00000000ca100000, 0x00000000ca200000|  0%| F|  |TAMS 0x00000000ca100000| PB 0x00000000ca100000| Untracked 
| 104|0x00000000ca200000, 0x00000000ca200000, 0x00000000ca300000|  0%| F|  |TAMS 0x00000000ca200000| PB 0x00000000ca200000| Untracked 
| 105|0x00000000ca300000, 0x00000000ca300000, 0x00000000ca400000|  0%| F|  |TAMS 0x00000000ca300000| PB 0x00000000ca300000| Untracked 
| 106|0x00000000ca400000, 0x00000000ca400000, 0x00000000ca500000|  0%| F|  |TAMS 0x00000000ca400000| PB 0x00000000ca400000| Untracked 
| 107|0x00000000ca500000, 0x00000000ca500000, 0x00000000ca600000|  0%| F|  |TAMS 0x00000000ca500000| PB 0x00000000ca500000| Untracked 
| 108|0x00000000ca600000, 0x00000000ca600000, 0x00000000ca700000|  0%| F|  |TAMS 0x00000000ca600000| PB 0x00000000ca600000| Untracked 
| 109|0x00000000ca700000, 0x00000000ca700000, 0x00000000ca800000|  0%| F|  |TAMS 0x00000000ca700000| PB 0x00000000ca700000| Untracked 
| 110|0x00000000ca800000, 0x00000000ca800000, 0x00000000ca900000|  0%| F|  |TAMS 0x00000000ca800000| PB 0x00000000ca800000| Untracked 
| 111|0x00000000ca900000, 0x00000000ca900000, 0x00000000caa00000|  0%| F|  |TAMS 0x00000000ca900000| PB 0x00000000ca900000| Untracked 
| 112|0x00000000caa00000, 0x00000000caa00000, 0x00000000cab00000|  0%| F|  |TAMS 0x00000000caa00000| PB 0x00000000caa00000| Untracked 
| 113|0x00000000cab00000, 0x00000000cab00000, 0x00000000cac00000|  0%| F|  |TAMS 0x00000000cab00000| PB 0x00000000cab00000| Untracked 
| 114|0x00000000cac00000, 0x00000000cac00000, 0x00000000cad00000|  0%| F|  |TAMS 0x00000000cac00000| PB 0x00000000cac00000| Untracked 
| 115|0x00000000cad00000, 0x00000000cad00000, 0x00000000cae00000|  0%| F|  |TAMS 0x00000000cad00000| PB 0x00000000cad00000| Untracked 
| 116|0x00000000cae00000, 0x00000000cae00000, 0x00000000caf00000|  0%| F|  |TAMS 0x00000000cae00000| PB 0x00000000cae00000| Untracked 
| 117|0x00000000caf00000, 0x00000000caf00000, 0x00000000cb000000|  0%| F|  |TAMS 0x00000000caf00000| PB 0x00000000caf00000| Untracked 
| 118|0x00000000cb000000, 0x00000000cb000000, 0x00000000cb100000|  0%| F|  |TAMS 0x00000000cb000000| PB 0x00000000cb000000| Untracked 
| 119|0x00000000cb100000, 0x00000000cb100000, 0x00000000cb200000|  0%| F|  |TAMS 0x00000000cb100000| PB 0x00000000cb100000| Untracked 
| 120|0x00000000cb200000, 0x00000000cb200000, 0x00000000cb300000|  0%| F|  |TAMS 0x00000000cb200000| PB 0x00000000cb200000| Untracked 
| 121|0x00000000cb300000, 0x00000000cb300000, 0x00000000cb400000|  0%| F|  |TAMS 0x00000000cb300000| PB 0x00000000cb300000| Untracked 
| 122|0x00000000cb400000, 0x00000000cb400000, 0x00000000cb500000|  0%| F|  |TAMS 0x00000000cb400000| PB 0x00000000cb400000| Untracked 
| 123|0x00000000cb500000, 0x00000000cb500000, 0x00000000cb600000|  0%| F|  |TAMS 0x00000000cb500000| PB 0x00000000cb500000| Untracked 
| 124|0x00000000cb600000, 0x00000000cb600000, 0x00000000cb700000|  0%| F|  |TAMS 0x00000000cb600000| PB 0x00000000cb600000| Untracked 
| 125|0x00000000cb700000, 0x00000000cb700000, 0x00000000cb800000|  0%| F|  |TAMS 0x00000000cb700000| PB 0x00000000cb700000| Untracked 
| 126|0x00000000cb800000, 0x00000000cb800000, 0x00000000cb900000|  0%| F|  |TAMS 0x00000000cb800000| PB 0x00000000cb800000| Untracked 
| 127|0x00000000cb900000, 0x00000000cb900000, 0x00000000cba00000|  0%| F|  |TAMS 0x00000000cb900000| PB 0x00000000cb900000| Untracked 
| 128|0x00000000cba00000, 0x00000000cba00000, 0x00000000cbb00000|  0%| F|  |TAMS 0x00000000cba00000| PB 0x00000000cba00000| Untracked 
| 129|0x00000000cbb00000, 0x00000000cbb00000, 0x00000000cbc00000|  0%| F|  |TAMS 0x00000000cbb00000| PB 0x00000000cbb00000| Untracked 
| 130|0x00000000cbc00000, 0x00000000cbc00000, 0x00000000cbd00000|  0%| F|  |TAMS 0x00000000cbc00000| PB 0x00000000cbc00000| Untracked 
| 131|0x00000000cbd00000, 0x00000000cbd00000, 0x00000000cbe00000|  0%| F|  |TAMS 0x00000000cbd00000| PB 0x00000000cbd00000| Untracked 
| 132|0x00000000cbe00000, 0x00000000cbe00000, 0x00000000cbf00000|  0%| F|  |TAMS 0x00000000cbe00000| PB 0x00000000cbe00000| Untracked 
| 133|0x00000000cbf00000, 0x00000000cbf00000, 0x00000000cc000000|  0%| F|  |TAMS 0x00000000cbf00000| PB 0x00000000cbf00000| Untracked 
| 134|0x00000000cc000000, 0x00000000cc000000, 0x00000000cc100000|  0%| F|  |TAMS 0x00000000cc000000| PB 0x00000000cc000000| Untracked 
| 135|0x00000000cc100000, 0x00000000cc100000, 0x00000000cc200000|  0%| F|  |TAMS 0x00000000cc100000| PB 0x00000000cc100000| Untracked 
| 136|0x00000000cc200000, 0x00000000cc200000, 0x00000000cc300000|  0%| F|  |TAMS 0x00000000cc200000| PB 0x00000000cc200000| Untracked 
| 137|0x00000000cc300000, 0x00000000cc300000, 0x00000000cc400000|  0%| F|  |TAMS 0x00000000cc300000| PB 0x00000000cc300000| Untracked 
| 138|0x00000000cc400000, 0x00000000cc400000, 0x00000000cc500000|  0%| F|  |TAMS 0x00000000cc400000| PB 0x00000000cc400000| Untracked 
| 139|0x00000000cc500000, 0x00000000cc500000, 0x00000000cc600000|  0%| F|  |TAMS 0x00000000cc500000| PB 0x00000000cc500000| Untracked 
| 140|0x00000000cc600000, 0x00000000cc600000, 0x00000000cc700000|  0%| F|  |TAMS 0x00000000cc600000| PB 0x00000000cc600000| Untracked 
| 141|0x00000000cc700000, 0x00000000cc700000, 0x00000000cc800000|  0%| F|  |TAMS 0x00000000cc700000| PB 0x00000000cc700000| Untracked 
| 142|0x00000000cc800000, 0x00000000cc800000, 0x00000000cc900000|  0%| F|  |TAMS 0x00000000cc800000| PB 0x00000000cc800000| Untracked 
| 143|0x00000000cc900000, 0x00000000cc900000, 0x00000000cca00000|  0%| F|  |TAMS 0x00000000cc900000| PB 0x00000000cc900000| Untracked 
| 144|0x00000000cca00000, 0x00000000cca00000, 0x00000000ccb00000|  0%| F|  |TAMS 0x00000000cca00000| PB 0x00000000cca00000| Untracked 
| 145|0x00000000ccb00000, 0x00000000ccb00000, 0x00000000ccc00000|  0%| F|  |TAMS 0x00000000ccb00000| PB 0x00000000ccb00000| Untracked 
| 146|0x00000000ccc00000, 0x00000000ccc00000, 0x00000000ccd00000|  0%| F|  |TAMS 0x00000000ccc00000| PB 0x00000000ccc00000| Untracked 
| 147|0x00000000ccd00000, 0x00000000ccd00000, 0x00000000cce00000|  0%| F|  |TAMS 0x00000000ccd00000| PB 0x00000000ccd00000| Untracked 
| 148|0x00000000cce00000, 0x00000000cce00000, 0x00000000ccf00000|  0%| F|  |TAMS 0x00000000cce00000| PB 0x00000000cce00000| Untracked 
| 149|0x00000000ccf00000, 0x00000000ccf00000, 0x00000000cd000000|  0%| F|  |TAMS 0x00000000ccf00000| PB 0x00000000ccf00000| Untracked 
| 150|0x00000000cd000000, 0x00000000cd000000, 0x00000000cd100000|  0%| F|  |TAMS 0x00000000cd000000| PB 0x00000000cd000000| Untracked 
| 151|0x00000000cd100000, 0x00000000cd100000, 0x00000000cd200000|  0%| F|  |TAMS 0x00000000cd100000| PB 0x00000000cd100000| Untracked 
| 152|0x00000000cd200000, 0x00000000cd200000, 0x00000000cd300000|  0%| F|  |TAMS 0x00000000cd200000| PB 0x00000000cd200000| Untracked 
| 153|0x00000000cd300000, 0x00000000cd300000, 0x00000000cd400000|  0%| F|  |TAMS 0x00000000cd300000| PB 0x00000000cd300000| Untracked 
| 154|0x00000000cd400000, 0x00000000cd400000, 0x00000000cd500000|  0%| F|  |TAMS 0x00000000cd400000| PB 0x00000000cd400000| Untracked 
| 155|0x00000000cd500000, 0x00000000cd500000, 0x00000000cd600000|  0%| F|  |TAMS 0x00000000cd500000| PB 0x00000000cd500000| Untracked 
| 156|0x00000000cd600000, 0x00000000cd600000, 0x00000000cd700000|  0%| F|  |TAMS 0x00000000cd600000| PB 0x00000000cd600000| Untracked 
| 157|0x00000000cd700000, 0x00000000cd7a6660, 0x00000000cd800000| 64%| S|CS|TAMS 0x00000000cd700000| PB 0x00000000cd700000| Complete 
| 158|0x00000000cd800000, 0x00000000cd900000, 0x00000000cd900000|100%| S|CS|TAMS 0x00000000cd800000| PB 0x00000000cd800000| Complete 
| 159|0x00000000cd900000, 0x00000000cd900000, 0x00000000cda00000|  0%| F|  |TAMS 0x00000000cd900000| PB 0x00000000cd900000| Untracked 
| 160|0x00000000cda00000, 0x00000000cda00000, 0x00000000cdb00000|  0%| F|  |TAMS 0x00000000cda00000| PB 0x00000000cda00000| Untracked 
| 161|0x00000000cdb00000, 0x00000000cdb00000, 0x00000000cdc00000|  0%| F|  |TAMS 0x00000000cdb00000| PB 0x00000000cdb00000| Untracked 
| 162|0x00000000cdc00000, 0x00000000cdc00000, 0x00000000cdd00000|  0%| F|  |TAMS 0x00000000cdc00000| PB 0x00000000cdc00000| Untracked 
| 163|0x00000000cdd00000, 0x00000000cdd00000, 0x00000000cde00000|  0%| F|  |TAMS 0x00000000cdd00000| PB 0x00000000cdd00000| Untracked 
| 164|0x00000000cde00000, 0x00000000cde00000, 0x00000000cdf00000|  0%| F|  |TAMS 0x00000000cde00000| PB 0x00000000cde00000| Untracked 
| 165|0x00000000cdf00000, 0x00000000cdf00000, 0x00000000ce000000|  0%| F|  |TAMS 0x00000000cdf00000| PB 0x00000000cdf00000| Untracked 
| 166|0x00000000ce000000, 0x00000000ce000000, 0x00000000ce100000|  0%| F|  |TAMS 0x00000000ce000000| PB 0x00000000ce000000| Untracked 
| 167|0x00000000ce100000, 0x00000000ce100000, 0x00000000ce200000|  0%| F|  |TAMS 0x00000000ce100000| PB 0x00000000ce100000| Untracked 
| 168|0x00000000ce200000, 0x00000000ce200000, 0x00000000ce300000|  0%| F|  |TAMS 0x00000000ce200000| PB 0x00000000ce200000| Untracked 
| 169|0x00000000ce300000, 0x00000000ce300000, 0x00000000ce400000|  0%| F|  |TAMS 0x00000000ce300000| PB 0x00000000ce300000| Untracked 
| 170|0x00000000ce400000, 0x00000000ce400000, 0x00000000ce500000|  0%| F|  |TAMS 0x00000000ce400000| PB 0x00000000ce400000| Untracked 
| 171|0x00000000ce500000, 0x00000000ce500000, 0x00000000ce600000|  0%| F|  |TAMS 0x00000000ce500000| PB 0x00000000ce500000| Untracked 
| 172|0x00000000ce600000, 0x00000000ce600000, 0x00000000ce700000|  0%| F|  |TAMS 0x00000000ce600000| PB 0x00000000ce600000| Untracked 
| 173|0x00000000ce700000, 0x00000000ce700000, 0x00000000ce800000|  0%| F|  |TAMS 0x00000000ce700000| PB 0x00000000ce700000| Untracked 
| 174|0x00000000ce800000, 0x00000000ce800000, 0x00000000ce900000|  0%| F|  |TAMS 0x00000000ce800000| PB 0x00000000ce800000| Untracked 
| 175|0x00000000ce900000, 0x00000000ce900000, 0x00000000cea00000|  0%| F|  |TAMS 0x00000000ce900000| PB 0x00000000ce900000| Untracked 
| 176|0x00000000cea00000, 0x00000000cea00000, 0x00000000ceb00000|  0%| F|  |TAMS 0x00000000cea00000| PB 0x00000000cea00000| Untracked 
| 177|0x00000000ceb00000, 0x00000000ceb00000, 0x00000000cec00000|  0%| F|  |TAMS 0x00000000ceb00000| PB 0x00000000ceb00000| Untracked 
| 178|0x00000000cec00000, 0x00000000cec00000, 0x00000000ced00000|  0%| F|  |TAMS 0x00000000cec00000| PB 0x00000000cec00000| Untracked 
| 179|0x00000000ced00000, 0x00000000ced00000, 0x00000000cee00000|  0%| F|  |TAMS 0x00000000ced00000| PB 0x00000000ced00000| Untracked 
| 180|0x00000000cee00000, 0x00000000cee00000, 0x00000000cef00000|  0%| F|  |TAMS 0x00000000cee00000| PB 0x00000000cee00000| Untracked 
| 181|0x00000000cef00000, 0x00000000cef00000, 0x00000000cf000000|  0%| F|  |TAMS 0x00000000cef00000| PB 0x00000000cef00000| Untracked 
| 182|0x00000000cf000000, 0x00000000cf000000, 0x00000000cf100000|  0%| F|  |TAMS 0x00000000cf000000| PB 0x00000000cf000000| Untracked 
| 183|0x00000000cf100000, 0x00000000cf100000, 0x00000000cf200000|  0%| F|  |TAMS 0x00000000cf100000| PB 0x00000000cf100000| Untracked 
| 184|0x00000000cf200000, 0x00000000cf200000, 0x00000000cf300000|  0%| F|  |TAMS 0x00000000cf200000| PB 0x00000000cf200000| Untracked 
| 185|0x00000000cf300000, 0x00000000cf300000, 0x00000000cf400000|  0%| F|  |TAMS 0x00000000cf300000| PB 0x00000000cf300000| Untracked 
| 186|0x00000000cf400000, 0x00000000cf400000, 0x00000000cf500000|  0%| F|  |TAMS 0x00000000cf400000| PB 0x00000000cf400000| Untracked 
| 187|0x00000000cf500000, 0x00000000cf500000, 0x00000000cf600000|  0%| F|  |TAMS 0x00000000cf500000| PB 0x00000000cf500000| Untracked 
| 188|0x00000000cf600000, 0x00000000cf600000, 0x00000000cf700000|  0%| F|  |TAMS 0x00000000cf600000| PB 0x00000000cf600000| Untracked 
| 189|0x00000000cf700000, 0x00000000cf700000, 0x00000000cf800000|  0%| F|  |TAMS 0x00000000cf700000| PB 0x00000000cf700000| Untracked 
| 190|0x00000000cf800000, 0x00000000cf800000, 0x00000000cf900000|  0%| F|  |TAMS 0x00000000cf800000| PB 0x00000000cf800000| Untracked 
| 191|0x00000000cf900000, 0x00000000cf900000, 0x00000000cfa00000|  0%| F|  |TAMS 0x00000000cf900000| PB 0x00000000cf900000| Untracked 
| 192|0x00000000cfa00000, 0x00000000cfa00000, 0x00000000cfb00000|  0%| F|  |TAMS 0x00000000cfa00000| PB 0x00000000cfa00000| Untracked 
| 193|0x00000000cfb00000, 0x00000000cfb00000, 0x00000000cfc00000|  0%| F|  |TAMS 0x00000000cfb00000| PB 0x00000000cfb00000| Untracked 
| 194|0x00000000cfc00000, 0x00000000cfc00000, 0x00000000cfd00000|  0%| F|  |TAMS 0x00000000cfc00000| PB 0x00000000cfc00000| Untracked 
| 195|0x00000000cfd00000, 0x00000000cfd00000, 0x00000000cfe00000|  0%| F|  |TAMS 0x00000000cfd00000| PB 0x00000000cfd00000| Untracked 
| 196|0x00000000cfe00000, 0x00000000cfe00000, 0x00000000cff00000|  0%| F|  |TAMS 0x00000000cfe00000| PB 0x00000000cfe00000| Untracked 
| 197|0x00000000cff00000, 0x00000000cff00000, 0x00000000d0000000|  0%| F|  |TAMS 0x00000000cff00000| PB 0x00000000cff00000| Untracked 
| 198|0x00000000d0000000, 0x00000000d0000000, 0x00000000d0100000|  0%| F|  |TAMS 0x00000000d0000000| PB 0x00000000d0000000| Untracked 
| 199|0x00000000d0100000, 0x00000000d0100000, 0x00000000d0200000|  0%| F|  |TAMS 0x00000000d0100000| PB 0x00000000d0100000| Untracked 
| 200|0x00000000d0200000, 0x00000000d0200000, 0x00000000d0300000|  0%| F|  |TAMS 0x00000000d0200000| PB 0x00000000d0200000| Untracked 
| 962|0x00000000ffc00000, 0x00000000ffc00000, 0x00000000ffd00000|  0%| F|  |TAMS 0x00000000ffc00000| PB 0x00000000ffc00000| Untracked 
| 963|0x00000000ffd00000, 0x00000000ffd00000, 0x00000000ffe00000|  0%| F|  |TAMS 0x00000000ffd00000| PB 0x00000000ffd00000| Untracked 
| 964|0x00000000ffe00000, 0x00000000ffe00000, 0x00000000fff00000|  0%| F|  |TAMS 0x00000000ffe00000| PB 0x00000000ffe00000| Untracked 
| 965|0x00000000fff00000, 0x00000000fff00000, 0x0000000100000000|  0%| F|  |TAMS 0x00000000fff00000| PB 0x00000000fff00000| Untracked 

Card table byte_map: [0x0000019dfe080000,0x0000019dfe270000] _byte_map_base: 0x0000019dfda63000

Marking Bits: (CMBitMap*) 0x0000019df53b83e0
 Bits: [0x0000019dfe270000, 0x0000019dff188000)

Polling page: 0x0000019df3aa0000

Metaspace:

Usage:
  Non-class:     59.77 MB used.
      Class:      9.51 MB used.
       Both:     69.28 MB used.

Virtual space:
  Non-class space:       64.00 MB reserved,      60.12 MB ( 94%) committed,  1 nodes.
      Class space:        1.00 GB reserved,       9.81 MB ( <1%) committed,  1 nodes.
             Both:        1.06 GB reserved,      69.94 MB (  6%) committed. 

Chunk freelists:
   Non-Class:  3.16 MB
       Class:  6.01 MB
        Both:  9.17 MB

MaxMetaspaceSize: unlimited
CompressedClassSpaceSize: 1.00 GB
Initial GC threshold: 21.00 MB
Current GC threshold: 116.50 MB
CDS: on
 - commit_granule_bytes: 65536.
 - commit_granule_words: 8192.
 - virtual_space_node_default_size: 8388608.
 - enlarge_chunks_in_place: 1.
 - use_allocation_guard: 0.


Internal statistics:

num_allocs_failed_limit: 6.
num_arena_births: 870.
num_arena_deaths: 0.
num_vsnodes_births: 2.
num_vsnodes_deaths: 0.
num_space_committed: 1119.
num_space_uncommitted: 0.
num_chunks_returned_to_freelist: 6.
num_chunks_taken_from_freelist: 3343.
num_chunk_merges: 6.
num_chunk_splits: 2424.
num_chunks_enlarged: 1900.
num_inconsistent_stats: 0.

CodeHeap 'non-profiled nmethods': size=120000Kb used=3050Kb max_used=3256Kb free=116949Kb
 bounds [0x0000019d87ad0000, 0x0000019d87e00000, 0x0000019d8f000000]
CodeHeap 'profiled nmethods': size=120000Kb used=9821Kb max_used=10475Kb free=110178Kb
 bounds [0x0000019d80000000, 0x0000019d80a40000, 0x0000019d87530000]
CodeHeap 'non-nmethods': size=5760Kb used=1886Kb max_used=1929Kb free=3873Kb
 bounds [0x0000019d87530000, 0x0000019d877a0000, 0x0000019d87ad0000]
 total_blobs=6254 nmethods=5539 adapters=618
 compilation: enabled
              stopped_count=0, restarted_count=0
 full_count=0

Compilation events (20 events):
Event: 15.069 Thread 0x0000019dff736060 6621       3       org.antlr.v4.runtime.atn.PredictionMode::hasSLLConflictTerminatingPrediction (109 bytes)
Event: 15.069 Thread 0x0000019dff736060 nmethod 6621 0x0000019d800c0b90 code [0x0000019d800c0e20, 0x0000019d800c1c10]
Event: 15.086 Thread 0x0000019dff736060 6622       3       org.antlr.v4.runtime.BufferedTokenStream::previousTokenOnChannel (69 bytes)
Event: 15.087 Thread 0x0000019dff736060 nmethod 6622 0x0000019d80913390 code [0x0000019d809135c0, 0x0000019d80913f50]
Event: 15.122 Thread 0x0000019dff736060 6623       3       org.antlr.v4.runtime.BufferedTokenStream::sync (55 bytes)
Event: 15.123 Thread 0x0000019dff736060 nmethod 6623 0x0000019d8041b190 code [0x0000019d8041b380, 0x0000019d8041b820]
Event: 15.123 Thread 0x0000019dff736060 6624       3       org.antlr.v4.runtime.atn.ParserATNSimulator::execATN (584 bytes)
Event: 15.127 Thread 0x0000019dff736060 nmethod 6624 0x0000019d807a3d10 code [0x0000019d807a4520, 0x0000019d807a9540]
Event: 15.127 Thread 0x0000019dff736060 6627 %     3       org.antlr.v4.runtime.atn.ParserATNSimulator::getUniqueAlt @ 7 (53 bytes)
Event: 15.128 Thread 0x0000019dff736060 nmethod 6627% 0x0000019d80817b10 code [0x0000019d80817d20, 0x0000019d808185e0]
Event: 15.128 Thread 0x0000019dff736060 6625       3       java.util.BitSet::or (105 bytes)
Event: 15.128 Thread 0x0000019dff736060 nmethod 6625 0x0000019d804b8d10 code [0x0000019d804b8f20, 0x0000019d804b9448]
Event: 15.128 Thread 0x0000019dff736060 6626       3       org.antlr.v4.runtime.misc.Array2DHashSet::<init> (61 bytes)
Event: 15.129 Thread 0x0000019dff736060 nmethod 6626 0x0000019d80824390 code [0x0000019d80824580, 0x0000019d80824998]
Event: 15.129 Thread 0x0000019dff736060 6628       3       org.antlr.v4.runtime.BufferedTokenStream::seek (14 bytes)
Event: 15.129 Thread 0x0000019dff736060 nmethod 6628 0x0000019d80041c10 code [0x0000019d80041e00, 0x0000019d800422f0]
Event: 15.129 Thread 0x0000019dff736060 6629       3       org.antlr.v4.runtime.Parser::exitRule (81 bytes)
Event: 15.129 Thread 0x0000019dff736060 nmethod 6629 0x0000019d808dc110 code [0x0000019d808dc300, 0x0000019d808dc968]
Event: 15.129 Thread 0x0000019dff736060 6630       3       org.antlr.v4.runtime.atn.ParserATNSimulator::closure (44 bytes)
Event: 15.130 Thread 0x0000019dff736060 nmethod 6630 0x0000019d8030b990 code [0x0000019d8030bb60, 0x0000019d8030beb8]

GC Heap History (20 events):
Event: 13.491 GC heap after
{Heap after GC invocations=25 (full 0):
 garbage-first heap   total 78848K, used 31212K [0x00000000c3a00000, 0x0000000100000000)
  region size 1024K, 2 young (2048K), 2 survivors (2048K)
 Metaspace       used 70910K, committed 71552K, reserved 1114112K
  class space    used 9736K, committed 10048K, reserved 1048576K
}
Event: 13.838 GC heap before
{Heap before GC invocations=25 (full 0):
 garbage-first heap   total 78848K, used 67052K [0x00000000c3a00000, 0x0000000100000000)
  region size 1024K, 37 young (37888K), 2 survivors (2048K)
 Metaspace       used 70911K, committed 71552K, reserved 1114112K
  class space    used 9736K, committed 10048K, reserved 1048576K
}
Event: 13.865 GC heap after
{Heap after GC invocations=26 (full 0):
 garbage-first heap   total 82944K, used 45056K [0x00000000c3a00000, 0x0000000100000000)
  region size 1024K, 5 young (5120K), 5 survivors (5120K)
 Metaspace       used 70911K, committed 71552K, reserved 1114112K
  class space    used 9736K, committed 10048K, reserved 1048576K
}
Event: 14.050 GC heap before
{Heap before GC invocations=27 (full 0):
 garbage-first heap   total 86016K, used 70656K [0x00000000c3a00000, 0x0000000100000000)
  region size 1024K, 29 young (29696K), 5 survivors (5120K)
 Metaspace       used 70912K, committed 71552K, reserved 1114112K
  class space    used 9737K, committed 10048K, reserved 1048576K
}
Event: 14.075 GC heap after
{Heap after GC invocations=28 (full 0):
 garbage-first heap   total 86016K, used 53760K [0x00000000c3a00000, 0x0000000100000000)
  region size 1024K, 4 young (4096K), 4 survivors (4096K)
 Metaspace       used 70912K, committed 71552K, reserved 1114112K
  class space    used 9737K, committed 10048K, reserved 1048576K
}
Event: 14.134 GC heap before
{Heap before GC invocations=28 (full 0):
 garbage-first heap   total 86016K, used 73216K [0x00000000c3a00000, 0x0000000100000000)
  region size 1024K, 23 young (23552K), 4 survivors (4096K)
 Metaspace       used 70913K, committed 71552K, reserved 1114112K
  class space    used 9737K, committed 10048K, reserved 1048576K
}
Event: 14.149 GC heap after
{Heap after GC invocations=29 (full 0):
 garbage-first heap   total 86016K, used 57139K [0x00000000c3a00000, 0x0000000100000000)
  region size 1024K, 3 young (3072K), 3 survivors (3072K)
 Metaspace       used 70913K, committed 71552K, reserved 1114112K
  class space    used 9737K, committed 10048K, reserved 1048576K
}
Event: 14.362 GC heap before
{Heap before GC invocations=29 (full 0):
 garbage-first heap   total 86016K, used 74547K [0x00000000c3a00000, 0x0000000100000000)
  region size 1024K, 20 young (20480K), 3 survivors (3072K)
 Metaspace       used 70913K, committed 71552K, reserved 1114112K
  class space    used 9737K, committed 10048K, reserved 1048576K
}
Event: 14.367 GC heap after
{Heap after GC invocations=30 (full 0):
 garbage-first heap   total 86016K, used 57647K [0x00000000c3a00000, 0x0000000100000000)
  region size 1024K, 1 young (1024K), 1 survivors (1024K)
 Metaspace       used 70913K, committed 71552K, reserved 1114112K
  class space    used 9737K, committed 10048K, reserved 1048576K
}
Event: 14.560 GC heap before
{Heap before GC invocations=31 (full 0):
 garbage-first heap   total 86016K, used 62767K [0x00000000c3a00000, 0x0000000100000000)
  region size 1024K, 19 young (19456K), 1 survivors (1024K)
 Metaspace       used 70927K, committed 71616K, reserved 1114112K
  class space    used 9737K, committed 10048K, reserved 1048576K
}
Event: 14.569 GC heap after
{Heap after GC invocations=32 (full 0):
 garbage-first heap   total 86016K, used 49689K [0x00000000c3a00000, 0x0000000100000000)
  region size 1024K, 3 young (3072K), 3 survivors (3072K)
 Metaspace       used 70927K, committed 71616K, reserved 1114112K
  class space    used 9737K, committed 10048K, reserved 1048576K
}
Event: 14.643 GC heap before
{Heap before GC invocations=32 (full 0):
 garbage-first heap   total 86016K, used 71193K [0x00000000c3a00000, 0x0000000100000000)
  region size 1024K, 24 young (24576K), 3 survivors (3072K)
 Metaspace       used 70930K, committed 71616K, reserved 1114112K
  class space    used 9737K, committed 10048K, reserved 1048576K
}
Event: 14.666 GC heap after
{Heap after GC invocations=33 (full 0):
 garbage-first heap   total 193536K, used 52224K [0x00000000c3a00000, 0x0000000100000000)
  region size 1024K, 3 young (3072K), 3 survivors (3072K)
 Metaspace       used 70930K, committed 71616K, reserved 1114112K
  class space    used 9737K, committed 10048K, reserved 1048576K
}
Event: 14.875 GC heap before
{Heap before GC invocations=33 (full 0):
 garbage-first heap   total 193536K, used 136192K [0x00000000c3a00000, 0x0000000100000000)
  region size 1024K, 84 young (86016K), 3 survivors (3072K)
 Metaspace       used 70930K, committed 71616K, reserved 1114112K
  class space    used 9737K, committed 10048K, reserved 1048576K
}
Event: 14.910 GC heap after
{Heap after GC invocations=34 (full 0):
 garbage-first heap   total 193536K, used 86016K [0x00000000c3a00000, 0x0000000100000000)
  region size 1024K, 11 young (11264K), 11 survivors (11264K)
 Metaspace       used 70930K, committed 71616K, reserved 1114112K
  class space    used 9737K, committed 10048K, reserved 1048576K
}
Event: 14.923 GC heap before
{Heap before GC invocations=34 (full 0):
 garbage-first heap   total 193536K, used 94208K [0x00000000c3a00000, 0x0000000100000000)
  region size 1024K, 20 young (20480K), 11 survivors (11264K)
 Metaspace       used 70930K, committed 71616K, reserved 1114112K
  class space    used 9737K, committed 10048K, reserved 1048576K
}
Event: 14.940 GC heap after
{Heap after GC invocations=35 (full 0):
 garbage-first heap   total 193536K, used 91136K [0x00000000c3a00000, 0x0000000100000000)
  region size 1024K, 4 young (4096K), 4 survivors (4096K)
 Metaspace       used 70930K, committed 71616K, reserved 1114112K
  class space    used 9737K, committed 10048K, reserved 1048576K
}
Event: 15.024 GC heap before
{Heap before GC invocations=35 (full 0):
 garbage-first heap   total 193536K, used 141312K [0x00000000c3a00000, 0x0000000100000000)
  region size 1024K, 51 young (52224K), 4 survivors (4096K)
 Metaspace       used 70932K, committed 71616K, reserved 1114112K
  class space    used 9737K, committed 10048K, reserved 1048576K
}
Event: 15.041 GC heap after
{Heap after GC invocations=36 (full 0):
 garbage-first heap   total 193536K, used 101888K [0x00000000c3a00000, 0x0000000100000000)
  region size 1024K, 7 young (7168K), 7 survivors (7168K)
 Metaspace       used 70932K, committed 71616K, reserved 1114112K
  class space    used 9737K, committed 10048K, reserved 1048576K
}
Event: 15.134 GC heap before
{Heap before GC invocations=36 (full 0):
 garbage-first heap   total 209920K, used 147968K [0x00000000c3a00000, 0x0000000100000000)
  region size 1024K, 53 young (54272K), 7 survivors (7168K)
 Metaspace       used 70947K, committed 71616K, reserved 1114112K
  class space    used 9737K, committed 10048K, reserved 1048576K
}

Dll operation events (12 events):
Event: 0.019 Loaded shared library C:\Program Files\Java\jdk-21\bin\java.dll
Event: 0.021 Loaded shared library C:\Program Files\Java\jdk-21\bin\zip.dll
Event: 0.079 Loaded shared library C:\Program Files\Java\jdk-21\bin\jsvml.dll
Event: 0.429 Loaded shared library C:\Program Files\Java\jdk-21\bin\instrument.dll
Event: 0.436 Loaded shared library C:\Program Files\Java\jdk-21\bin\net.dll
Event: 0.439 Loaded shared library C:\Program Files\Java\jdk-21\bin\nio.dll
Event: 0.448 Loaded shared library C:\Program Files\Java\jdk-21\bin\zip.dll
Event: 0.471 Loaded shared library C:\Program Files\JetBrains\IntelliJ IDEA Community Edition 2024.3.1.1\bin\breakgen64.dll
Event: 0.498 Loaded shared library C:\Program Files\Java\jdk-21\bin\extnet.dll
Event: 1.011 Loaded shared library C:\Program Files\Java\jdk-21\bin\jimage.dll
Event: 5.296 Loaded shared library C:\Program Files\Java\jdk-21\bin\sunmscapi.dll
Event: 9.135 Loaded shared library C:\Program Files\Java\jdk-21\bin\verify.dll

Deoptimization events (20 events):
Event: 14.747 Thread 0x0000019df39a5140 DEOPT PACKING pc=0x0000019d800a50c7 sp=0x0000006c2fcf8b30
Event: 14.747 Thread 0x0000019df39a5140 DEOPT UNPACKING pc=0x0000019d875888e2 sp=0x0000006c2fcf80d8 mode 0
Event: 14.950 Thread 0x0000019df39a5140 DEOPT PACKING pc=0x0000019d808c549d sp=0x0000006c2fcf8b90
Event: 14.950 Thread 0x0000019df39a5140 DEOPT UNPACKING pc=0x0000019d875888e2 sp=0x0000006c2fcf8088 mode 0
Event: 14.995 Thread 0x0000019df39a5140 Uncommon trap: trap_request=0xffffff45 fr.pc=0x0000019d87d66c18 relative=0x0000000000001f18
Event: 14.995 Thread 0x0000019df39a5140 Uncommon trap: reason=unstable_if action=reinterpret pc=0x0000019d87d66c18 method=org.antlr.v4.runtime.atn.ParserATNSimulator.computeReachSet(Lorg/antlr/v4/runtime/atn/ATNConfigSet;IZ)Lorg/antlr/v4/runtime/atn/ATNConfigSet; @ 146 c2
Event: 14.995 Thread 0x0000019df39a5140 DEOPT PACKING pc=0x0000019d87d66c18 sp=0x0000006c2fcf8ac0
Event: 14.995 Thread 0x0000019df39a5140 DEOPT UNPACKING pc=0x0000019d87587da2 sp=0x0000006c2fcf8a90 mode 2
Event: 15.044 Thread 0x0000019df39a5140 DEOPT PACKING pc=0x0000019d80048e25 sp=0x0000006c2fcf8990
Event: 15.044 Thread 0x0000019df39a5140 DEOPT UNPACKING pc=0x0000019d875888e2 sp=0x0000006c2fcf7e28 mode 0
Event: 15.050 Thread 0x0000019df39a5140 Uncommon trap: trap_request=0xffffffc6 fr.pc=0x0000019d87c34078 relative=0x0000000000001758
Event: 15.050 Thread 0x0000019df39a5140 Uncommon trap: reason=bimorphic_or_optimized_type_check action=maybe_recompile pc=0x0000019d87c34078 method=org.antlr.v4.runtime.atn.PredictionContext.mergeSingletons(Lorg/antlr/v4/runtime/atn/SingletonPredictionContext;Lorg/antlr/v4/runtime/atn/Singleton
Event: 15.050 Thread 0x0000019df39a5140 DEOPT PACKING pc=0x0000019d87c34078 sp=0x0000006c2fcf6380
Event: 15.050 Thread 0x0000019df39a5140 DEOPT UNPACKING pc=0x0000019d87587da2 sp=0x0000006c2fcf6340 mode 2
Event: 15.051 Thread 0x0000019df39a5140 Uncommon trap: trap_request=0xffffffc6 fr.pc=0x0000019d87c34078 relative=0x0000000000001758
Event: 15.051 Thread 0x0000019df39a5140 Uncommon trap: reason=bimorphic_or_optimized_type_check action=maybe_recompile pc=0x0000019d87c34078 method=org.antlr.v4.runtime.atn.PredictionContext.mergeSingletons(Lorg/antlr/v4/runtime/atn/SingletonPredictionContext;Lorg/antlr/v4/runtime/atn/Singleton
Event: 15.051 Thread 0x0000019df39a5140 DEOPT PACKING pc=0x0000019d87c34078 sp=0x0000006c2fcf55b0
Event: 15.051 Thread 0x0000019df39a5140 DEOPT UNPACKING pc=0x0000019d87587da2 sp=0x0000006c2fcf5570 mode 2
Event: 15.129 Thread 0x0000019df39a5140 DEOPT PACKING pc=0x0000019d808b4447 sp=0x0000006c2fcf8a80
Event: 15.129 Thread 0x0000019df39a5140 DEOPT UNPACKING pc=0x0000019d875888e2 sp=0x0000006c2fcf8028 mode 0

Classes loaded (20 events):
Event: 13.421 Loading class org/springframework/beans/factory/annotation/AutowiredAnnotationBeanPostProcessor$ShortcutDependencyDescriptor
Event: 13.421 Loading class org/springframework/beans/factory/annotation/AutowiredAnnotationBeanPostProcessor$ShortcutDependencyDescriptor done
Event: 13.438 Loading class com/application/API_E_commerce/domain/address/Address
Event: 13.438 Loading class com/application/API_E_commerce/domain/address/Address done
Event: 13.441 Loading class com/application/API_E_commerce/domain/payment/Payment
Event: 13.441 Loading class com/application/API_E_commerce/domain/payment/Payment done
Event: 13.444 Loading class com/application/API_E_commerce/domain/product/dtos/ProductFiltersCriteria
Event: 13.444 Loading class com/application/API_E_commerce/domain/product/dtos/ProductFiltersCriteria done
Event: 13.464 Loading class org/springframework/data/domain/Range$Bound
Event: 13.464 Loading class org/springframework/data/domain/Range$Bound done
Event: 13.466 Loading class org/springframework/data/domain/Range$RangeBuilder
Event: 13.466 Loading class org/springframework/data/domain/Range$RangeBuilder done
Event: 13.468 Loading class org/springframework/data/domain/Range
Event: 13.468 Loading class org/springframework/data/domain/Range done
Event: 13.468 Loading class org/springframework/data/domain/Range
Event: 13.468 Loading class org/springframework/data/domain/Range done
Event: 13.469 Loading class org/springframework/data/jpa/repository/query/ParameterBinding$MethodInvocationArgument
Event: 13.469 Loading class org/springframework/data/jpa/repository/query/ParameterBinding$MethodInvocationArgument done
Event: 14.039 Loading class org/antlr/v4/runtime/dfa/DFAState$PredPrediction
Event: 14.039 Loading class org/antlr/v4/runtime/dfa/DFAState$PredPrediction done

Classes unloaded (0 events):
No events

Classes redefined (1 events):
Event: 0.517 Thread 0x0000019dff7066d0 redefined class name=java.lang.Throwable, count=1

Internal exceptions (20 events):
Event: 11.461 Thread 0x0000019df39a5140 Exception <a 'java/lang/NoSuchMethodError'{0x00000000c7560198}: 'void java.lang.invoke.DirectMethodHandle$Holder.invokeSpecial(java.lang.Object, java.lang.Object, java.lang.Object, java.lang.Object, java.lang.Object, java.lang.Object, java.lang.Object, java.lang.Object)'> (0x00000000c7560198) 
thrown [s\open\src\hotspot\share\interpreter\linkResolver.cpp, line 773]
Event: 11.466 Thread 0x0000019df39a5140 Exception <a 'java/lang/NoSuchMethodError'{0x00000000c75a5838}: 'void java.lang.invoke.DirectMethodHandle$Holder.invokeSpecial(java.lang.Object, java.lang.Object, int, java.lang.Object)'> (0x00000000c75a5838) 
thrown [s\open\src\hotspot\share\interpreter\linkResolver.cpp, line 773]
Event: 11.467 Thread 0x0000019df39a5140 Exception <a 'java/lang/IncompatibleClassChangeError'{0x00000000c75ac3a8}: Found class java.lang.Object, but interface was expected> (0x00000000c75ac3a8) 
thrown [s\open\src\hotspot\share\interpreter\linkResolver.cpp, line 840]
Event: 11.493 Thread 0x0000019df39a5140 Exception <a 'java/lang/NoSuchMethodError'{0x00000000c736f600}: 'int java.lang.invoke.DirectMethodHandle$Holder.invokeStatic(java.lang.Object, int, java.lang.Object)'> (0x00000000c736f600) 
thrown [s\open\src\hotspot\share\interpreter\linkResolver.cpp, line 773]
Event: 11.496 Thread 0x0000019df39a5140 Exception <a 'java/lang/NoSuchMethodError'{0x00000000c7390f50}: 'java.lang.Object java.lang.invoke.DirectMethodHandle$Holder.newInvokeSpecial(java.lang.Object, java.lang.Object, java.lang.Object, java.lang.Object, java.lang.Object, int, java.lang.Object)'> (0x00000000c7390f50) 
thrown [s\open\src\hotspot\share\interpreter\linkResolver.cpp, line 773]
Event: 11.503 Thread 0x0000019df39a5140 Exception <a 'java/lang/NoSuchMethodError'{0x00000000c73cff90}: 'java.lang.Object java.lang.invoke.DirectMethodHandle$Holder.newInvokeSpecial(java.lang.Object, java.lang.Object, java.lang.Object, java.lang.Object, java.lang.Object, java.lang.Object, java.lang.Object, java.lang.Object, java.lang.Object, java.lang.Object, java.lang.Object, java.lang.Object)'> (0x00000000c73cff90) 
thrown [s\open\src\hotspot\share\interpreter\linkResolver.cpp, line 773]
Event: 11.503 Thread 0x0000019df39a5140 Exception <a 'java/lang/NoSuchMethodError'{0x00000000c73d5058}: 'java.lang.Object java.lang.invoke.DirectMethodHandle$Holder.invokeSpecial(java.lang.Object, java.lang.Object, java.lang.Object, java.lang.Object, java.lang.Object, java.lang.Object, java.lang.Object, java.lang.Object, java.lang.Object, java.lang.Object, java.lang.Object, java.lang.Object, java.lang.Object)'> (0x00000000c73d5058) 
thrown [s\open\src\hotspot\share\interpreter\linkResolver.cpp, line 773]
Event: 11.503 Thread 0x0000019df39a5140 Exception <a 'java/lang/NoSuchMethodError'{0x00000000c73d9d18}: 'java.lang.Object java.lang.invoke.Invokers$Holder.linkToTargetMethod(java.lang.Object, java.lang.Object, java.lang.Object, java.lang.Object, java.lang.Object, java.lang.Object, java.lang.Object, java.lang.Object, java.lang.Object, java.lang.Object, java.lang.Object, java.lang.Object)'> (0x00000000c73d9d18) 
thrown [s\open\src\hotspot\share\interpreter\linkResolver.cpp, line 773]
Event: 11.546 Thread 0x0000019df39a5140 Exception <a 'java/lang/IncompatibleClassChangeError'{0x00000000c6de0b08}: Found class java.lang.Object, but interface was expected> (0x00000000c6de0b08) 
thrown [s\open\src\hotspot\share\interpreter\linkResolver.cpp, line 840]
Event: 11.559 Thread 0x0000019df39a5140 Exception <a 'java/lang/NoSuchMethodError'{0x00000000c6c71c38}: 'java.lang.Object java.lang.invoke.DirectMethodHandle$Holder.newInvokeSpecial(java.lang.Object, java.lang.Object, int, java.lang.Object, int, java.lang.Object, java.lang.Object)'> (0x00000000c6c71c38) 
thrown [s\open\src\hotspot\share\interpreter\linkResolver.cpp, line 773]
Event: 11.566 Thread 0x0000019df39a5140 Exception <a 'java/lang/NoSuchMethodError'{0x00000000c6ccdd10}: 'java.lang.Object java.lang.invoke.DirectMethodHandle$Holder.newInvokeSpecial(java.lang.Object, java.lang.Object, java.lang.Object, java.lang.Object, java.lang.Object, java.lang.Object, java.lang.Object, int)'> (0x00000000c6ccdd10) 
thrown [s\open\src\hotspot\share\interpreter\linkResolver.cpp, line 773]
Event: 11.566 Thread 0x0000019df39a5140 Exception <a 'java/lang/NoSuchMethodError'{0x00000000c6cd2a58}: 'java.lang.Object java.lang.invoke.DirectMethodHandle$Holder.invokeSpecial(java.lang.Object, java.lang.Object, java.lang.Object, java.lang.Object, java.lang.Object, java.lang.Object, java.lang.Object, java.lang.Object, int)'> (0x00000000c6cd2a58) 
thrown [s\open\src\hotspot\share\interpreter\linkResolver.cpp, line 773]
Event: 11.566 Thread 0x0000019df39a5140 Exception <a 'java/lang/NoSuchMethodError'{0x00000000c6cd7258}: 'java.lang.Object java.lang.invoke.Invokers$Holder.linkToTargetMethod(java.lang.Object, java.lang.Object, java.lang.Object, java.lang.Object, java.lang.Object, java.lang.Object, int, java.lang.Object)'> (0x00000000c6cd7258) 
thrown [s\open\src\hotspot\share\interpreter\linkResolver.cpp, line 773]
Event: 11.765 Thread 0x0000019df39a5140 Exception <a 'java/lang/NoSuchMethodError'{0x00000000c64ab040}: 'void java.lang.invoke.Invokers$Holder.invokeExact_MT(java.lang.Object, java.lang.Object, java.lang.Object, java.lang.Object)'> (0x00000000c64ab040) 
thrown [s\open\src\hotspot\share\interpreter\linkResolver.cpp, line 773]
Event: 11.782 Thread 0x0000019df39a5140 Implicit null exception at 0x0000019d87b51277 to 0x0000019d87b514e8
Event: 11.800 Thread 0x0000019df39a5140 Implicit null exception at 0x0000019d87c1b83a to 0x0000019d87c1b874
Event: 11.841 Thread 0x0000019df39a5140 Exception <a 'java/lang/IncompatibleClassChangeError'{0x00000000c60f8470}: Found class java.lang.Object, but interface was expected> (0x00000000c60f8470) 
thrown [s\open\src\hotspot\share\interpreter\linkResolver.cpp, line 840]
Event: 11.900 Thread 0x0000019df39a5140 Exception <a 'java/lang/IncompatibleClassChangeError'{0x00000000c5ecf998}: Found class java.lang.Object, but interface was expected> (0x00000000c5ecf998) 
thrown [s\open\src\hotspot\share\interpreter\linkResolver.cpp, line 840]
Event: 12.086 Thread 0x0000019df39a5140 Exception <a 'java/lang/IncompatibleClassChangeError'{0x00000000c743f268}: Found class java.lang.Object, but interface was expected> (0x00000000c743f268) 
thrown [s\open\src\hotspot\share\interpreter\linkResolver.cpp, line 840]
Event: 13.298 Thread 0x0000019df39a5140 Exception <a 'java/lang/NoSuchMethodError'{0x00000000c6443868}: 'int java.lang.invoke.DirectMethodHandle$Holder.invokeStaticInit(java.lang.Object, int, java.lang.Object, java.lang.Object, java.lang.Object, java.lang.Object)'> (0x00000000c6443868) 
thrown [s\open\src\hotspot\share\interpreter\linkResolver.cpp, line 773]

ZGC Phase Switch (0 events):
No events

VM Operations (20 events):
Event: 14.149 Executing VM operation: G1CollectForAllocation (G1 Evacuation Pause) done
Event: 14.362 Executing VM operation: G1CollectForAllocation (G1 Evacuation Pause)
Event: 14.399 Executing VM operation: G1CollectForAllocation (G1 Evacuation Pause) done
Event: 14.471 Executing VM operation: G1PauseRemark
Event: 14.478 Executing VM operation: G1PauseRemark done
Event: 14.512 Executing VM operation: G1PauseCleanup
Event: 14.512 Executing VM operation: G1PauseCleanup done
Event: 14.560 Executing VM operation: G1CollectForAllocation (G1 Evacuation Pause)
Event: 14.569 Executing VM operation: G1CollectForAllocation (G1 Evacuation Pause) done
Event: 14.643 Executing VM operation: G1CollectForAllocation (G1 Evacuation Pause)
Event: 14.666 Executing VM operation: G1CollectForAllocation (G1 Evacuation Pause) done
Event: 14.875 Executing VM operation: G1CollectForAllocation (G1 Evacuation Pause)
Event: 14.910 Executing VM operation: G1CollectForAllocation (G1 Evacuation Pause) done
Event: 14.923 Executing VM operation: G1TryInitiateConcMark (G1 Humongous Allocation)
Event: 14.940 Executing VM operation: G1TryInitiateConcMark (G1 Humongous Allocation) done
Event: 15.024 Executing VM operation: G1CollectForAllocation (G1 Evacuation Pause)
Event: 15.041 Executing VM operation: G1CollectForAllocation (G1 Evacuation Pause) done
Event: 15.080 Executing VM operation: G1PauseRemark
Event: 15.084 Executing VM operation: G1PauseRemark done
Event: 15.134 Executing VM operation: G1CollectForAllocation (G1 Evacuation Pause)

Events (20 events):
Event: 15.084 Thread 0x0000019dff7066d0 flushing nmethod 0x0000019d809d4610
Event: 15.084 Thread 0x0000019dff7066d0 flushing nmethod 0x0000019d809db590
Event: 15.084 Thread 0x0000019dff7066d0 flushing nmethod 0x0000019d809d7910
Event: 15.084 Thread 0x0000019dff7066d0 flushing nmethod 0x0000019d80942a10
Event: 15.084 Thread 0x0000019dff7066d0 flushing nmethod 0x0000019d80913390
Event: 15.084 Thread 0x0000019dff7066d0 flushing nmethod 0x0000019d808e8f10
Event: 15.084 Thread 0x0000019dff7066d0 flushing nmethod 0x0000019d80897810
Event: 15.084 Thread 0x0000019dff7066d0 flushing nmethod 0x0000019d80817b10
Event: 15.084 Thread 0x0000019dff7066d0 flushing nmethod 0x0000019d8081c890
Event: 15.084 Thread 0x0000019dff7066d0 flushing nmethod 0x0000019d807a3610
Event: 15.084 Thread 0x0000019dff7066d0 flushing nmethod 0x0000019d8068f090
Event: 15.084 Thread 0x0000019dff7066d0 flushing nmethod 0x0000019d8066ef10
Event: 15.084 Thread 0x0000019dff7066d0 flushing nmethod 0x0000019d80285490
Event: 15.084 Thread 0x0000019dff7066d0 flushing nmethod 0x0000019d80200690
Event: 15.084 Thread 0x0000019dff7066d0 flushing nmethod 0x0000019d87d98410
Event: 15.084 Thread 0x0000019dff7066d0 flushing nmethod 0x0000019d87de5490
Event: 15.084 Thread 0x0000019dff7066d0 flushing nmethod 0x0000019d87dde710
Event: 15.084 Thread 0x0000019dff7066d0 flushing nmethod 0x0000019d87dd6210
Event: 15.084 Thread 0x0000019dff7066d0 flushing nmethod 0x0000019d87c62890
Event: 15.084 Thread 0x0000019dff7066d0 flushing nmethod 0x0000019d87b6ce90


Dynamic libraries:
0x00007ff791de0000 - 0x00007ff791df0000 	C:\Program Files\Java\jdk-21\bin\java.exe
0x00007ff8bade0000 - 0x00007ff8bb043000 	C:\WINDOWS\SYSTEM32\ntdll.dll
0x00007ff8ba140000 - 0x00007ff8ba207000 	C:\WINDOWS\System32\KERNEL32.DLL
0x00007ff8b8850000 - 0x00007ff8b8c17000 	C:\WINDOWS\System32\KERNELBASE.dll
0x00007ff8b8700000 - 0x00007ff8b884c000 	C:\WINDOWS\System32\ucrtbase.dll
0x00007ff8aabf0000 - 0x00007ff8aac0b000 	C:\Program Files\Java\jdk-21\bin\VCRUNTIME140.dll
0x00007ff8b2d30000 - 0x00007ff8b2d49000 	C:\Program Files\Java\jdk-21\bin\jli.dll
0x00007ff8b95b0000 - 0x00007ff8b9664000 	C:\WINDOWS\System32\ADVAPI32.dll
0x00007ff8b9840000 - 0x00007ff8b98e9000 	C:\WINDOWS\System32\msvcrt.dll
0x00007ff8b96c0000 - 0x00007ff8b9766000 	C:\WINDOWS\System32\sechost.dll
0x00007ff8b9e90000 - 0x00007ff8b9fa6000 	C:\WINDOWS\System32\RPCRT4.dll
0x00007ff8ba740000 - 0x00007ff8ba909000 	C:\WINDOWS\System32\USER32.dll
0x00007ff8b84f0000 - 0x00007ff8b8517000 	C:\WINDOWS\System32\win32u.dll
0x00007ff8ba110000 - 0x00007ff8ba13a000 	C:\WINDOWS\System32\GDI32.dll
0x00007ff8b85d0000 - 0x00007ff8b86fb000 	C:\WINDOWS\System32\gdi32full.dll
0x00007ff8a5160000 - 0x00007ff8a53f0000 	C:\WINDOWS\WinSxS\amd64_microsoft.windows.common-controls_6595b64144ccf1df_6.0.26100.3037_none_3e09262ce333c378\COMCTL32.dll
0x00007ff8b8520000 - 0x00007ff8b85c3000 	C:\WINDOWS\System32\msvcp_win.dll
0x00007ff8b0d90000 - 0x00007ff8b0d9b000 	C:\WINDOWS\SYSTEM32\VERSION.dll
0x00007ff8b9670000 - 0x00007ff8b969f000 	C:\WINDOWS\System32\IMM32.DLL
0x00007ff8aabe0000 - 0x00007ff8aabec000 	C:\Program Files\Java\jdk-21\bin\vcruntime140_1.dll
0x00007ff890ad0000 - 0x00007ff890b5e000 	C:\Program Files\Java\jdk-21\bin\msvcp140.dll
0x00007ff8715c0000 - 0x00007ff8722d5000 	C:\Program Files\Java\jdk-21\bin\server\jvm.dll
0x00007ff8b98f0000 - 0x00007ff8b9964000 	C:\WINDOWS\System32\WS2_32.dll
0x00007ff89f0c0000 - 0x00007ff89f0f6000 	C:\WINDOWS\SYSTEM32\WINMM.dll
0x00007ff8b8010000 - 0x00007ff8b805e000 	C:\WINDOWS\SYSTEM32\POWRPROF.dll
0x00007ff8b7ff0000 - 0x00007ff8b8004000 	C:\WINDOWS\SYSTEM32\UMPDC.dll
0x00007ff8b6f90000 - 0x00007ff8b6faa000 	C:\WINDOWS\SYSTEM32\kernel.appcore.dll
0x00007ff8aa980000 - 0x00007ff8aa98a000 	C:\Program Files\Java\jdk-21\bin\jimage.dll
0x00007ff8b5920000 - 0x00007ff8b5b61000 	C:\WINDOWS\SYSTEM32\DBGHELP.DLL
0x00007ff8ba990000 - 0x00007ff8bad0e000 	C:\WINDOWS\System32\combase.dll
0x00007ff8ba210000 - 0x00007ff8ba2e6000 	C:\WINDOWS\System32\OLEAUT32.dll
0x00007ff89efd0000 - 0x00007ff89f009000 	C:\WINDOWS\SYSTEM32\dbgcore.DLL
0x00007ff8b8450000 - 0x00007ff8b84e9000 	C:\WINDOWS\System32\bcryptPrimitives.dll
0x00007ff8a4070000 - 0x00007ff8a407f000 	C:\Program Files\Java\jdk-21\bin\instrument.dll
0x00007ff8a9020000 - 0x00007ff8a903f000 	C:\Program Files\Java\jdk-21\bin\java.dll
0x00007ff8a40c0000 - 0x00007ff8a40d8000 	C:\Program Files\Java\jdk-21\bin\zip.dll
0x00007ff8b8d10000 - 0x00007ff8b9414000 	C:\WINDOWS\System32\SHELL32.dll
0x00007ff8b5e60000 - 0x00007ff8b6697000 	C:\WINDOWS\SYSTEM32\windows.storage.dll
0x00007ff8b8c20000 - 0x00007ff8b8d09000 	C:\WINDOWS\System32\SHCORE.dll
0x00007ff8ba930000 - 0x00007ff8ba98d000 	C:\WINDOWS\System32\shlwapi.dll
0x00007ff8b8090000 - 0x00007ff8b80be000 	C:\WINDOWS\SYSTEM32\profapi.dll
0x00007ff890590000 - 0x00007ff890667000 	C:\Program Files\Java\jdk-21\bin\jsvml.dll
0x00007ff8a97a0000 - 0x00007ff8a97b0000 	C:\Program Files\Java\jdk-21\bin\net.dll
0x00007ff8afe60000 - 0x00007ff8aff7e000 	C:\WINDOWS\SYSTEM32\WINHTTP.dll
0x00007ff8b74c0000 - 0x00007ff8b7528000 	C:\WINDOWS\system32\mswsock.dll
0x00007ff8a8ab0000 - 0x00007ff8a8ac6000 	C:\Program Files\Java\jdk-21\bin\nio.dll
0x00007ff8a3f80000 - 0x00007ff8a3f9a000 	C:\Program Files\JetBrains\IntelliJ IDEA Community Edition 2024.3.1.1\bin\breakgen64.dll
0x00007ff8a70e0000 - 0x00007ff8a70e7000 	C:\Program Files\Java\jdk-21\bin\extnet.dll
0x00007ff8a8ee0000 - 0x00007ff8a8eee000 	C:\Program Files\Java\jdk-21\bin\sunmscapi.dll
0x00007ff8b8180000 - 0x00007ff8b82f6000 	C:\WINDOWS\System32\CRYPT32.dll
0x00007ff8b7960000 - 0x00007ff8b7990000 	C:\WINDOWS\SYSTEM32\ncrypt.dll
0x00007ff8b7910000 - 0x00007ff8b794f000 	C:\WINDOWS\SYSTEM32\NTASN1.dll
0x00007ff8b7760000 - 0x00007ff8b777c000 	C:\WINDOWS\SYSTEM32\CRYPTSP.dll
0x00007ff8b6ee0000 - 0x00007ff8b6f18000 	C:\WINDOWS\system32\rsaenh.dll
0x00007ff8b7560000 - 0x00007ff8b758b000 	C:\WINDOWS\SYSTEM32\USERENV.dll
0x00007ff8b79a0000 - 0x00007ff8b79c6000 	C:\WINDOWS\SYSTEM32\bcrypt.dll
0x00007ff8b7780000 - 0x00007ff8b778c000 	C:\WINDOWS\SYSTEM32\CRYPTBASE.dll
0x00007ff8b69f0000 - 0x00007ff8b6a22000 	C:\WINDOWS\SYSTEM32\IPHLPAPI.DLL
0x00007ff8ba920000 - 0x00007ff8ba92a000 	C:\WINDOWS\System32\NSI.dll
0x00007ff8a3f70000 - 0x00007ff8a3f80000 	C:\Program Files\Java\jdk-21\bin\verify.dll

dbghelp: loaded successfully - version: 4.0.5 - missing functions: none
symbol engine: initialized successfully - sym options: 0x614 - pdb path: .;C:\Program Files\Java\jdk-21\bin;C:\WINDOWS\SYSTEM32;C:\WINDOWS\WinSxS\amd64_microsoft.windows.common-controls_6595b64144ccf1df_6.0.26100.3037_none_3e09262ce333c378;C:\Program Files\Java\jdk-21\bin\server;C:\Program Files\JetBrains\IntelliJ IDEA Community Edition 2024.3.1.1\bin

VM Arguments:
jvm_args: -ea -Didea.test.cyclic.buffer.size=1048576 -javaagent:C:\Program Files\JetBrains\IntelliJ IDEA Community Edition 2024.3.1.1\lib\idea_rt.jar=58407:C:\Program Files\JetBrains\IntelliJ IDEA Community Edition 2024.3.1.1\bin -javaagent:C:\Users\USER\AppData\Local\JetBrains\IdeaIC2024.3\captureAgent\debugger-agent.jar -Dkotlinx.coroutines.debug.enable.creation.stack.trace=false -Ddebugger.agent.enable.coroutines=true -Dkotlinx.coroutines.debug.enable.flows.stack.trace=true -Dkotlinx.coroutines.debug.enable.mutable.state.flows.stack.trace=true -Dfile.encoding=UTF-8 -Dsun.stdout.encoding=UTF-8 -Dsun.stderr.encoding=UTF-8 
java_command: com.intellij.rt.junit.JUnitStarter -ideVersion5 -junit5 com.application.API_E_commerce.application.services.ProductServiceIntegrationTest$ProductCategory,shouldRemoveProductFromCategoryWhenProductAndCategoryExist
java_class_path (initial): C:\Users\USER\.m2\repository\org\junit\platform\junit-platform-launcher\1.11.4\junit-platform-launcher-1.11.4.jar;C:\Program Files\JetBrains\IntelliJ IDEA Community Edition 2024.3.1.1\lib\idea_rt.jar;C:\Program Files\JetBrains\IntelliJ IDEA Community Edition 2024.3.1.1\plugins\junit\lib\junit5-rt.jar;C:\Program Files\JetBrains\IntelliJ IDEA Community Edition 2024.3.1.1\plugins\junit\lib\junit-rt.jar;C:\Users\USER\Desktop\projects\Freelancer\APIE-commerce\API-E-commerce\target\test-classes;C:\Users\USER\Desktop\projects\Freelancer\APIE-commerce\API-E-commerce\target\classes;C:\Users\USER\.m2\repository\org\springframework\boot\spring-boot-starter-data-jpa\3.4.1\spring-boot-starter-data-jpa-3.4.1.jar;C:\Users\USER\.m2\repository\org\springframework\boot\spring-boot-starter\3.4.1\spring-boot-starter-3.4.1.jar;C:\Users\USER\.m2\repository\org\springframework\boot\spring-boot-starter-logging\3.4.1\spring-boot-starter-logging-3.4.1.jar;C:\Users\USER\.m2\repository\ch\qos\logback\logback-classic\1.5.12\logback-classic-1.5.12.jar;C:\Users\USER\.m2\repository\ch\qos\logback\logback-core\1.5.12\logback-core-1.5.12.jar;C:\Users\USER\.m2\repository\org\apache\logging\log4j\log4j-to-slf4j\2.24.3\log4j-to-slf4j-2.24.3.jar;C:\Users\USER\.m2\repository\org\apache\logging\log4j\log4j-api\2.24.3\log4j-api-2.24.3.jar;C:\Users\USER\.m2\repository\org\slf4j\jul-to-slf4j\2.0.16\jul-to-slf4j-2.0.16.jar;C:\Users\USER\.m2\repository\jakarta\annotation\jakarta.annotation-api\2.1.1\jakarta.annotation-api-2.1.1.jar;C:\Users\USER\.m2\repository\org\yaml\snakeyaml\2.3\snakeyaml-2.3.jar;C:\Users\USER\.m2\repository\org\springframework\boot\spring-boot-starter-jdbc\3.4.1\spring-boot-starter-jdbc-3.4.1.jar;C:\Users\USER\.m2\repository\com\zaxxer\HikariCP\5.1.0\HikariCP-5.1.0.jar;C:\Users\USER\.m2\repository\org\springframework\spring-jdbc\6.2.1\spring-jdbc-6.2.1.jar;C:\Users\USER\.m2\repository\org\hibernate\orm\hibernate-core\6.6.4.Final\hibernate-core-6.6.4.Final.jar;C:\Users\USER\.m2\repository\jakarta\persistence\jakarta.persistence-api\3.1.0\jakarta.persistence-api-3.1.0.jar;C:\Users\USER\.m2\repository\jakarta\transaction\jakarta.transaction-api\2.0.1\jakarta.transaction-api-2.0.1.jar;C:\Users\USER\.m2\repository\org\jboss\logging\jboss-logging\3.6.1.Final\jboss-logging-3.6.1.Final.jar;C:\Users\USER\.m2\repository\org\hibernate\common\hibernate-commons-annotations\7.0.3.Final\hibernate-commons-annotations-7.0.3.Final.jar;C:\Users\USER\.m2\repository\io\smallrye\jandex\3.2.0\jandex-3.2.0.jar;C:\Users\USER\.m2\repository\com\fasterxml\classmate\1.7.0\classmate-1.7.0.jar;C:\Users\USER\.m2\repository\org\glassfish\jaxb\jaxb-runtime\4.0.5\jaxb-runtime-4.0.5.jar;C:\Users\USER\.m2\repository\org\glassfish\jaxb\jaxb-core\4.0.5\jaxb-core-4.0.5.jar;C:\Users\USER\.m2\repository\org\eclipse\angus\angus-activation\2.0.2\angus-activation-2.0.2.jar;C:\Users\USER\.m2\repository\org\glassfish\jaxb\txw2\4.0.5\txw2-4.0.5.jar;C:\Users\USER\.m2\repository\com\sun\istack\istack-commons-runtime\4.1.2\istack-commons-runtime-4.1.2.jar;C:\Users\USER\.m2\repository\jakarta\inject\jakarta.inject-api\2.0.1\jakarta.inject-api-2.0.1.jar;C:\Users\USER\.m2\repository\org\antlr\antlr4-runtime\4.13.0\antlr4-runtime-4.13.0.jar;C:\Users\USER\.m2\repository\org\springframework\data\spring-data-jpa\3.4.1\spring-data-jpa-3.4.1.jar;C:\Users\USER\.m2\repository\org\springframework\data\spring-data-commons\3.4.1\spring-data-commons-3.4.1.jar;C:\Users\USER\.m2\repository\org\springframework\spring-orm\6.2.1\spring-orm-6.2.1.jar;C:\Users\USER\.m2\repository\org\springframework\spring-context\6.2.1\spring-context-6.2.1.jar;C:\Users\USER\.m2\repository\org\springframework\spring-aop\6.2.1\spring-aop-6.2.1.jar;C:\Users\USER\.m2\repository\org\springframework\spring-tx\6.2.1\spring-tx-6.2.1.jar;C:\Users\USER\.m2\repository\org\springframework\spring-beans\6.2.1\spring-beans-6.2.1.jar;C:\Users\USER\.m2\repository\org\slf4j\slf4j-api\2.0.16\slf4j-api-2.0.16.jar;C:\Users\USER\.m2\repository\org\springframework\spring-aspects\6.2.1\spring-aspects-6.2.1.jar;C:\Users\USER\.m2\repository\org\aspectj\aspectjweaver\1.9.22.1\aspectjweaver-1.9.22.1.jar;C:\Users\USER\.m2\repository\org\springframework\boot\spring-boot-starter-web\3.4.1\spring-boot-starter-web-3.4.1.jar;C:\Users\USER\.m2\repository\org\springframework\boot\spring-boot-starter-json\3.4.1\spring-boot-starter-json-3.4.1.jar;C:\Users\USER\.m2\repository\com\fasterxml\jackson\core\jackson-databind\2.18.2\jackson-databind-2.18.2.jar;C:\Users\USER\.m2\repository\com\fasterxml\jackson\core\jackson-annotations\2.18.2\jackson-annotations-2.18.2.jar;C:\Users\USER\.m2\repository\com\fasterxml\jackson\core\jackson-core\2.18.2\jackson-core-2.18.2.jar;C:\Users\USER\.m2\repository\com\fasterxml\jackson\datatype\jackson-datatype-jdk8\2.18.2\jackson-datatype-jdk8-2.18.2.jar;C:\Users\USER\.m2\repository\com\fasterxml\jackson\datatype\jackson-datatype-jsr310\2.18.2\jackson-datatype-jsr310-2.18.2.jar;C:\Users\USER\.m2\repository\com\fasterxml\jackson\module\jackson-module-parameter-names\2.18.2\jackson-module-parameter-names-2.18.2.jar;C:\Users\USER\.m2\repository\org\springframework\boot\spring-boot-starter-tomcat\3.4.1\spring-boot-starter-tomcat-3.4.1.jar;C:\Users\USER\.m2\repository\org\apache\tomcat\embed\tomcat-embed-core\10.1.34\tomcat-embed-core-10.1.34.jar;C:\Users\USER\.m2\repository\org\apache\tomcat\embed\tomcat-embed-el\10.1.34\tomcat-embed-el-10.1.34.jar;C:\Users\USER\.m2\repository\org\apache\tomcat\embed\tomcat-embed-websocket\10.1.34\tomcat-embed-websocket-10.1.34.jar;C:\Users\USER\.m2\repository\org\springframework\spring-web\6.2.1\spring-web-6.2.1.jar;C:\Users\USER\.m2\repository\io\micrometer\micrometer-observation\1.14.2\micrometer-observation-1.14.2.jar;C:\Users\USER\.m2\repository\io\micrometer\micrometer-commons\1.14.2\micrometer-commons-1.14.2.jar;C:\Users\USER\.m2\repository\org\springframework\spring-webmvc\6.2.1\spring-webmvc-6.2.1.jar;C:\Users\USER\.m2\repository\org\springframework\spring-expression\6.2.1\spring-expression-6.2.1.jar;C:\Users\USER\.m2\repository\org\springframework\boot\spring-boot-devtools\3.4.1\spring-boot-devtools-3.4.1.jar;C:\Users\USER\.m2\repository\org\springframework\boot\spring-boot\3.4.1\spring-boot-3.4.1.jar;C:\Users\USER\.m2\repository\org\springframework\boot\spring-boot-autoconfigure\3.4.1\spring-boot-autoconfigure-3.4.1.jar;C:\Users\USER\.m2\repository\org\postgresql\postgresql\42.7.4\postgresql-42.7.4.jar;C:\Users\USER\.m2\repository\org\checkerframework\checker-qual\3.42.0\checker-qual-3.42.0.jar;C:\Users\USER\.m2\repository\org\projectlombok\lombok\1.18.36\lombok-1.18.36.jar;C:\Users\USER\.m2\repository\jakarta\validation\jakarta.validation-api\3.1.0\jakarta.validation-api-3.1.0.jar;C:\Users\USER\.m2\repository\org\springframework\boot\spring-boot-starter-test\3.4.1\spring-boot-starter-test-3.4.1.jar;C:\Users\USER\.m2\repository\org\springframework\boot\spring-boot-test\3.4.1\spring-boot-test-3.4.1.jar;C:\Users\USER\.m2\repository\org\springframework\boot\spring-boot-test-autoconfigure\3.4.1\spring-boot-test-autoconfigure-3.4.1.jar;C:\Users\USER\.m2\repository\com\jayway\jsonpath\json-path\2.9.0\json-path-2.9.0.jar;C:\Users\USER\.m2\repository\jakarta\xml\bind\jakarta.xml.bind-api\4.0.2\jakarta.xml.bind-api-4.0.2.jar;C:\Users\USER\.m2\repository\jakarta\activation\jakarta.activation-api\2.1.3\jakarta.activation-api-2.1.3.jar;C:\Users\USER\.m2\repository\net\minidev\json-smart\2.5.1\json-smart-2.5.1.jar;C:\Users\USER\.m2\repository\net\minidev\accessors-smart\2.5.1\accessors-smart-2.5.1.jar;C:\Users\USER\.m2\repository\org\ow2\asm\asm\9.6\asm-9.6.jar;C:\Users\USER\.m2\repository\org\assertj\assertj-core\3.26.3\assertj-core-3.26.3.jar;C:\Users\USER\.m2\repository\org\awaitility\awaitility\4.2.2\awaitility-4.2.2.jar;C:\Users\USER\.m2\repository\org\hamcrest\hamcrest\2.2\hamcrest-2.2.jar;C:\Users\USER\.m2\repository\org\junit\jupiter\junit-jupiter\5.11.4\junit-jupiter-5.11.4.jar;C:\Users\USER\.m2\repository\org\junit\jupiter\junit-jupiter-params\5.11.4\junit-jupiter-params-5.11.4.jar;C:\Users\USER\.m2\repository\org\junit\jupiter\junit-jupiter-engine\5.11.4\junit-jupiter-engine-5.11.4.jar;C:\Users\USER\.m2\repository\org\junit\platform\junit-platform-engine\1.11.4\junit-platform-engine-1.11.4.jar;C:\Users\USER\.m2\repository\org\skyscreamer\jsonassert\1.5.3\jsonassert-1.5.3.jar;C:\Users\USER\.m2\repository\com\vaadin\external\google\android-json\0.0.20131108.vaadin1\android-json-0.0.20131108.vaadin1.jar;C:\Users\USER\.m2\repository\org\springframework\spring-core\6.2.1\spring-core-6.2.1.jar;C:\Users\USER\.m2\repository\org\springframework\spring-jcl\6.2.1\spring-jcl-6.2.1.jar;C:\Users\USER\.m2\repository\org\springframework\spring-test\6.2.1\spring-test-6.2.1.jar;C:\Users\USER\.m2\repository\org\xmlunit\xmlunit-core\2.10.0\xmlunit-core-2.10.0.jar;C:\Users\USER\.m2\repository\org\apache\maven\surefire\surefire-junit47\3.5.2\surefire-junit47-3.5.2.jar;C:\Users\USER\.m2\repository\org\apache\maven\surefire\surefire-logger-api\3.5.2\surefire-logger-api-3.5.2.jar;C:\Users\USER\.m2\repository\org\apache\maven\surefire\common-java5\3.5.2\common-java5-3.5.2.jar;C:\Users\USER\.m2\repository\org\apache\maven\surefire\surefire-shared-utils\3.5.2\surefire-shared-utils-3.5.2.jar;C:\Users\USER\.m2\repository\org\apache\maven\surefire\common-junit4\3.5.2\common-junit4-3.5.2.jar;C:\Users\USER\.m2\repository\org\apache\maven\surefire\common-junit3\3.5.2\common-junit3-3.5.2.jar;C:\Users\USER\.m2\repository\org\apache\maven\surefire\common-junit48\3.5.2\common-junit48-3.5.2.jar;C:\Users\USER\.m2\repository\org\apache\maven\surefire\surefire-grouper\3.5.2\surefire-grouper-3.5.2.jar;C:\Users\USER\.m2\repository\org\apache\maven\surefire\surefire-api\3.5.2\surefire-api-3.5.2.jar;C:\Users\USER\.m2\repository\com\h2database\h2\2.3.232\h2-2.3.232.jar;C:\Users\USER\.m2\repository\org\mapstruct\mapstruct\1.6.3\mapstruct-1.6.3.jar;C:\Users\USER\.m2\repository\org\mapstruct\mapstruct-processor\1.6.3\mapstruct-processor-1.6.3.jar;C:\Users\USER\.m2\repository\org\mockito\mockito-core\5.14.2\mockito-core-5.14.2.jar;C:\Users\USER\.m2\repository\net\bytebuddy\byte-buddy\1.15.11\byte-buddy-1.15.11.jar;C:\Users\USER\.m2\repository\net\bytebuddy\byte-buddy-agent\1.15.11\byte-buddy-agent-1.15.11.jar;C:\Users\USER\.m2\repository\org\objenesis\objenesis\3.3\objenesis-3.3.jar;C:\Users\USER\.m2\repository\org\mockito\mockito-junit-jupiter\5.14.2\mockito-junit-jupiter-5.14.2.jar;C:\Users\USER\.m2\repository\org\junit\jupiter\junit-jupiter-api\5.11.4\junit-jupiter-api-5.11.4.jar;C:\Users\USER\.m2\repository\org\opentest4j\opentest4j\1.3.0\opentest4j-1.3.0.jar;C:\Users\USER\.m2\repository\org\junit\platform\junit-platform-commons\1.11.4\junit-platform-commons-1.11.4.jar;C:\Users\USER\.m2\repository\org\apiguardian\apiguardian-api\1.1.2\apiguardian-api-1.1.2.jar;C:\Users\USER\.m2\repository\com\cloudinary\cloudinary-http5\2.0.0\cloudinary-http5-2.0.0.jar;C:\Users\USER\.m2\repository\com\cloudinary\cloudinary-core\2.0.0\cloudinary-core-2.0.0.jar;C:\Users\USER\.m2\repository\org\apache\commons\commons-lang3\3.17.0\commons-lang3-3.17.0.jar;C:\Users\USER\.m2\repository\org\apache\httpcomponents\client5\httpclient5\5.4.1\httpclient5-5.4.1.jar;C:\Users\USER\.m2\repository\org\apache\httpcomponents\core5\httpcore5-h2\5.3.1\httpcore5-h2-5.3.1.jar;C:\Users\USER\.m2\repository\org\apache\httpcomponents\core5\httpcore5\5.3.1\httpcore5-5.3.1.jar;C:\Users\USER\.m2\repository\com\cloudinary\cloudinary-taglib\2.0.0\cloudinary-taglib-2.0.0.jar;C:\Users\USER\.m2\repository\javax\servlet\jsp-api\2.0\jsp-api-2.0.jar;C:\Users\USER\.m2\repository\javax\servlet\servlet-api\2.4\servlet-api-2.4.jar;C:\Users\USER\.m2\repository\io\github\cdimascio\dotenv-java\2.2.4\dotenv-java-2.2.4.jar
Launcher Type: SUN_STANDARD

[Global flags]
     intx CICompilerCount                          = 3                                         {product} {ergonomic}
     uint ConcGCThreads                            = 1                                         {product} {ergonomic}
     uint G1ConcRefinementThreads                  = 4                                         {product} {ergonomic}
   size_t G1HeapRegionSize                         = 1048576                                   {product} {ergonomic}
    uintx GCDrainStackTargetSize                   = 64                                        {product} {ergonomic}
   size_t InitialHeapSize                          = 65011712                                  {product} {ergonomic}
   size_t MarkStackSize                            = 4194304                                   {product} {ergonomic}
   size_t MaxHeapSize                              = 1012924416                                {product} {ergonomic}
   size_t MaxNewSize                               = 607125504                                 {product} {ergonomic}
   size_t MinHeapDeltaBytes                        = 1048576                                   {product} {ergonomic}
   size_t MinHeapSize                              = 8388608                                   {product} {ergonomic}
    uintx NonNMethodCodeHeapSize                   = 5832780                                {pd product} {ergonomic}
    uintx NonProfiledCodeHeapSize                  = 122912730                              {pd product} {ergonomic}
    uintx ProfiledCodeHeapSize                     = 122912730                              {pd product} {ergonomic}
    uintx ReservedCodeCacheSize                    = 251658240                              {pd product} {ergonomic}
     bool SegmentedCodeCache                       = true                                      {product} {ergonomic}
   size_t SoftMaxHeapSize                          = 1012924416                             {manageable} {ergonomic}
     bool UseCompressedOops                        = true                           {product lp64_product} {ergonomic}
     bool UseG1GC                                  = true                                      {product} {ergonomic}
     bool UseLargePagesIndividualAllocation        = false                                  {pd product} {ergonomic}

Logging:
Log output configuration:
 #0: stdout all=warning uptime,level,tags foldmultilines=false
 #1: stderr all=off uptime,level,tags foldmultilines=false

Environment Variables:
JAVA_HOME=C:\Program Files\Java\jdk-21
PATH=C:\Program Files\glzr.io\GlazeWM\/cli;C:\Program Files\Common Files\Oracle\Java\javapath;C:\WINDOWS\system32;C:\WINDOWS;C:\WINDOWS\System32\Wbem;C:\WINDOWS\System32\WindowsPowerShell\v1.0\;C:\WINDOWS\System32\OpenSSH\;C:\MinGW\bin;C:\Program Files\Java\jdk-17\bin;C:\Users\USER\AppData\Roaming\nvm;C:\Program Files\nodejs;C:\Program Files\dotnet\;C:\Program Files\MongoDB\mongosh-2.0.2-win32-x64\bin;C:\Users\USER\Downloads\apache-maven-3.8.8-bin.zip\apache-maven-3.8.8\bin;C:\Program Files\Docker\Docker\resources\bin;C:\Program Files\Git\cmd;C:\Program Files\komorebi\bin\;C:\Program Files\whkd\bin\;C:\Program Files\glzr.io\Zebar\;C:\Program Files\nodejs\;C:\Program Files\PowerShell\7\;c:\Users\USER\AppData\Local\Programs\cursor\resources\app\bin;C:\ProgramData\chocolatey\bin;C:\ProgramData\chocolatey\lib\maven\apache-maven-3.9.9\bin;;%SystemRoot%\system32;%SystemRoot%;%SystemRoot%\System32\Wbem;%SYSTEMROOT%\System32\WindowsPowerShell\v1.0\;%SYSTEMROOT%\System32\OpenSSH\;C:\Users\USER\AppData\Local\Programs\oh-my-posh\bin\;C:\Program Files\Java\jdk-21\bin;C:\Program Files\glzr.io\GlazeWM\/cli;C:\Program Files\Common Files\Oracle\Java\javapath;C:\WINDOWS\system32;C:\WINDOWS;C:\WINDOWS\System32\Wbem;C:\WINDOWS\System32\WindowsPowerShell\v1.0\;C:\WINDOWS\System32\OpenSSH\;C:\MinGW\bin;C:\Program Files\Java\jdk-17\bin;C:\Users\USER\AppData\Roaming\nvm;C:\Program Files\nodejs;C:\Program Files\dotnet\;C:\Program Files\MongoDB\mongosh-2.0.2-win32-x64\bin;C:\Users\USER\Downloads\apache-maven-3.8.8-bin.zip\apache-maven-3.8.8\bin;C:\Program Files\Docker\Docker\resources\bin;C:\Program Files\Git\cmd;C:\Program Files\komorebi\bin\;C:\Program Files\whkd\bin\;C:\Program Files\glzr.io\Zebar\;C:\Program Files\nodejs\;C:\Program Files\PowerShell\7\;c:\Users\USER\AppData\Local\Programs\cursor\resources\app\bin;C:\ProgramData\chocolatey\bin;C:\ProgramData\chocolatey\lib\maven\apache-maven-3.9.9\bin;;%SystemRoot%\system32;%SystemRoot%;%SystemRoot%\System32\Wbem;%SYSTEMROOT%\System32\WindowsPowerShell\v1.0\;%SYSTEMROOT%\System32\OpenSSH\;C:\Users\USER\hyper\resources\bin;C:\Users\USER\AppData\Local\Microsoft\WindowsApps;C:\Users\USER\AppData\Local\Programs\VS Code\bin
USERNAME=USER
OS=Windows_NT
PROCESSOR_IDENTIFIER=Intel64 Family 6 Model 126 Stepping 5, GenuineIntel
TMP=C:\Users\USER\AppData\Local\Temp
TEMP=C:\Users\USER\AppData\Local\Temp




Periodic native trim disabled

---------------  S Y S T E M  ---------------

OS:
 Windows 11 , 64 bit Build 26100 (10.0.26100.3037)
OS uptime: 1 days 21:11 hours
Hyper-V role detected

CPU: total 4 (initial active 4) (2 cores per cpu, 2 threads per core) family 6 model 126 stepping 5 microcode 0xc6, cx8, cmov, fxsr, ht, mmx, 3dnowpref, sse, sse2, sse3, ssse3, sse4.1, sse4.2, popcnt, lzcnt, tsc, tscinvbit, avx, avx2, aes, erms, clmul, bmi1, bmi2, adx, avx512f, avx512dq, avx512cd, avx512bw, avx512vl, sha, fma, vzeroupper, avx512_vpopcntdq, avx512_vpclmulqdq, avx512_vaes, avx512_vnni, clflush, clflushopt, avx512_vbmi2, avx512_vbmi, hv, rdtscp, rdpid, fsrm, gfni, avx512_bitalg, f16c, avx512_ifma
Processor Information for all 4 processors :
  Max Mhz: 1190, Current Mhz: 1190, Mhz Limit: 1190

Memory: 4k page, system-wide physical 3862M (385M free)
TotalPageFile size 15638M (AvailPageFile size 130M)
current process WorkingSet (physical memory assigned to process): 405M, peak: 412M
current process commit charge ("private bytes"): 469M, peak: 723M

vm_info: Java HotSpot(TM) 64-Bit Server VM (21.0.1+12-LTS-29) for windows-amd64 JRE (21.0.1+12-LTS-29), built on 2023-10-05T13:27:09Z by "mach5one" with MS VC++ 17.1 (VS2022)

END.
