#
# There is insufficient memory for the Java Runtime Environment to continue.
# Native memory allocation (mmap) failed to map 181403648 bytes for G1 virtual space
# Possible reasons:
#   The system is out of physical RAM or swap space
#   The process is running with CompressedOops enabled, and the Java Heap may be blocking the growth of the native heap
# Possible solutions:
#   Reduce memory load on the system
#   Increase physical memory or swap space
#   Check if swap backing store is full
#   Decrease Java heap size (-Xmx/-Xms)
#   Decrease number of Java threads
#   Decrease Java thread stack sizes (-Xss)
#   Set larger code cache with -XX:ReservedCodeCacheSize=
#   JVM is running with Unscaled Compressed Oops mode in which the Java heap is
#     placed in the first 4GB address space. The Java Heap base address is the
#     maximum limit for the native heap growth. Please use -XX:HeapBaseMinAddress
#     to set the Java Heap base and to place the Java Heap above 4GB virtual address.
# This output file may be truncated or incomplete.
#
#  Out of Memory Error (os_windows.cpp:3600), pid=13808, tid=13156
#
# JRE version: Java(TM) SE Runtime Environment (21.0.1+12) (build 21.0.1+12-LTS-29)
# Java VM: Java HotSpot(TM) 64-Bit Server VM (21.0.1+12-LTS-29, mixed mode, sharing, tiered, compressed oops, compressed class ptrs, g1 gc, windows-amd64)
# No core dump will be written. Minidumps are not enabled by default on client versions of Windows
#

---------------  S U M M A R Y ------------

Command Line: C:\Users\USER\AppData\Local\Temp\surefire3283465956348190312\surefirebooter-20250208161506458_3.jar C:\Users\USER\AppData\Local\Temp\surefire3283465956348190312 2025-02-08T16-15-06_070-jvmRun1 surefire-20250208161506458_1tmp surefire_0-20250208161506458_2tmp

Host: Intel(R) Core(TM) i3-1005G1 CPU @ 1.20GHz, 4 cores, 3G,  Windows 11 , 64 bit Build 26100 (10.0.26100.3037)
Time: Sat Feb  8 16:15:30 2025 Hora oficial do Brasil elapsed time: 22.442924 seconds (0d 0h 0m 22s)

---------------  T H R E A D  ---------------

Current thread (0x0000020f4dd8c890):  VMThread "VM Thread"          [id=13156, stack(0x0000009ff8400000,0x0000009ff8500000) (1024K)]

Stack: [0x0000009ff8400000,0x0000009ff8500000]
Native frames: (J=compiled Java code, j=interpreted, Vv=VM code, C=native code)
V  [jvm.dll+0x6c9029]
V  [jvm.dll+0x854b81]
V  [jvm.dll+0x856e5e]
V  [jvm.dll+0x857543]
V  [jvm.dll+0x280c06]
V  [jvm.dll+0x6c5715]
V  [jvm.dll+0x6ba10a]
V  [jvm.dll+0x3557ea]
V  [jvm.dll+0x35d436]
V  [jvm.dll+0x3ae1be]
V  [jvm.dll+0x3ae468]
V  [jvm.dll+0x3291fc]
V  [jvm.dll+0x329287]
V  [jvm.dll+0x36db3c]
V  [jvm.dll+0x36c33d]
V  [jvm.dll+0x328971]
V  [jvm.dll+0x36ba4a]
V  [jvm.dll+0x85d048]
V  [jvm.dll+0x85e144]
V  [jvm.dll+0x85e680]
V  [jvm.dll+0x85e923]
V  [jvm.dll+0x7fd728]
V  [jvm.dll+0x6c777d]
C  [ucrtbase.dll+0x37b0]
C  [KERNEL32.DLL+0x2e8d7]
C  [ntdll.dll+0xbbf2c]

VM_Operation (0x0000009ff7df7120): G1CollectForAllocation, mode: safepoint, requested by thread 0x0000020f4dcc8f20


---------------  P R O C E S S  ---------------

Threads class SMR info:
_java_thread_list=0x0000020f716034f0, length=14, elements={
0x0000020f4dcc8f20, 0x0000020f6a868910, 0x0000020f6a869660, 0x0000020f6a873790,
0x0000020f6a8777a0, 0x0000020f6a87aae0, 0x0000020f6a880650, 0x0000020f6a894b80,
0x0000020f6a8b8b00, 0x0000020f6ab5a990, 0x0000020f6ab5b1c0, 0x0000020f6ad24a50,
0x0000020f6f1cce20, 0x0000020f6ff3d6a0
}

Java Threads: ( => current thread )
  0x0000020f4dcc8f20 JavaThread "main"                              [_thread_blocked, id=17412, stack(0x0000009ff7d00000,0x0000009ff7e00000) (1024K)]
  0x0000020f6a868910 JavaThread "Reference Handler"          daemon [_thread_blocked, id=16568, stack(0x0000009ff8500000,0x0000009ff8600000) (1024K)]
  0x0000020f6a869660 JavaThread "Finalizer"                  daemon [_thread_blocked, id=1192, stack(0x0000009ff8600000,0x0000009ff8700000) (1024K)]
  0x0000020f6a873790 JavaThread "Signal Dispatcher"          daemon [_thread_blocked, id=11060, stack(0x0000009ff8700000,0x0000009ff8800000) (1024K)]
  0x0000020f6a8777a0 JavaThread "Attach Listener"            daemon [_thread_blocked, id=13112, stack(0x0000009ff8800000,0x0000009ff8900000) (1024K)]
  0x0000020f6a87aae0 JavaThread "Service Thread"             daemon [_thread_blocked, id=9488, stack(0x0000009ff8900000,0x0000009ff8a00000) (1024K)]
  0x0000020f6a880650 JavaThread "Monitor Deflation Thread"   daemon [_thread_blocked, id=14164, stack(0x0000009ff8a00000,0x0000009ff8b00000) (1024K)]
  0x0000020f6a894b80 JavaThread "C2 CompilerThread0"         daemon [_thread_blocked, id=892, stack(0x0000009ff8b00000,0x0000009ff8c00000) (1024K)]
  0x0000020f6a8b8b00 JavaThread "C1 CompilerThread0"         daemon [_thread_blocked, id=17908, stack(0x0000009ff8c00000,0x0000009ff8d00000) (1024K)]
  0x0000020f6ab5a990 JavaThread "Notification Thread"        daemon [_thread_blocked, id=12992, stack(0x0000009ff8d00000,0x0000009ff8e00000) (1024K)]
  0x0000020f6ab5b1c0 JavaThread "Common-Cleaner"             daemon [_thread_blocked, id=17840, stack(0x0000009ff8e00000,0x0000009ff8f00000) (1024K)]
  0x0000020f6ad24a50 JavaThread "surefire-forkedjvm-stream-flusher" daemon [_thread_blocked, id=17716, stack(0x0000009ff8f00000,0x0000009ff9000000) (1024K)]
  0x0000020f6f1cce20 JavaThread "surefire-forkedjvm-command-thread" daemon [_thread_in_native, id=3028, stack(0x0000009ff9000000,0x0000009ff9100000) (1024K)]
  0x0000020f6ff3d6a0 JavaThread "HikariPool-1 housekeeper"   daemon [_thread_blocked, id=11372, stack(0x0000009ff9400000,0x0000009ff9500000) (1024K)]
Total: 14

Other Threads:
=>0x0000020f4dd8c890 VMThread "VM Thread"                           [id=13156, stack(0x0000009ff8400000,0x0000009ff8500000) (1024K)]
  0x0000020f6a84b390 WatcherThread "VM Periodic Task Thread"        [id=9904, stack(0x0000009ff8300000,0x0000009ff8400000) (1024K)]
  0x0000020f4dcfdaf0 WorkerThread "GC Thread#0"                     [id=14420, stack(0x0000009ff7e00000,0x0000009ff7f00000) (1024K)]
  0x0000020f6f399a80 WorkerThread "GC Thread#1"                     [id=8188, stack(0x0000009ff9100000,0x0000009ff9200000) (1024K)]
  0x0000020f6f40fb10 WorkerThread "GC Thread#2"                     [id=10520, stack(0x0000009ff9200000,0x0000009ff9300000) (1024K)]
  0x0000020f6f40feb0 WorkerThread "GC Thread#3"                     [id=15616, stack(0x0000009ff9300000,0x0000009ff9400000) (1024K)]
  0x0000020f4dd07210 ConcurrentGCThread "G1 Main Marker"            [id=6960, stack(0x0000009ff7f00000,0x0000009ff8000000) (1024K)]
  0x0000020f4dd07d10 WorkerThread "G1 Conc#0"                       [id=9416, stack(0x0000009ff8000000,0x0000009ff8100000) (1024K)]
  0x0000020f4dd65db0 ConcurrentGCThread "G1 Refine#0"               [id=12896, stack(0x0000009ff8100000,0x0000009ff8200000) (1024K)]
  0x0000020f4dd667c0 ConcurrentGCThread "G1 Service"                [id=1484, stack(0x0000009ff8200000,0x0000009ff8300000) (1024K)]
Total: 10

Threads with active compile tasks:
C2 CompilerThread0    22495 8826       4       org.antlr.v4.runtime.atn.PredictionContext::getCachedContext (261 bytes)
Total: 1

VM state: at safepoint (normal execution)

VM Mutex/Monitor currently owned by a thread:  ([mutex/lock_event])
[0x00007ff8721fa5f8] Threads_lock - owner thread: 0x0000020f4dd8c890
[0x00007ff8721fa6f8] Heap_lock - owner thread: 0x0000020f4dcc8f20

Heap address: 0x00000000c3a00000, size: 966 MB, Compressed Oops mode: 32-bit

CDS archive(s) mapped at: [0x0000020f00000000-0x0000020f00c90000-0x0000020f00c90000), size 13172736, SharedBaseAddress: 0x0000020f00000000, ArchiveRelocationMode: 1.
Compressed class space mapped at: 0x0000020f01000000-0x0000020f41000000, reserved size: 1073741824
Narrow klass base: 0x0000020f00000000, Narrow klass shift: 0, Narrow klass range: 0x100000000

GC Precious Log:
 CardTable entry size: 512
 Card Set container configuration: InlinePtr #cards 5 size 8 Array Of Cards #cards 12 size 40 Howl #buckets 4 coarsen threshold 1843 Howl Bitmap #cards 512 size 80 coarsen threshold 460 Card regions per heap region 1 cards per card region 2048
 CPUs: 4 total, 4 available
 Memory: 3862M
 Large Page Support: Disabled
 NUMA Support: Disabled
 Compressed Oops: Enabled (32-bit)
 Heap Region Size: 1M
 Heap Min Capacity: 8M
 Heap Initial Capacity: 62M
 Heap Max Capacity: 966M
 Pre-touch: Disabled
 Parallel Workers: 4
 Concurrent Workers: 1
 Concurrent Refinement Workers: 4
 Periodic GC: Disabled

Heap:
 garbage-first heap   total 105472K, used 61952K [0x00000000c3a00000, 0x0000000100000000)
  region size 1024K, 4 young (4096K), 4 survivors (4096K)
 Metaspace       used 71213K, committed 71936K, reserved 1114112K
  class space    used 10063K, committed 10368K, reserved 1048576K

Heap Regions: E=young(eden), S=young(survivor), O=old, HS=humongous(starts), HC=humongous(continues), CS=collection set, F=free, TAMS=top-at-mark-start, PB=parsable bottom
|   0|0x00000000c3a00000, 0x00000000c3b00000, 0x00000000c3b00000|100%|HS|  |TAMS 0x00000000c3a00000| PB 0x00000000c3a00000| Complete 
|   1|0x00000000c3b00000, 0x00000000c3c00000, 0x00000000c3c00000|100%|HS|  |TAMS 0x00000000c3b00000| PB 0x00000000c3b00000| Complete 
|   2|0x00000000c3c00000, 0x00000000c3d00000, 0x00000000c3d00000|100%| O|  |TAMS 0x00000000c3c00000| PB 0x00000000c3c00000| Untracked 
|   3|0x00000000c3d00000, 0x00000000c3e00000, 0x00000000c3e00000|100%| O|  |TAMS 0x00000000c3d00000| PB 0x00000000c3d00000| Untracked 
|   4|0x00000000c3e00000, 0x00000000c3f00000, 0x00000000c3f00000|100%| O|  |TAMS 0x00000000c3e00000| PB 0x00000000c3e00000| Untracked 
|   5|0x00000000c3f00000, 0x00000000c4000000, 0x00000000c4000000|100%| O|  |TAMS 0x00000000c3f00000| PB 0x00000000c3f00000| Untracked 
|   6|0x00000000c4000000, 0x00000000c4100000, 0x00000000c4100000|100%| O|  |TAMS 0x00000000c4000000| PB 0x00000000c4000000| Untracked 
|   7|0x00000000c4100000, 0x00000000c4200000, 0x00000000c4200000|100%| O|  |TAMS 0x00000000c4100000| PB 0x00000000c4100000| Untracked 
|   8|0x00000000c4200000, 0x00000000c4300000, 0x00000000c4300000|100%| O|  |TAMS 0x00000000c4200000| PB 0x00000000c4200000| Untracked 
|   9|0x00000000c4300000, 0x00000000c4400000, 0x00000000c4400000|100%| O|  |TAMS 0x00000000c4300000| PB 0x00000000c4300000| Untracked 
|  10|0x00000000c4400000, 0x00000000c4500000, 0x00000000c4500000|100%| O|  |TAMS 0x00000000c4400000| PB 0x00000000c4400000| Untracked 
|  11|0x00000000c4500000, 0x00000000c4600000, 0x00000000c4600000|100%| O|  |TAMS 0x00000000c4500000| PB 0x00000000c4500000| Untracked 
|  12|0x00000000c4600000, 0x00000000c4700000, 0x00000000c4700000|100%| O|  |TAMS 0x00000000c4600000| PB 0x00000000c4600000| Untracked 
|  13|0x00000000c4700000, 0x00000000c4800000, 0x00000000c4800000|100%| O|  |TAMS 0x00000000c4700000| PB 0x00000000c4700000| Untracked 
|  14|0x00000000c4800000, 0x00000000c4900000, 0x00000000c4900000|100%| O|  |TAMS 0x00000000c4800000| PB 0x00000000c4800000| Untracked 
|  15|0x00000000c4900000, 0x00000000c4a00000, 0x00000000c4a00000|100%| O|  |TAMS 0x00000000c4900000| PB 0x00000000c4900000| Untracked 
|  16|0x00000000c4a00000, 0x00000000c4b00000, 0x00000000c4b00000|100%| O|  |TAMS 0x00000000c4a00000| PB 0x00000000c4a00000| Untracked 
|  17|0x00000000c4b00000, 0x00000000c4c00000, 0x00000000c4c00000|100%| O|  |TAMS 0x00000000c4b00000| PB 0x00000000c4b00000| Untracked 
|  18|0x00000000c4c00000, 0x00000000c4d00000, 0x00000000c4d00000|100%| O|  |TAMS 0x00000000c4c00000| PB 0x00000000c4c00000| Untracked 
|  19|0x00000000c4d00000, 0x00000000c4e00000, 0x00000000c4e00000|100%| O|  |TAMS 0x00000000c4d00000| PB 0x00000000c4d00000| Untracked 
|  20|0x00000000c4e00000, 0x00000000c4f00000, 0x00000000c4f00000|100%| O|  |TAMS 0x00000000c4e00000| PB 0x00000000c4e00000| Untracked 
|  21|0x00000000c4f00000, 0x00000000c5000000, 0x00000000c5000000|100%| O|  |TAMS 0x00000000c4f00000| PB 0x00000000c4f00000| Untracked 
|  22|0x00000000c5000000, 0x00000000c5100000, 0x00000000c5100000|100%| O|  |TAMS 0x00000000c5000000| PB 0x00000000c5000000| Untracked 
|  23|0x00000000c5100000, 0x00000000c5200000, 0x00000000c5200000|100%| O|  |TAMS 0x00000000c5100000| PB 0x00000000c5100000| Untracked 
|  24|0x00000000c5200000, 0x00000000c5300000, 0x00000000c5300000|100%| O|  |TAMS 0x00000000c5200000| PB 0x00000000c5200000| Untracked 
|  25|0x00000000c5300000, 0x00000000c5400000, 0x00000000c5400000|100%| O|  |TAMS 0x00000000c5300000| PB 0x00000000c5300000| Untracked 
|  26|0x00000000c5400000, 0x00000000c5500000, 0x00000000c5500000|100%| O|  |TAMS 0x00000000c5400000| PB 0x00000000c5400000| Untracked 
|  27|0x00000000c5500000, 0x00000000c5600000, 0x00000000c5600000|100%| O|  |TAMS 0x00000000c5500000| PB 0x00000000c5500000| Untracked 
|  28|0x00000000c5600000, 0x00000000c5700000, 0x00000000c5700000|100%| O|  |TAMS 0x00000000c5600000| PB 0x00000000c5600000| Untracked 
|  29|0x00000000c5700000, 0x00000000c5800000, 0x00000000c5800000|100%| O|  |TAMS 0x00000000c5700000| PB 0x00000000c5700000| Untracked 
|  30|0x00000000c5800000, 0x00000000c5900000, 0x00000000c5900000|100%| O|  |TAMS 0x00000000c5800000| PB 0x00000000c5800000| Untracked 
|  31|0x00000000c5900000, 0x00000000c5a00000, 0x00000000c5a00000|100%| O|  |TAMS 0x00000000c5900000| PB 0x00000000c5900000| Untracked 
|  32|0x00000000c5a00000, 0x00000000c5b00000, 0x00000000c5b00000|100%| O|  |TAMS 0x00000000c5a00000| PB 0x00000000c5a00000| Untracked 
|  33|0x00000000c5b00000, 0x00000000c5c00000, 0x00000000c5c00000|100%| O|  |TAMS 0x00000000c5b00000| PB 0x00000000c5b00000| Untracked 
|  34|0x00000000c5c00000, 0x00000000c5c00000, 0x00000000c5d00000|  0%| F|  |TAMS 0x00000000c5c00000| PB 0x00000000c5c00000| Untracked 
|  35|0x00000000c5d00000, 0x00000000c5d00000, 0x00000000c5e00000|  0%| F|  |TAMS 0x00000000c5d00000| PB 0x00000000c5d00000| Untracked 
|  36|0x00000000c5e00000, 0x00000000c5e00000, 0x00000000c5f00000|  0%| F|  |TAMS 0x00000000c5e00000| PB 0x00000000c5e00000| Untracked 
|  37|0x00000000c5f00000, 0x00000000c5f00000, 0x00000000c6000000|  0%| F|  |TAMS 0x00000000c5f00000| PB 0x00000000c5f00000| Untracked 
|  38|0x00000000c6000000, 0x00000000c6000000, 0x00000000c6100000|  0%| F|  |TAMS 0x00000000c6000000| PB 0x00000000c6000000| Untracked 
|  39|0x00000000c6100000, 0x00000000c6200000, 0x00000000c6200000|100%| O|  |TAMS 0x00000000c6100000| PB 0x00000000c6100000| Untracked 
|  40|0x00000000c6200000, 0x00000000c6300000, 0x00000000c6300000|100%| O|  |TAMS 0x00000000c6200000| PB 0x00000000c6200000| Untracked 
|  41|0x00000000c6300000, 0x00000000c6300000, 0x00000000c6400000|  0%| F|  |TAMS 0x00000000c6300000| PB 0x00000000c6300000| Untracked 
|  42|0x00000000c6400000, 0x00000000c6400000, 0x00000000c6500000|  0%| F|  |TAMS 0x00000000c6400000| PB 0x00000000c6400000| Untracked 
|  43|0x00000000c6500000, 0x00000000c6500000, 0x00000000c6600000|  0%| F|  |TAMS 0x00000000c6500000| PB 0x00000000c6500000| Untracked 
|  44|0x00000000c6600000, 0x00000000c6700000, 0x00000000c6700000|100%| O|  |TAMS 0x00000000c6600000| PB 0x00000000c6600000| Untracked 
|  45|0x00000000c6700000, 0x00000000c6800000, 0x00000000c6800000|100%| O|  |TAMS 0x00000000c6700000| PB 0x00000000c6700000| Untracked 
|  46|0x00000000c6800000, 0x00000000c6800000, 0x00000000c6900000|  0%| F|  |TAMS 0x00000000c6800000| PB 0x00000000c6800000| Untracked 
|  47|0x00000000c6900000, 0x00000000c6a00000, 0x00000000c6a00000|100%| O|  |TAMS 0x00000000c6900000| PB 0x00000000c6900000| Untracked 
|  48|0x00000000c6a00000, 0x00000000c6b00000, 0x00000000c6b00000|100%| O|  |TAMS 0x00000000c6a00000| PB 0x00000000c6a00000| Untracked 
|  49|0x00000000c6b00000, 0x00000000c6c00000, 0x00000000c6c00000|100%| O|  |TAMS 0x00000000c6b00000| PB 0x00000000c6b00000| Untracked 
|  50|0x00000000c6c00000, 0x00000000c6d00000, 0x00000000c6d00000|100%| O|  |TAMS 0x00000000c6c00000| PB 0x00000000c6c00000| Untracked 
|  51|0x00000000c6d00000, 0x00000000c6e00000, 0x00000000c6e00000|100%| O|  |TAMS 0x00000000c6d00000| PB 0x00000000c6d00000| Untracked 
|  52|0x00000000c6e00000, 0x00000000c6f00000, 0x00000000c6f00000|100%|HS|  |TAMS 0x00000000c6e00000| PB 0x00000000c6e00000| Complete 
|  53|0x00000000c6f00000, 0x00000000c7000000, 0x00000000c7000000|100%| O|  |TAMS 0x00000000c6f00000| PB 0x00000000c6f00000| Untracked 
|  54|0x00000000c7000000, 0x00000000c7100000, 0x00000000c7100000|100%| O|  |TAMS 0x00000000c7000000| PB 0x00000000c7000000| Untracked 
|  55|0x00000000c7100000, 0x00000000c7200000, 0x00000000c7200000|100%| O|  |TAMS 0x00000000c7100000| PB 0x00000000c7100000| Untracked 
|  56|0x00000000c7200000, 0x00000000c7300000, 0x00000000c7300000|100%| O|  |TAMS 0x00000000c7200000| PB 0x00000000c7200000| Untracked 
|  57|0x00000000c7300000, 0x00000000c7400000, 0x00000000c7400000|100%| O|  |TAMS 0x00000000c7300000| PB 0x00000000c7300000| Untracked 
|  58|0x00000000c7400000, 0x00000000c7500000, 0x00000000c7500000|100%| O|  |TAMS 0x00000000c7400000| PB 0x00000000c7400000| Untracked 
|  59|0x00000000c7500000, 0x00000000c7600000, 0x00000000c7600000|100%| O|  |TAMS 0x00000000c7500000| PB 0x00000000c7500000| Untracked 
|  60|0x00000000c7600000, 0x00000000c7700000, 0x00000000c7700000|100%| O|  |TAMS 0x00000000c7600000| PB 0x00000000c7600000| Untracked 
|  61|0x00000000c7700000, 0x00000000c7700000, 0x00000000c7800000|  0%| F|  |TAMS 0x00000000c7700000| PB 0x00000000c7700000| Untracked 
|  62|0x00000000c7800000, 0x00000000c7800000, 0x00000000c7900000|  0%| F|  |TAMS 0x00000000c7800000| PB 0x00000000c7800000| Untracked 
|  63|0x00000000c7900000, 0x00000000c7900000, 0x00000000c7a00000|  0%| F|  |TAMS 0x00000000c7900000| PB 0x00000000c7900000| Untracked 
|  64|0x00000000c7a00000, 0x00000000c7a00000, 0x00000000c7b00000|  0%| F|  |TAMS 0x00000000c7a00000| PB 0x00000000c7a00000| Untracked 
|  65|0x00000000c7b00000, 0x00000000c7b00000, 0x00000000c7c00000|  0%| F|  |TAMS 0x00000000c7b00000| PB 0x00000000c7b00000| Untracked 
|  66|0x00000000c7c00000, 0x00000000c7d00000, 0x00000000c7d00000|100%| O|  |TAMS 0x00000000c7c00000| PB 0x00000000c7c00000| Untracked 
|  67|0x00000000c7d00000, 0x00000000c7e00000, 0x00000000c7e00000|100%| O|  |TAMS 0x00000000c7d00000| PB 0x00000000c7d00000| Untracked 
|  68|0x00000000c7e00000, 0x00000000c7e80000, 0x00000000c7f00000| 50%| O|  |TAMS 0x00000000c7e00000| PB 0x00000000c7e00000| Untracked 
|  69|0x00000000c7f00000, 0x00000000c7f00000, 0x00000000c8000000|  0%| F|  |TAMS 0x00000000c7f00000| PB 0x00000000c7f00000| Untracked 
|  70|0x00000000c8000000, 0x00000000c8000000, 0x00000000c8100000|  0%| F|  |TAMS 0x00000000c8000000| PB 0x00000000c8000000| Untracked 
|  71|0x00000000c8100000, 0x00000000c8200000, 0x00000000c8200000|100%| S|CS|TAMS 0x00000000c8100000| PB 0x00000000c8100000| Complete 
|  72|0x00000000c8200000, 0x00000000c8300000, 0x00000000c8300000|100%| S|CS|TAMS 0x00000000c8200000| PB 0x00000000c8200000| Complete 
|  73|0x00000000c8300000, 0x00000000c8400000, 0x00000000c8400000|100%| S|CS|TAMS 0x00000000c8300000| PB 0x00000000c8300000| Complete 
|  74|0x00000000c8400000, 0x00000000c8500000, 0x00000000c8500000|100%| S|CS|TAMS 0x00000000c8400000| PB 0x00000000c8400000| Complete 
|  75|0x00000000c8500000, 0x00000000c8500000, 0x00000000c8600000|  0%| F|  |TAMS 0x00000000c8500000| PB 0x00000000c8500000| Untracked 
|  76|0x00000000c8600000, 0x00000000c8600000, 0x00000000c8700000|  0%| F|  |TAMS 0x00000000c8600000| PB 0x00000000c8600000| Untracked 
|  77|0x00000000c8700000, 0x00000000c8700000, 0x00000000c8800000|  0%| F|  |TAMS 0x00000000c8700000| PB 0x00000000c8700000| Untracked 
|  78|0x00000000c8800000, 0x00000000c8800000, 0x00000000c8900000|  0%| F|  |TAMS 0x00000000c8800000| PB 0x00000000c8800000| Untracked 
|  79|0x00000000c8900000, 0x00000000c8900000, 0x00000000c8a00000|  0%| F|  |TAMS 0x00000000c8900000| PB 0x00000000c8900000| Untracked 
|  80|0x00000000c8a00000, 0x00000000c8a00000, 0x00000000c8b00000|  0%| F|  |TAMS 0x00000000c8a00000| PB 0x00000000c8a00000| Untracked 
|  81|0x00000000c8b00000, 0x00000000c8b00000, 0x00000000c8c00000|  0%| F|  |TAMS 0x00000000c8b00000| PB 0x00000000c8b00000| Untracked 
|  82|0x00000000c8c00000, 0x00000000c8c00000, 0x00000000c8d00000|  0%| F|  |TAMS 0x00000000c8c00000| PB 0x00000000c8c00000| Untracked 
|  83|0x00000000c8d00000, 0x00000000c8d00000, 0x00000000c8e00000|  0%| F|  |TAMS 0x00000000c8d00000| PB 0x00000000c8d00000| Untracked 
|  84|0x00000000c8e00000, 0x00000000c8e00000, 0x00000000c8f00000|  0%| F|  |TAMS 0x00000000c8e00000| PB 0x00000000c8e00000| Untracked 
|  85|0x00000000c8f00000, 0x00000000c8f00000, 0x00000000c9000000|  0%| F|  |TAMS 0x00000000c8f00000| PB 0x00000000c8f00000| Untracked 
|  86|0x00000000c9000000, 0x00000000c9000000, 0x00000000c9100000|  0%| F|  |TAMS 0x00000000c9000000| PB 0x00000000c9000000| Untracked 
|  87|0x00000000c9100000, 0x00000000c9100000, 0x00000000c9200000|  0%| F|  |TAMS 0x00000000c9100000| PB 0x00000000c9100000| Untracked 
|  88|0x00000000c9200000, 0x00000000c9200000, 0x00000000c9300000|  0%| F|  |TAMS 0x00000000c9200000| PB 0x00000000c9200000| Untracked 
|  89|0x00000000c9300000, 0x00000000c9300000, 0x00000000c9400000|  0%| F|  |TAMS 0x00000000c9300000| PB 0x00000000c9300000| Untracked 
|  90|0x00000000c9400000, 0x00000000c9400000, 0x00000000c9500000|  0%| F|  |TAMS 0x00000000c9400000| PB 0x00000000c9400000| Untracked 
|  91|0x00000000c9500000, 0x00000000c9500000, 0x00000000c9600000|  0%| F|  |TAMS 0x00000000c9500000| PB 0x00000000c9500000| Untracked 
|  92|0x00000000c9600000, 0x00000000c9600000, 0x00000000c9700000|  0%| F|  |TAMS 0x00000000c9600000| PB 0x00000000c9600000| Untracked 
|  93|0x00000000c9700000, 0x00000000c9700000, 0x00000000c9800000|  0%| F|  |TAMS 0x00000000c9700000| PB 0x00000000c9700000| Untracked 
|  94|0x00000000c9800000, 0x00000000c9800000, 0x00000000c9900000|  0%| F|  |TAMS 0x00000000c9800000| PB 0x00000000c9800000| Untracked 
|  95|0x00000000c9900000, 0x00000000c9900000, 0x00000000c9a00000|  0%| F|  |TAMS 0x00000000c9900000| PB 0x00000000c9900000| Untracked 
|  96|0x00000000c9a00000, 0x00000000c9a00000, 0x00000000c9b00000|  0%| F|  |TAMS 0x00000000c9a00000| PB 0x00000000c9a00000| Untracked 
|  97|0x00000000c9b00000, 0x00000000c9b00000, 0x00000000c9c00000|  0%| F|  |TAMS 0x00000000c9b00000| PB 0x00000000c9b00000| Untracked 
| 961|0x00000000ffb00000, 0x00000000ffc00000, 0x00000000ffc00000|100%| O|  |TAMS 0x00000000ffb00000| PB 0x00000000ffb00000| Untracked 
| 962|0x00000000ffc00000, 0x00000000ffd00000, 0x00000000ffd00000|100%| O|  |TAMS 0x00000000ffc00000| PB 0x00000000ffc00000| Untracked 
| 963|0x00000000ffd00000, 0x00000000ffd00000, 0x00000000ffe00000|  0%| F|  |TAMS 0x00000000ffd00000| PB 0x00000000ffd00000| Untracked 
| 964|0x00000000ffe00000, 0x00000000ffe00000, 0x00000000fff00000|  0%| F|  |TAMS 0x00000000ffe00000| PB 0x00000000ffe00000| Untracked 
| 965|0x00000000fff00000, 0x00000000fff00000, 0x0000000100000000|  0%| F|  |TAMS 0x00000000fff00000| PB 0x00000000fff00000| Untracked 

Card table byte_map: [0x0000020f671e0000,0x0000020f673d0000] _byte_map_base: 0x0000020f66bc3000

Marking Bits: (CMBitMap*) 0x0000020f4dcfe1f0
 Bits: [0x0000020f673d0000, 0x0000020f682e8000)

Polling page: 0x0000020f4dd90000

Metaspace:

Usage:
  Non-class:     59.72 MB used.
      Class:      9.83 MB used.
       Both:     69.54 MB used.

Virtual space:
  Non-class space:       64.00 MB reserved,      60.12 MB ( 94%) committed,  1 nodes.
      Class space:        1.00 GB reserved,      10.12 MB ( <1%) committed,  1 nodes.
             Both:        1.06 GB reserved,      70.25 MB (  6%) committed. 

Chunk freelists:
   Non-Class:  3.90 MB
       Class:  5.89 MB
        Both:  9.79 MB

MaxMetaspaceSize: unlimited
CompressedClassSpaceSize: 1.00 GB
Initial GC threshold: 21.00 MB
Current GC threshold: 117.12 MB
CDS: on
 - commit_granule_bytes: 65536.
 - commit_granule_words: 8192.
 - virtual_space_node_default_size: 8388608.
 - enlarge_chunks_in_place: 1.
 - use_allocation_guard: 0.


Internal statistics:

num_allocs_failed_limit: 9.
num_arena_births: 984.
num_arena_deaths: 2.
num_vsnodes_births: 2.
num_vsnodes_deaths: 0.
num_space_committed: 1124.
num_space_uncommitted: 0.
num_chunks_returned_to_freelist: 12.
num_chunks_taken_from_freelist: 3638.
num_chunk_merges: 9.
num_chunk_splits: 2631.
num_chunks_enlarged: 2032.
num_inconsistent_stats: 0.

CodeHeap 'non-profiled nmethods': size=120000Kb used=3033Kb max_used=3366Kb free=116967Kb
 bounds [0x0000020f5f590000, 0x0000020f5f8e0000, 0x0000020f66ac0000]
CodeHeap 'profiled nmethods': size=120000Kb used=9628Kb max_used=12326Kb free=110372Kb
 bounds [0x0000020f57ac0000, 0x0000020f586d0000, 0x0000020f5eff0000]
CodeHeap 'non-nmethods': size=5760Kb used=1900Kb max_used=1943Kb free=3860Kb
 bounds [0x0000020f5eff0000, 0x0000020f5f260000, 0x0000020f5f590000]
 total_blobs=6268 nmethods=5545 adapters=627
 compilation: enabled
              stopped_count=0, restarted_count=0
 full_count=0

Compilation events (20 events):
Event: 20.401 Thread 0x0000020f6a894b80 nmethod 8771 0x0000020f5f718010 code [0x0000020f5f7181c0, 0x0000020f5f718418]
Event: 20.401 Thread 0x0000020f6a894b80 8810       4       org.antlr.v4.runtime.atn.PredictionContext::getCachedContext (261 bytes)
Event: 20.401 Thread 0x0000020f6a8b8b00 8817       3       org.antlr.v4.runtime.atn.ParserATNSimulator::actionTransition (60 bytes)
Event: 20.402 Thread 0x0000020f6a8b8b00 nmethod 8817 0x0000020f57de5210 code [0x0000020f57de5480, 0x0000020f57de5cc8]
Event: 20.457 Thread 0x0000020f6a8b8b00 8822 %     3       org.antlr.v4.runtime.atn.PredictionMode::hasConflictingAltSet @ 7 (41 bytes)
Event: 20.457 Thread 0x0000020f6a8b8b00 nmethod 8822% 0x0000020f5801ea90 code [0x0000020f5801eca0, 0x0000020f5801f308]
Event: 20.503 Thread 0x0000020f6a8b8b00 8824       2       java.util.concurrent.locks.AbstractQueuedSynchronizer$Node::getAndUnsetStatus (14 bytes)
Event: 20.503 Thread 0x0000020f6a8b8b00 nmethod 8824 0x0000020f57cc0410 code [0x0000020f57cc05c0, 0x0000020f57cc07c0]
Event: 20.503 Thread 0x0000020f6a8b8b00 8825       2       jdk.internal.misc.Unsafe::getAndBitwiseAndInt (27 bytes)
Event: 20.504 Thread 0x0000020f6a8b8b00 nmethod 8825 0x0000020f57fb5d90 code [0x0000020f57fb5f40, 0x0000020f57fb6128]
Event: 20.509 Thread 0x0000020f6a894b80 nmethod 8810 0x0000020f5f88e390 code [0x0000020f5f88e700, 0x0000020f5f8906f8]
Event: 20.509 Thread 0x0000020f6a894b80 8818       4       org.antlr.v4.runtime.atn.SingletonPredictionContext::equals (72 bytes)
Event: 20.510 Thread 0x0000020f6a894b80 nmethod 8818 0x0000020f5f5d4e10 code [0x0000020f5f5d4fa0, 0x0000020f5f5d5120]
Event: 20.510 Thread 0x0000020f6a894b80 8737       4       java.util.LinkedList::node (65 bytes)
Event: 20.512 Thread 0x0000020f6a894b80 nmethod 8737 0x0000020f5f5ec210 code [0x0000020f5f5ec3a0, 0x0000020f5f5ec4f0]
Event: 20.512 Thread 0x0000020f6a894b80 8360       4       org.antlr.v4.runtime.atn.ATNConfigSet$ConfigEqualityComparator::equals (65 bytes)
Event: 20.513 Thread 0x0000020f6a8b8b00 8827       2       org.antlr.v4.runtime.atn.PredictionContextCache::get (14 bytes)
Event: 20.513 Thread 0x0000020f6a8b8b00 nmethod 8827 0x0000020f57da9d90 code [0x0000020f57da9f40, 0x0000020f57daa0b8]
Event: 20.513 Thread 0x0000020f6a894b80 nmethod 8360 0x0000020f5f5a6410 code [0x0000020f5f5a65c0, 0x0000020f5f5a6778]
Event: 20.513 Thread 0x0000020f6a894b80 8826       4       org.antlr.v4.runtime.atn.PredictionContext::getCachedContext (261 bytes)

GC Heap History (20 events):
Event: 17.446 GC heap after
{Heap after GC invocations=18 (full 0):
 garbage-first heap   total 66560K, used 29244K [0x00000000c3a00000, 0x0000000100000000)
  region size 1024K, 5 young (5120K), 5 survivors (5120K)
 Metaspace       used 65214K, committed 65920K, reserved 1114112K
  class space    used 9025K, committed 9344K, reserved 1048576K
}
Event: 17.951 GC heap before
{Heap before GC invocations=18 (full 0):
 garbage-first heap   total 66560K, used 56892K [0x00000000c3a00000, 0x0000000100000000)
  region size 1024K, 32 young (32768K), 5 survivors (5120K)
 Metaspace       used 67016K, committed 67712K, reserved 1114112K
  class space    used 9383K, committed 9728K, reserved 1048576K
}
Event: 17.965 GC heap after
{Heap after GC invocations=19 (full 0):
 garbage-first heap   total 66560K, used 29834K [0x00000000c3a00000, 0x0000000100000000)
  region size 1024K, 2 young (2048K), 2 survivors (2048K)
 Metaspace       used 67016K, committed 67712K, reserved 1114112K
  class space    used 9383K, committed 9728K, reserved 1048576K
}
Event: 18.433 GC heap before
{Heap before GC invocations=19 (full 0):
 garbage-first heap   total 66560K, used 58506K [0x00000000c3a00000, 0x0000000100000000)
  region size 1024K, 31 young (31744K), 2 survivors (2048K)
 Metaspace       used 68791K, committed 69440K, reserved 1114112K
  class space    used 9756K, committed 10048K, reserved 1048576K
}
Event: 18.439 GC heap after
{Heap after GC invocations=20 (full 0):
 garbage-first heap   total 66560K, used 31381K [0x00000000c3a00000, 0x0000000100000000)
  region size 1024K, 3 young (3072K), 3 survivors (3072K)
 Metaspace       used 68791K, committed 69440K, reserved 1114112K
  class space    used 9756K, committed 10048K, reserved 1048576K
}
Event: 19.252 GC heap before
{Heap before GC invocations=20 (full 0):
 garbage-first heap   total 66560K, used 58005K [0x00000000c3a00000, 0x0000000100000000)
  region size 1024K, 30 young (30720K), 3 survivors (3072K)
 Metaspace       used 71209K, committed 71936K, reserved 1114112K
  class space    used 10061K, committed 10368K, reserved 1048576K
}
Event: 19.266 GC heap after
{Heap after GC invocations=21 (full 0):
 garbage-first heap   total 66560K, used 34816K [0x00000000c3a00000, 0x0000000100000000)
  region size 1024K, 4 young (4096K), 4 survivors (4096K)
 Metaspace       used 71209K, committed 71936K, reserved 1114112K
  class space    used 10061K, committed 10368K, reserved 1048576K
}
Event: 19.543 GC heap before
{Heap before GC invocations=22 (full 0):
 garbage-first heap   total 66560K, used 58368K [0x00000000c3a00000, 0x0000000100000000)
  region size 1024K, 27 young (27648K), 4 survivors (4096K)
 Metaspace       used 71209K, committed 71936K, reserved 1114112K
  class space    used 10061K, committed 10368K, reserved 1048576K
}
Event: 19.568 GC heap after
{Heap after GC invocations=23 (full 0):
 garbage-first heap   total 71680K, used 43369K [0x00000000c3a00000, 0x0000000100000000)
  region size 1024K, 4 young (4096K), 4 survivors (4096K)
 Metaspace       used 71209K, committed 71936K, reserved 1114112K
  class space    used 10061K, committed 10368K, reserved 1048576K
}
Event: 19.635 GC heap before
{Heap before GC invocations=23 (full 0):
 garbage-first heap   total 71680K, used 59753K [0x00000000c3a00000, 0x0000000100000000)
  region size 1024K, 20 young (20480K), 4 survivors (4096K)
 Metaspace       used 71209K, committed 71936K, reserved 1114112K
  class space    used 10061K, committed 10368K, reserved 1048576K
}
Event: 19.665 GC heap after
{Heap after GC invocations=24 (full 0):
 garbage-first heap   total 105472K, used 50176K [0x00000000c3a00000, 0x0000000100000000)
  region size 1024K, 3 young (3072K), 3 survivors (3072K)
 Metaspace       used 71209K, committed 71936K, reserved 1114112K
  class space    used 10061K, committed 10368K, reserved 1048576K
}
Event: 19.970 GC heap before
{Heap before GC invocations=24 (full 0):
 garbage-first heap   total 105472K, used 86016K [0x00000000c3a00000, 0x0000000100000000)
  region size 1024K, 37 young (37888K), 3 survivors (3072K)
 Metaspace       used 71211K, committed 71936K, reserved 1114112K
  class space    used 10063K, committed 10368K, reserved 1048576K
}
Event: 19.981 GC heap after
{Heap after GC invocations=25 (full 0):
 garbage-first heap   total 105472K, used 55296K [0x00000000c3a00000, 0x0000000100000000)
  region size 1024K, 4 young (4096K), 4 survivors (4096K)
 Metaspace       used 71211K, committed 71936K, reserved 1114112K
  class space    used 10063K, committed 10368K, reserved 1048576K
}
Event: 20.218 GC heap before
{Heap before GC invocations=25 (full 0):
 garbage-first heap   total 105472K, used 87040K [0x00000000c3a00000, 0x0000000100000000)
  region size 1024K, 35 young (35840K), 4 survivors (4096K)
 Metaspace       used 71212K, committed 71936K, reserved 1114112K
  class space    used 10063K, committed 10368K, reserved 1048576K
}
Event: 20.232 GC heap after
{Heap after GC invocations=26 (full 0):
 garbage-first heap   total 105472K, used 59212K [0x00000000c3a00000, 0x0000000100000000)
  region size 1024K, 5 young (5120K), 5 survivors (5120K)
 Metaspace       used 71212K, committed 71936K, reserved 1114112K
  class space    used 10063K, committed 10368K, reserved 1048576K
}
Event: 20.329 GC heap before
{Heap before GC invocations=26 (full 0):
 garbage-first heap   total 105472K, used 89932K [0x00000000c3a00000, 0x0000000100000000)
  region size 1024K, 35 young (35840K), 5 survivors (5120K)
 Metaspace       used 71212K, committed 71936K, reserved 1114112K
  class space    used 10063K, committed 10368K, reserved 1048576K
}
Event: 20.334 GC heap after
{Heap after GC invocations=27 (full 0):
 garbage-first heap   total 105472K, used 55562K [0x00000000c3a00000, 0x0000000100000000)
  region size 1024K, 1 young (1024K), 1 survivors (1024K)
 Metaspace       used 71212K, committed 71936K, reserved 1114112K
  class space    used 10063K, committed 10368K, reserved 1048576K
}
Event: 20.458 GC heap before
{Heap before GC invocations=28 (full 0):
 garbage-first heap   total 105472K, used 81162K [0x00000000c3a00000, 0x0000000100000000)
  region size 1024K, 34 young (34816K), 1 survivors (1024K)
 Metaspace       used 71212K, committed 71936K, reserved 1114112K
  class space    used 10063K, committed 10368K, reserved 1048576K
}
Event: 20.475 GC heap after
{Heap after GC invocations=29 (full 0):
 garbage-first heap   total 105472K, used 61285K [0x00000000c3a00000, 0x0000000100000000)
  region size 1024K, 5 young (5120K), 5 survivors (5120K)
 Metaspace       used 71212K, committed 71936K, reserved 1114112K
  class space    used 10063K, committed 10368K, reserved 1048576K
}
Event: 20.528 GC heap before
{Heap before GC invocations=29 (full 0):
 garbage-first heap   total 105472K, used 87909K [0x00000000c3a00000, 0x0000000100000000)
  region size 1024K, 30 young (30720K), 5 survivors (5120K)
 Metaspace       used 71213K, committed 71936K, reserved 1114112K
  class space    used 10063K, committed 10368K, reserved 1048576K
}

Dll operation events (13 events):
Event: 0.016 Loaded shared library C:\Program Files\Java\jdk-21\bin\java.dll
Event: 0.064 Loaded shared library C:\Program Files\Java\jdk-21\bin\jsvml.dll
Event: 0.085 Loaded shared library C:\Program Files\Java\jdk-21\bin\net.dll
Event: 0.090 Loaded shared library C:\Program Files\Java\jdk-21\bin\nio.dll
Event: 0.094 Loaded shared library C:\Program Files\Java\jdk-21\bin\zip.dll
Event: 0.176 Loaded shared library C:\Program Files\Java\jdk-21\bin\management.dll
Event: 0.186 Loaded shared library C:\Program Files\Java\jdk-21\bin\management_ext.dll
Event: 0.219 Loaded shared library C:\Program Files\Java\jdk-21\bin\jimage.dll
Event: 2.462 Loaded shared library C:\Program Files\Java\jdk-21\bin\instrument.dll
Event: 2.466 Loaded shared library C:\Program Files\Java\jdk-21\bin\zip.dll
Event: 2.471 Loaded shared library C:\Program Files\Java\jdk-21\bin\instrument.dll
Event: 2.972 Loaded shared library C:\Program Files\Java\jdk-21\bin\verify.dll
Event: 8.580 Loaded shared library C:\Program Files\Java\jdk-21\bin\sunmscapi.dll

Deoptimization events (20 events):
Event: 20.398 Thread 0x0000020f4dcc8f20 Uncommon trap: trap_request=0xffffff45 fr.pc=0x0000020f5f8c3ac0 relative=0x0000000000000100
Event: 20.398 Thread 0x0000020f4dcc8f20 Uncommon trap: reason=unstable_if action=reinterpret pc=0x0000020f5f8c3ac0 method=org.antlr.v4.runtime.atn.SingletonPredictionContext.equals(Ljava/lang/Object;)Z @ 11 c2
Event: 20.398 Thread 0x0000020f4dcc8f20 DEOPT PACKING pc=0x0000020f5f8c3ac0 sp=0x0000009ff7df71c0
Event: 20.398 Thread 0x0000020f4dcc8f20 DEOPT UNPACKING pc=0x0000020f5f047da2 sp=0x0000009ff7df7158 mode 2
Event: 20.512 Thread 0x0000020f4dcc8f20 Uncommon trap: trap_request=0xffffffbe fr.pc=0x0000020f5f8900e8 relative=0x00000000000019e8
Event: 20.512 Thread 0x0000020f4dcc8f20 Uncommon trap: reason=profile_predicate action=maybe_recompile pc=0x0000020f5f8900e8 method=org.antlr.v4.runtime.atn.PredictionContext.getCachedContext(Lorg/antlr/v4/runtime/atn/PredictionContext;Lorg/antlr/v4/runtime/atn/PredictionContextCache;Ljava/util
Event: 20.512 Thread 0x0000020f4dcc8f20 DEOPT PACKING pc=0x0000020f5f8900e8 sp=0x0000009ff7df9a30
Event: 20.512 Thread 0x0000020f4dcc8f20 DEOPT UNPACKING pc=0x0000020f5f047da2 sp=0x0000009ff7df99e0 mode 2
Event: 20.512 Thread 0x0000020f4dcc8f20 Uncommon trap: trap_request=0xffffffbe fr.pc=0x0000020f5f8900e8 relative=0x00000000000019e8
Event: 20.512 Thread 0x0000020f4dcc8f20 Uncommon trap: reason=profile_predicate action=maybe_recompile pc=0x0000020f5f8900e8 method=org.antlr.v4.runtime.atn.PredictionContext.getCachedContext(Lorg/antlr/v4/runtime/atn/PredictionContext;Lorg/antlr/v4/runtime/atn/PredictionContextCache;Ljava/util
Event: 20.512 Thread 0x0000020f4dcc8f20 DEOPT PACKING pc=0x0000020f5f8900e8 sp=0x0000009ff7df99a0
Event: 20.512 Thread 0x0000020f4dcc8f20 DEOPT UNPACKING pc=0x0000020f5f047da2 sp=0x0000009ff7df9950 mode 2
Event: 20.512 Thread 0x0000020f4dcc8f20 Uncommon trap: trap_request=0xffffffbe fr.pc=0x0000020f5f8900e8 relative=0x00000000000019e8
Event: 20.512 Thread 0x0000020f4dcc8f20 Uncommon trap: reason=profile_predicate action=maybe_recompile pc=0x0000020f5f8900e8 method=org.antlr.v4.runtime.atn.PredictionContext.getCachedContext(Lorg/antlr/v4/runtime/atn/PredictionContext;Lorg/antlr/v4/runtime/atn/PredictionContextCache;Ljava/util
Event: 20.512 Thread 0x0000020f4dcc8f20 DEOPT PACKING pc=0x0000020f5f8900e8 sp=0x0000009ff7df98e0
Event: 20.512 Thread 0x0000020f4dcc8f20 DEOPT UNPACKING pc=0x0000020f5f047da2 sp=0x0000009ff7df98a8 mode 2
Event: 20.512 Thread 0x0000020f4dcc8f20 Uncommon trap: trap_request=0xffffffbe fr.pc=0x0000020f5f8900e8 relative=0x00000000000019e8
Event: 20.512 Thread 0x0000020f4dcc8f20 Uncommon trap: reason=profile_predicate action=maybe_recompile pc=0x0000020f5f8900e8 method=org.antlr.v4.runtime.atn.PredictionContext.getCachedContext(Lorg/antlr/v4/runtime/atn/PredictionContext;Lorg/antlr/v4/runtime/atn/PredictionContextCache;Ljava/util
Event: 20.512 Thread 0x0000020f4dcc8f20 DEOPT PACKING pc=0x0000020f5f8900e8 sp=0x0000009ff7df97b0
Event: 20.512 Thread 0x0000020f4dcc8f20 DEOPT UNPACKING pc=0x0000020f5f047da2 sp=0x0000009ff7df9760 mode 2

Classes loaded (20 events):
Event: 19.073 Loading class org/springframework/beans/factory/annotation/AutowiredAnnotationBeanPostProcessor$ShortcutDependencyDescriptor
Event: 19.073 Loading class org/springframework/beans/factory/annotation/AutowiredAnnotationBeanPostProcessor$ShortcutDependencyDescriptor done
Event: 19.124 Loading class com/application/API_E_commerce/domain/address/Address
Event: 19.124 Loading class com/application/API_E_commerce/domain/address/Address done
Event: 19.129 Loading class com/application/API_E_commerce/domain/payment/Payment
Event: 19.129 Loading class com/application/API_E_commerce/domain/payment/Payment done
Event: 19.135 Loading class com/application/API_E_commerce/domain/product/dtos/ProductFiltersCriteria
Event: 19.135 Loading class com/application/API_E_commerce/domain/product/dtos/ProductFiltersCriteria done
Event: 19.180 Loading class org/springframework/data/domain/Range$Bound
Event: 19.180 Loading class org/springframework/data/domain/Range$Bound done
Event: 19.183 Loading class org/springframework/data/domain/Range$RangeBuilder
Event: 19.183 Loading class org/springframework/data/domain/Range$RangeBuilder done
Event: 19.184 Loading class org/springframework/data/domain/Range
Event: 19.184 Loading class org/springframework/data/domain/Range done
Event: 19.185 Loading class org/springframework/data/domain/Range
Event: 19.185 Loading class org/springframework/data/domain/Range done
Event: 19.186 Loading class org/springframework/data/jpa/repository/query/ParameterBinding$MethodInvocationArgument
Event: 19.186 Loading class org/springframework/data/jpa/repository/query/ParameterBinding$MethodInvocationArgument done
Event: 19.796 Loading class org/antlr/v4/runtime/dfa/DFAState$PredPrediction
Event: 19.796 Loading class org/antlr/v4/runtime/dfa/DFAState$PredPrediction done

Classes unloaded (1 events):
Event: 10.183 Thread 0x0000020f4dd8c890 Unloading class 0x0000020f01203000 'net/bytebuddy/mirror/AccessibleObject'

Classes redefined (1 events):
Event: 3.853 Thread 0x0000020f4dd8c890 redefined class name=com.application.API_E_commerce.domain.category.ports.repository.CategoryRepositoryPort, count=1

Internal exceptions (20 events):
Event: 16.327 Thread 0x0000020f4dcc8f20 Exception <a 'java/lang/NoSuchMethodError'{0x00000000c6f878f0}: 'void java.lang.invoke.DirectMethodHandle$Holder.invokeSpecial(java.lang.Object, java.lang.Object, java.lang.Object, java.lang.Object, java.lang.Object, java.lang.Object, java.lang.Object, java.lang.Object)'> (0x00000000c6f878f0) 
thrown [s\open\src\hotspot\share\interpreter\linkResolver.cpp, line 773]
Event: 16.355 Thread 0x0000020f4dcc8f20 Exception <a 'java/lang/NoSuchMethodError'{0x00000000c7a44908}: 'void java.lang.invoke.DirectMethodHandle$Holder.invokeSpecial(java.lang.Object, java.lang.Object, int, java.lang.Object)'> (0x00000000c7a44908) 
thrown [s\open\src\hotspot\share\interpreter\linkResolver.cpp, line 773]
Event: 16.356 Thread 0x0000020f4dcc8f20 Exception <a 'java/lang/NoSuchMethodError'{0x00000000c7a4b190}: 'java.lang.Object java.lang.invoke.DirectMethodHandle$Holder.newInvokeSpecial(java.lang.Object, java.lang.Object, int)'> (0x00000000c7a4b190) 
thrown [s\open\src\hotspot\share\interpreter\linkResolver.cpp, line 773]
Event: 16.357 Thread 0x0000020f4dcc8f20 Exception <a 'java/lang/IncompatibleClassChangeError'{0x00000000c7a4f1c0}: Found class java.lang.Object, but interface was expected> (0x00000000c7a4f1c0) 
thrown [s\open\src\hotspot\share\interpreter\linkResolver.cpp, line 840]
Event: 16.424 Thread 0x0000020f4dcc8f20 Exception <a 'java/lang/NoSuchMethodError'{0x00000000c78109e0}: 'int java.lang.invoke.DirectMethodHandle$Holder.invokeStatic(java.lang.Object, int, java.lang.Object)'> (0x00000000c78109e0) 
thrown [s\open\src\hotspot\share\interpreter\linkResolver.cpp, line 773]
Event: 16.427 Thread 0x0000020f4dcc8f20 Exception <a 'java/lang/NoSuchMethodError'{0x00000000c78326e8}: 'java.lang.Object java.lang.invoke.DirectMethodHandle$Holder.newInvokeSpecial(java.lang.Object, java.lang.Object, java.lang.Object, java.lang.Object, java.lang.Object, int, java.lang.Object)'> (0x00000000c78326e8) 
thrown [s\open\src\hotspot\share\interpreter\linkResolver.cpp, line 773]
Event: 16.435 Thread 0x0000020f4dcc8f20 Exception <a 'java/lang/NoSuchMethodError'{0x00000000c7872a78}: 'java.lang.Object java.lang.invoke.DirectMethodHandle$Holder.newInvokeSpecial(java.lang.Object, java.lang.Object, java.lang.Object, java.lang.Object, java.lang.Object, java.lang.Object, java.lang.Object, java.lang.Object, java.lang.Object, java.lang.Object, java.lang.Object, java.lang.Object)'> (0x00000000c7872a78) 
thrown [s\open\src\hotspot\share\interpreter\linkResolver.cpp, line 773]
Event: 16.435 Thread 0x0000020f4dcc8f20 Exception <a 'java/lang/NoSuchMethodError'{0x00000000c7877b20}: 'java.lang.Object java.lang.invoke.DirectMethodHandle$Holder.invokeSpecial(java.lang.Object, java.lang.Object, java.lang.Object, java.lang.Object, java.lang.Object, java.lang.Object, java.lang.Object, java.lang.Object, java.lang.Object, java.lang.Object, java.lang.Object, java.lang.Object, java.lang.Object)'> (0x00000000c7877b20) 
thrown [s\open\src\hotspot\share\interpreter\linkResolver.cpp, line 773]
Event: 16.436 Thread 0x0000020f4dcc8f20 Exception <a 'java/lang/NoSuchMethodError'{0x00000000c787c558}: 'java.lang.Object java.lang.invoke.Invokers$Holder.linkToTargetMethod(java.lang.Object, java.lang.Object, java.lang.Object, java.lang.Object, java.lang.Object, java.lang.Object, java.lang.Object, java.lang.Object, java.lang.Object, java.lang.Object, java.lang.Object, java.lang.Object)'> (0x00000000c787c558) 
thrown [s\open\src\hotspot\share\interpreter\linkResolver.cpp, line 773]
Event: 16.530 Thread 0x0000020f4dcc8f20 Exception <a 'java/lang/IncompatibleClassChangeError'{0x00000000c7685828}: Found class java.lang.Object, but interface was expected> (0x00000000c7685828) 
thrown [s\open\src\hotspot\share\interpreter\linkResolver.cpp, line 840]
Event: 16.548 Thread 0x0000020f4dcc8f20 Exception <a 'java/lang/NoSuchMethodError'{0x00000000c7517258}: 'java.lang.Object java.lang.invoke.DirectMethodHandle$Holder.newInvokeSpecial(java.lang.Object, java.lang.Object, int, java.lang.Object, int, java.lang.Object, java.lang.Object)'> (0x00000000c7517258) 
thrown [s\open\src\hotspot\share\interpreter\linkResolver.cpp, line 773]
Event: 16.556 Thread 0x0000020f4dcc8f20 Exception <a 'java/lang/NoSuchMethodError'{0x00000000c7573da8}: 'java.lang.Object java.lang.invoke.DirectMethodHandle$Holder.newInvokeSpecial(java.lang.Object, java.lang.Object, java.lang.Object, java.lang.Object, java.lang.Object, java.lang.Object, java.lang.Object, int)'> (0x00000000c7573da8) 
thrown [s\open\src\hotspot\share\interpreter\linkResolver.cpp, line 773]
Event: 16.556 Thread 0x0000020f4dcc8f20 Exception <a 'java/lang/NoSuchMethodError'{0x00000000c7578b18}: 'java.lang.Object java.lang.invoke.DirectMethodHandle$Holder.invokeSpecial(java.lang.Object, java.lang.Object, java.lang.Object, java.lang.Object, java.lang.Object, java.lang.Object, java.lang.Object, java.lang.Object, int)'> (0x00000000c7578b18) 
thrown [s\open\src\hotspot\share\interpreter\linkResolver.cpp, line 773]
Event: 16.557 Thread 0x0000020f4dcc8f20 Exception <a 'java/lang/NoSuchMethodError'{0x00000000c757d340}: 'java.lang.Object java.lang.invoke.Invokers$Holder.linkToTargetMethod(java.lang.Object, java.lang.Object, java.lang.Object, java.lang.Object, java.lang.Object, java.lang.Object, int, java.lang.Object)'> (0x00000000c757d340) 
thrown [s\open\src\hotspot\share\interpreter\linkResolver.cpp, line 773]
Event: 16.799 Thread 0x0000020f4dcc8f20 Exception <a 'java/lang/NoSuchMethodError'{0x00000000c6a48e10}: 'void java.lang.invoke.Invokers$Holder.invokeExact_MT(java.lang.Object, java.lang.Object, java.lang.Object, java.lang.Object)'> (0x00000000c6a48e10) 
thrown [s\open\src\hotspot\share\interpreter\linkResolver.cpp, line 773]
Event: 16.819 Thread 0x0000020f4dcc8f20 Implicit null exception at 0x0000020f5f5cd9f7 to 0x0000020f5f5cdc60
Event: 16.903 Thread 0x0000020f4dcc8f20 Exception <a 'java/lang/IncompatibleClassChangeError'{0x00000000c66b9668}: Found class java.lang.Object, but interface was expected> (0x00000000c66b9668) 
thrown [s\open\src\hotspot\share\interpreter\linkResolver.cpp, line 840]
Event: 16.972 Thread 0x0000020f4dcc8f20 Exception <a 'java/lang/IncompatibleClassChangeError'{0x00000000c6491050}: Found class java.lang.Object, but interface was expected> (0x00000000c6491050) 
thrown [s\open\src\hotspot\share\interpreter\linkResolver.cpp, line 840]
Event: 17.251 Thread 0x0000020f4dcc8f20 Exception <a 'java/lang/IncompatibleClassChangeError'{0x00000000c5dd7f50}: Found class java.lang.Object, but interface was expected> (0x00000000c5dd7f50) 
thrown [s\open\src\hotspot\share\interpreter\linkResolver.cpp, line 840]
Event: 18.855 Thread 0x0000020f4dcc8f20 Exception <a 'java/lang/NoSuchMethodError'{0x00000000c6c19960}: 'int java.lang.invoke.DirectMethodHandle$Holder.invokeStaticInit(java.lang.Object, int, java.lang.Object, java.lang.Object, java.lang.Object, java.lang.Object)'> (0x00000000c6c19960) 
thrown [s\open\src\hotspot\share\interpreter\linkResolver.cpp, line 773]

ZGC Phase Switch (0 events):
No events

VM Operations (20 events):
Event: 19.362 Executing VM operation: G1PauseRemark done
Event: 19.390 Executing VM operation: G1PauseCleanup
Event: 19.390 Executing VM operation: G1PauseCleanup done
Event: 19.543 Executing VM operation: G1CollectForAllocation (G1 Evacuation Pause)
Event: 19.568 Executing VM operation: G1CollectForAllocation (G1 Evacuation Pause) done
Event: 19.635 Executing VM operation: G1CollectForAllocation (G1 Evacuation Pause)
Event: 19.665 Executing VM operation: G1CollectForAllocation (G1 Evacuation Pause) done
Event: 19.970 Executing VM operation: G1CollectForAllocation (G1 Evacuation Pause)
Event: 19.981 Executing VM operation: G1CollectForAllocation (G1 Evacuation Pause) done
Event: 20.218 Executing VM operation: G1CollectForAllocation (G1 Evacuation Pause)
Event: 20.232 Executing VM operation: G1CollectForAllocation (G1 Evacuation Pause) done
Event: 20.329 Executing VM operation: G1CollectForAllocation (G1 Evacuation Pause)
Event: 20.334 Executing VM operation: G1CollectForAllocation (G1 Evacuation Pause) done
Event: 20.413 Executing VM operation: G1PauseRemark
Event: 20.419 Executing VM operation: G1PauseRemark done
Event: 20.444 Executing VM operation: G1PauseCleanup
Event: 20.444 Executing VM operation: G1PauseCleanup done
Event: 20.458 Executing VM operation: G1CollectForAllocation (G1 Evacuation Pause)
Event: 20.475 Executing VM operation: G1CollectForAllocation (G1 Evacuation Pause) done
Event: 20.528 Executing VM operation: G1CollectForAllocation (G1 Evacuation Pause)

Events (20 events):
Event: 20.419 Thread 0x0000020f4dd8c890 flushing nmethod 0x0000020f5f8ac010
Event: 20.419 Thread 0x0000020f4dd8c890 flushing nmethod 0x0000020f5f89b510
Event: 20.419 Thread 0x0000020f4dd8c890 flushing nmethod 0x0000020f5f894410
Event: 20.419 Thread 0x0000020f4dd8c890 flushing nmethod 0x0000020f5f88d810
Event: 20.419 Thread 0x0000020f4dd8c890 flushing nmethod 0x0000020f5f858290
Event: 20.419 Thread 0x0000020f4dd8c890 flushing nmethod 0x0000020f5f80ab10
Event: 20.419 Thread 0x0000020f4dd8c890 flushing nmethod 0x0000020f5f7f8b90
Event: 20.419 Thread 0x0000020f4dd8c890 flushing nmethod 0x0000020f5f7f6c10
Event: 20.419 Thread 0x0000020f4dd8c890 flushing nmethod 0x0000020f5f787e90
Event: 20.419 Thread 0x0000020f4dd8c890 flushing nmethod 0x0000020f5f77e490
Event: 20.419 Thread 0x0000020f4dd8c890 flushing nmethod 0x0000020f5f775510
Event: 20.419 Thread 0x0000020f4dd8c890 flushing nmethod 0x0000020f5f753690
Event: 20.419 Thread 0x0000020f4dd8c890 flushing nmethod 0x0000020f5f762010
Event: 20.419 Thread 0x0000020f4dd8c890 flushing nmethod 0x0000020f5f6f0790
Event: 20.419 Thread 0x0000020f4dd8c890 flushing nmethod 0x0000020f5f6c7590
Event: 20.419 Thread 0x0000020f4dd8c890 flushing nmethod 0x0000020f5f686810
Event: 20.419 Thread 0x0000020f4dd8c890 flushing nmethod 0x0000020f5f5ec210
Event: 20.419 Thread 0x0000020f4dd8c890 flushing nmethod 0x0000020f5f5d4e10
Event: 20.419 Thread 0x0000020f4dd8c890 flushing nmethod 0x0000020f5f5cd710
Event: 20.419 Thread 0x0000020f4dd8c890 flushing nmethod 0x0000020f5f5a6410


Dynamic libraries:
0x00007ff6f8200000 - 0x00007ff6f8210000 	C:\Program Files\Java\jdk-21\bin\java.exe
0x00007ff8bade0000 - 0x00007ff8bb043000 	C:\WINDOWS\SYSTEM32\ntdll.dll
0x00007ff8ba140000 - 0x00007ff8ba207000 	C:\WINDOWS\System32\KERNEL32.DLL
0x00007ff8b8850000 - 0x00007ff8b8c17000 	C:\WINDOWS\System32\KERNELBASE.dll
0x00007ff8b8700000 - 0x00007ff8b884c000 	C:\WINDOWS\System32\ucrtbase.dll
0x00007ff8aabf0000 - 0x00007ff8aac09000 	C:\Program Files\Java\jdk-21\bin\jli.dll
0x00007ff8b2d30000 - 0x00007ff8b2d4b000 	C:\Program Files\Java\jdk-21\bin\VCRUNTIME140.dll
0x00007ff8b95b0000 - 0x00007ff8b9664000 	C:\WINDOWS\System32\ADVAPI32.dll
0x00007ff8b9840000 - 0x00007ff8b98e9000 	C:\WINDOWS\System32\msvcrt.dll
0x00007ff8b96c0000 - 0x00007ff8b9766000 	C:\WINDOWS\System32\sechost.dll
0x00007ff8b9e90000 - 0x00007ff8b9fa6000 	C:\WINDOWS\System32\RPCRT4.dll
0x00007ff8ba740000 - 0x00007ff8ba909000 	C:\WINDOWS\System32\USER32.dll
0x00007ff8a5160000 - 0x00007ff8a53f0000 	C:\WINDOWS\WinSxS\amd64_microsoft.windows.common-controls_6595b64144ccf1df_6.0.26100.3037_none_3e09262ce333c378\COMCTL32.dll
0x00007ff8b84f0000 - 0x00007ff8b8517000 	C:\WINDOWS\System32\win32u.dll
0x00007ff8ba110000 - 0x00007ff8ba13a000 	C:\WINDOWS\System32\GDI32.dll
0x00007ff8b85d0000 - 0x00007ff8b86fb000 	C:\WINDOWS\System32\gdi32full.dll
0x00007ff8b8520000 - 0x00007ff8b85c3000 	C:\WINDOWS\System32\msvcp_win.dll
0x00007ff8b0d90000 - 0x00007ff8b0d9b000 	C:\WINDOWS\SYSTEM32\VERSION.dll
0x00007ff8b9670000 - 0x00007ff8b969f000 	C:\WINDOWS\System32\IMM32.DLL
0x00007ff8aabe0000 - 0x00007ff8aabec000 	C:\Program Files\Java\jdk-21\bin\vcruntime140_1.dll
0x00007ff890ad0000 - 0x00007ff890b5e000 	C:\Program Files\Java\jdk-21\bin\msvcp140.dll
0x00007ff8715c0000 - 0x00007ff8722d5000 	C:\Program Files\Java\jdk-21\bin\server\jvm.dll
0x00007ff8b98f0000 - 0x00007ff8b9964000 	C:\WINDOWS\System32\WS2_32.dll
0x00007ff8b8010000 - 0x00007ff8b805e000 	C:\WINDOWS\SYSTEM32\POWRPROF.dll
0x00007ff89f0c0000 - 0x00007ff89f0f6000 	C:\WINDOWS\SYSTEM32\WINMM.dll
0x00007ff8b7ff0000 - 0x00007ff8b8004000 	C:\WINDOWS\SYSTEM32\UMPDC.dll
0x00007ff8b6f90000 - 0x00007ff8b6faa000 	C:\WINDOWS\SYSTEM32\kernel.appcore.dll
0x00007ff8aa980000 - 0x00007ff8aa98a000 	C:\Program Files\Java\jdk-21\bin\jimage.dll
0x00007ff8b5920000 - 0x00007ff8b5b61000 	C:\WINDOWS\SYSTEM32\DBGHELP.DLL
0x00007ff8ba990000 - 0x00007ff8bad0e000 	C:\WINDOWS\System32\combase.dll
0x00007ff8ba210000 - 0x00007ff8ba2e6000 	C:\WINDOWS\System32\OLEAUT32.dll
0x00007ff89efd0000 - 0x00007ff89f009000 	C:\WINDOWS\SYSTEM32\dbgcore.DLL
0x00007ff8b8450000 - 0x00007ff8b84e9000 	C:\WINDOWS\System32\bcryptPrimitives.dll
0x00007ff8a9020000 - 0x00007ff8a903f000 	C:\Program Files\Java\jdk-21\bin\java.dll
0x00007ff8b8d10000 - 0x00007ff8b9414000 	C:\WINDOWS\System32\SHELL32.dll
0x00007ff8b5e60000 - 0x00007ff8b6697000 	C:\WINDOWS\SYSTEM32\windows.storage.dll
0x00007ff8b8c20000 - 0x00007ff8b8d09000 	C:\WINDOWS\System32\SHCORE.dll
0x00007ff8ba930000 - 0x00007ff8ba98d000 	C:\WINDOWS\System32\shlwapi.dll
0x00007ff8b8090000 - 0x00007ff8b80be000 	C:\WINDOWS\SYSTEM32\profapi.dll
0x00007ff890590000 - 0x00007ff890667000 	C:\Program Files\Java\jdk-21\bin\jsvml.dll
0x00007ff8a8ee0000 - 0x00007ff8a8ef0000 	C:\Program Files\Java\jdk-21\bin\net.dll
0x00007ff8afe60000 - 0x00007ff8aff7e000 	C:\WINDOWS\SYSTEM32\WINHTTP.dll
0x00007ff8b74c0000 - 0x00007ff8b7528000 	C:\WINDOWS\system32\mswsock.dll
0x00007ff8a40c0000 - 0x00007ff8a40d6000 	C:\Program Files\Java\jdk-21\bin\nio.dll
0x00007ff8a8ab0000 - 0x00007ff8a8ac8000 	C:\Program Files\Java\jdk-21\bin\zip.dll
0x00007ff8a3bb0000 - 0x00007ff8a3bba000 	C:\Program Files\Java\jdk-21\bin\management.dll
0x00007ff8a2e30000 - 0x00007ff8a2e3b000 	C:\Program Files\Java\jdk-21\bin\management_ext.dll
0x00007ff8ba910000 - 0x00007ff8ba918000 	C:\WINDOWS\System32\PSAPI.DLL
0x00007ff8a97a0000 - 0x00007ff8a97af000 	C:\Program Files\Java\jdk-21\bin\instrument.dll
0x00007ff8b7760000 - 0x00007ff8b777c000 	C:\WINDOWS\SYSTEM32\CRYPTSP.dll
0x00007ff8b6ee0000 - 0x00007ff8b6f18000 	C:\WINDOWS\system32\rsaenh.dll
0x00007ff8b7560000 - 0x00007ff8b758b000 	C:\WINDOWS\SYSTEM32\USERENV.dll
0x00007ff8b79a0000 - 0x00007ff8b79c6000 	C:\WINDOWS\SYSTEM32\bcrypt.dll
0x00007ff8b7780000 - 0x00007ff8b778c000 	C:\WINDOWS\SYSTEM32\CRYPTBASE.dll
0x00007ff8b69f0000 - 0x00007ff8b6a22000 	C:\WINDOWS\SYSTEM32\IPHLPAPI.DLL
0x00007ff8ba920000 - 0x00007ff8ba92a000 	C:\WINDOWS\System32\NSI.dll
0x00007ff8a5610000 - 0x00007ff8a5620000 	C:\Program Files\Java\jdk-21\bin\verify.dll
0x00007ff8a2e20000 - 0x00007ff8a2e2e000 	C:\Program Files\Java\jdk-21\bin\sunmscapi.dll
0x00007ff8b8180000 - 0x00007ff8b82f6000 	C:\WINDOWS\System32\CRYPT32.dll
0x00007ff8b7960000 - 0x00007ff8b7990000 	C:\WINDOWS\SYSTEM32\ncrypt.dll
0x00007ff8b7910000 - 0x00007ff8b794f000 	C:\WINDOWS\SYSTEM32\NTASN1.dll

dbghelp: loaded successfully - version: 4.0.5 - missing functions: none
symbol engine: initialized successfully - sym options: 0x614 - pdb path: .;C:\Program Files\Java\jdk-21\bin;C:\WINDOWS\SYSTEM32;C:\WINDOWS\WinSxS\amd64_microsoft.windows.common-controls_6595b64144ccf1df_6.0.26100.3037_none_3e09262ce333c378;C:\Program Files\Java\jdk-21\bin\server

VM Arguments:
java_command: C:\Users\USER\AppData\Local\Temp\surefire3283465956348190312\surefirebooter-20250208161506458_3.jar C:\Users\USER\AppData\Local\Temp\surefire3283465956348190312 2025-02-08T16-15-06_070-jvmRun1 surefire-20250208161506458_1tmp surefire_0-20250208161506458_2tmp
java_class_path (initial): C:\Users\USER\AppData\Local\Temp\surefire3283465956348190312\surefirebooter-20250208161506458_3.jar
Launcher Type: SUN_STANDARD

[Global flags]
     intx CICompilerCount                          = 3                                         {product} {ergonomic}
     uint ConcGCThreads                            = 1                                         {product} {ergonomic}
     uint G1ConcRefinementThreads                  = 4                                         {product} {ergonomic}
   size_t G1HeapRegionSize                         = 1048576                                   {product} {ergonomic}
    uintx GCDrainStackTargetSize                   = 64                                        {product} {ergonomic}
   size_t InitialHeapSize                          = 65011712                                  {product} {ergonomic}
   size_t MarkStackSize                            = 4194304                                   {product} {ergonomic}
   size_t MaxHeapSize                              = 1012924416                                {product} {ergonomic}
   size_t MaxNewSize                               = 607125504                                 {product} {ergonomic}
   size_t MinHeapDeltaBytes                        = 1048576                                   {product} {ergonomic}
   size_t MinHeapSize                              = 8388608                                   {product} {ergonomic}
    uintx NonNMethodCodeHeapSize                   = 5832780                                {pd product} {ergonomic}
    uintx NonProfiledCodeHeapSize                  = 122912730                              {pd product} {ergonomic}
    uintx ProfiledCodeHeapSize                     = 122912730                              {pd product} {ergonomic}
    uintx ReservedCodeCacheSize                    = 251658240                              {pd product} {ergonomic}
     bool SegmentedCodeCache                       = true                                      {product} {ergonomic}
   size_t SoftMaxHeapSize                          = 1012924416                             {manageable} {ergonomic}
     bool UseCompressedOops                        = true                           {product lp64_product} {ergonomic}
     bool UseG1GC                                  = true                                      {product} {ergonomic}
     bool UseLargePagesIndividualAllocation        = false                                  {pd product} {ergonomic}

Logging:
Log output configuration:
 #0: stdout all=warning uptime,level,tags foldmultilines=false
 #1: stderr all=off uptime,level,tags foldmultilines=false

Environment Variables:
JAVA_HOME=C:\Program Files\Java\jdk-21
PATH=C:\Program Files\glzr.io\GlazeWM\/cli;C:\Program Files\Common Files\Oracle\Java\javapath;C:\WINDOWS\system32;C:\WINDOWS;C:\WINDOWS\System32\Wbem;C:\WINDOWS\System32\WindowsPowerShell\v1.0\;C:\WINDOWS\System32\OpenSSH\;C:\MinGW\bin;C:\Program Files\Java\jdk-17\bin;C:\Users\USER\AppData\Roaming\nvm;C:\Program Files\nodejs;C:\Program Files\dotnet\;C:\Program Files\MongoDB\mongosh-2.0.2-win32-x64\bin;C:\Users\USER\Downloads\apache-maven-3.8.8-bin.zip\apache-maven-3.8.8\bin;C:\Program Files\Docker\Docker\resources\bin;C:\Program Files\Git\cmd;C:\Program Files\komorebi\bin\;C:\Program Files\whkd\bin\;C:\Program Files\glzr.io\Zebar\;C:\Program Files\nodejs\;C:\Program Files\PowerShell\7\;c:\Users\USER\AppData\Local\Programs\cursor\resources\app\bin;C:\ProgramData\chocolatey\bin;C:\ProgramData\chocolatey\lib\maven\apache-maven-3.9.9\bin;;%SystemRoot%\system32;%SystemRoot%;%SystemRoot%\System32\Wbem;%SYSTEMROOT%\System32\WindowsPowerShell\v1.0\;%SYSTEMROOT%\System32\OpenSSH\;C:\Users\USER\AppData\Local\Programs\oh-my-posh\bin\;C:\Program Files\Java\jdk-21\bin;C:\Program Files\glzr.io\GlazeWM\/cli;C:\Program Files\Common Files\Oracle\Java\javapath;C:\WINDOWS\system32;C:\WINDOWS;C:\WINDOWS\System32\Wbem;C:\WINDOWS\System32\WindowsPowerShell\v1.0\;C:\WINDOWS\System32\OpenSSH\;C:\MinGW\bin;C:\Program Files\Java\jdk-17\bin;C:\Users\USER\AppData\Roaming\nvm;C:\Program Files\nodejs;C:\Program Files\dotnet\;C:\Program Files\MongoDB\mongosh-2.0.2-win32-x64\bin;C:\Users\USER\Downloads\apache-maven-3.8.8-bin.zip\apache-maven-3.8.8\bin;C:\Program Files\Docker\Docker\resources\bin;C:\Program Files\Git\cmd;C:\Program Files\komorebi\bin\;C:\Program Files\whkd\bin\;C:\Program Files\glzr.io\Zebar\;C:\Program Files\nodejs\;C:\Program Files\PowerShell\7\;c:\Users\USER\AppData\Local\Programs\cursor\resources\app\bin;C:\ProgramData\chocolatey\bin;C:\ProgramData\chocolatey\lib\maven\apache-maven-3.9.9\bin;;%SystemRoot%\system32;%SystemRoot%;%SystemRoot%\System32\Wbem;%SYSTEMROOT%\System32\WindowsPowerShell\v1.0\;%SYSTEMROOT%\System32\OpenSSH\;C:\Users\USER\hyper\resources\bin;C:\Users\USER\AppData\Local\Microsoft\WindowsApps;C:\Users\USER\AppData\Local\Programs\VS Code\bin
USERNAME=USER
OS=Windows_NT
PROCESSOR_IDENTIFIER=Intel64 Family 6 Model 126 Stepping 5, GenuineIntel
TMP=C:\Users\USER\AppData\Local\Temp
TEMP=C:\Users\USER\AppData\Local\Temp




Periodic native trim disabled

---------------  S Y S T E M  ---------------

OS:
 Windows 11 , 64 bit Build 26100 (10.0.26100.3037)
OS uptime: 1 days 21:10 hours
Hyper-V role detected

CPU: total 4 (initial active 4) (2 cores per cpu, 2 threads per core) family 6 model 126 stepping 5 microcode 0xc6, cx8, cmov, fxsr, ht, mmx, 3dnowpref, sse, sse2, sse3, ssse3, sse4.1, sse4.2, popcnt, lzcnt, tsc, tscinvbit, avx, avx2, aes, erms, clmul, bmi1, bmi2, adx, avx512f, avx512dq, avx512cd, avx512bw, avx512vl, sha, fma, vzeroupper, avx512_vpopcntdq, avx512_vpclmulqdq, avx512_vaes, avx512_vnni, clflush, clflushopt, avx512_vbmi2, avx512_vbmi, hv, rdtscp, rdpid, fsrm, gfni, avx512_bitalg, f16c, avx512_ifma
Processor Information for all 4 processors :
  Max Mhz: 1190, Current Mhz: 1190, Mhz Limit: 1190

Memory: 4k page, system-wide physical 3862M (347M free)
TotalPageFile size 15638M (AvailPageFile size 156M)
current process WorkingSet (physical memory assigned to process): 226M, peak: 274M
current process commit charge ("private bytes"): 314M, peak: 487M

vm_info: Java HotSpot(TM) 64-Bit Server VM (21.0.1+12-LTS-29) for windows-amd64 JRE (21.0.1+12-LTS-29), built on 2023-10-05T13:27:09Z by "mach5one" with MS VC++ 17.1 (VS2022)

END.
